#
# There is insufficient memory for the Java Runtime Environment to continue.
# Native memory allocation (malloc) failed to allocate 32744 bytes for Chunk::new
# Possible reasons:
#   The system is out of physical RAM or swap space
#   The process is running with CompressedOops enabled, and the Java Heap may be blocking the growth of the native heap
# Possible solutions:
#   Reduce memory load on the system
#   Increase physical memory or swap space
#   Check if swap backing store is full
#   Decrease Java heap size (-Xmx/-Xms)
#   Decrease number of Java threads
#   Decrease Java thread stack sizes (-Xss)
#   Set larger code cache with -XX:ReservedCodeCacheSize=
#   JVM is running with Unscaled Compressed Oops mode in which the Java heap is
#     placed in the first 4GB address space. The Java Heap base address is the
#     maximum limit for the native heap growth. Please use -XX:HeapBaseMinAddress
#     to set the Java Heap base and to place the Java Heap above 4GB virtual address.
# This output file may be truncated or incomplete.
#
#  Out of Memory Error (arena.cpp:168), pid=21768, tid=20672
#
# JRE version: OpenJDK Runtime Environment (21.0.1+12) (build 21.0.1+12-29)
# Java VM: OpenJDK 64-Bit Server VM (21.0.1+12-29, mixed mode, sharing, tiered, compressed oops, compressed class ptrs, g1 gc, windows-amd64)
# No core dump will be written. Minidumps are not enabled by default on client versions of Windows
#

---------------  S U M M A R Y ------------

Command Line: --add-opens=java.base/java.util=ALL-UNNAMED --add-opens=java.base/java.lang=ALL-UNNAMED --add-opens=java.base/java.lang.invoke=ALL-UNNAMED --add-opens=java.prefs/java.util.prefs=ALL-UNNAMED --add-opens=java.base/java.nio.charset=ALL-UNNAMED --add-opens=java.base/java.net=ALL-UNNAMED --add-opens=java.base/java.util.concurrent.atomic=ALL-UNNAMED -XX:MaxMetaspaceSize=384m -XX:+HeapDumpOnOutOfMemoryError -Xms256m -Xmx512m -Dfile.encoding=windows-1252 -Duser.country=US -Duser.language=en -Duser.variant -javaagent:C:\Users\Admin\.gradle\wrapper\dists\gradle-8.6-bin\afr5mpiioh2wthjmwnkmdsd5w\gradle-8.6\lib\agents\gradle-instrumentation-agent-8.6.jar org.gradle.launcher.daemon.bootstrap.GradleDaemon 8.6

Host: AMD Ryzen 5 4600H with Radeon Graphics         , 12 cores, 7G,  Windows 10 , 64 bit Build 19041 (10.0.19041.3636)
Time: Wed Mar 27 09:06:52 2024 SE Asia Standard Time elapsed time: 84.897683 seconds (0d 0h 1m 24s)

---------------  T H R E A D  ---------------

Current thread (0x000001ad3811e110):  JavaThread "C2 CompilerThread0" daemon [_thread_in_native, id=20672, stack(0x00000073bc700000,0x00000073bc800000) (1024K)]


Current CompileTask:
C2:  84898 6150   !   4       java.net.URLClassLoader$1::run (81 bytes)

Stack: [0x00000073bc700000,0x00000073bc800000]
Native frames: (J=compiled Java code, j=interpreted, Vv=VM code, C=native code)
V  [jvm.dll+0x6c9029]
V  [jvm.dll+0x854b81]
V  [jvm.dll+0x856e5e]
V  [jvm.dll+0x857543]
V  [jvm.dll+0x280c06]
V  [jvm.dll+0xc3ead]
V  [jvm.dll+0xc43c3]
V  [jvm.dll+0x6534eb]
V  [jvm.dll+0x659629]
V  [jvm.dll+0x65a646]
V  [jvm.dll+0x65899d]
V  [jvm.dll+0x249955]
V  [jvm.dll+0x2490b1]
V  [jvm.dll+0x1c9ca1]
V  [jvm.dll+0x2586b9]
V  [jvm.dll+0x256c9a]
V  [jvm.dll+0x3ef1b6]
V  [jvm.dll+0x7fd728]
V  [jvm.dll+0x6c777d]
C  [ucrtbase.dll+0x21bb2]
C  [KERNEL32.DLL+0x17344]
C  [ntdll.dll+0x526b1]


---------------  P R O C E S S  ---------------

Threads class SMR info:
_java_thread_list=0x000001ad54ec8b80, length=52, elements={
0x000001ad1b051060, 0x000001ad38115c60, 0x000001ad38116b80, 0x000001ad38119450,
0x000001ad3811bec0, 0x000001ad3811c920, 0x000001ad3811d380, 0x000001ad3811e110,
0x000001ad38120790, 0x000001ad380dc9f0, 0x000001ad38520210, 0x000001ad52fce780,
0x000001ad52e5a8a0, 0x000001ad52d20ef0, 0x000001ad533fd5f0, 0x000001ad533ebe10,
0x000001ad526645a0, 0x000001ad5266c8d0, 0x000001ad3836e470, 0x000001ad3836feb0,
0x000001ad3836f190, 0x000001ad3836dde0, 0x000001ad3836eb00, 0x000001ad3836f820,
0x000001ad38371260, 0x000001ad54fc35a0, 0x000001ad54fc70b0, 0x000001ad54fc2f10,
0x000001ad54fc6390, 0x000001ad54fc5d00, 0x000001ad54fc7740, 0x000001ad54fc7dd0,
0x000001ad54fc4950, 0x000001ad54fc42c0, 0x000001ad54fc8af0, 0x000001ad54fc9180,
0x000001ad54fc9810, 0x000001ad530c9fe0, 0x000001ad530ca670, 0x000001ad530c92c0,
0x000001ad530c9950, 0x000001ad52376e90, 0x000001ad52378240, 0x000001ad52376170,
0x000001ad5237a9a0, 0x000001ad523788d0, 0x000001ad52375ae0, 0x000001ad52373a10,
0x000001ad52377520, 0x000001ad5237b030, 0x000001ad52378f60, 0x000001ad52377bb0
}

Java Threads: ( => current thread )
  0x000001ad1b051060 JavaThread "main"                              [_thread_blocked, id=22348, stack(0x00000073bb900000,0x00000073bba00000) (1024K)]
  0x000001ad38115c60 JavaThread "Reference Handler"          daemon [_thread_blocked, id=21224, stack(0x00000073bc100000,0x00000073bc200000) (1024K)]
  0x000001ad38116b80 JavaThread "Finalizer"                  daemon [_thread_blocked, id=21724, stack(0x00000073bc200000,0x00000073bc300000) (1024K)]
  0x000001ad38119450 JavaThread "Signal Dispatcher"          daemon [_thread_blocked, id=12864, stack(0x00000073bc300000,0x00000073bc400000) (1024K)]
  0x000001ad3811bec0 JavaThread "Attach Listener"            daemon [_thread_blocked, id=22228, stack(0x00000073bc400000,0x00000073bc500000) (1024K)]
  0x000001ad3811c920 JavaThread "Service Thread"             daemon [_thread_blocked, id=12384, stack(0x00000073bc500000,0x00000073bc600000) (1024K)]
  0x000001ad3811d380 JavaThread "Monitor Deflation Thread"   daemon [_thread_blocked, id=8728, stack(0x00000073bc600000,0x00000073bc700000) (1024K)]
=>0x000001ad3811e110 JavaThread "C2 CompilerThread0"         daemon [_thread_in_native, id=20672, stack(0x00000073bc700000,0x00000073bc800000) (1024K)]
  0x000001ad38120790 JavaThread "C1 CompilerThread0"         daemon [_thread_blocked, id=20644, stack(0x00000073bc800000,0x00000073bc900000) (1024K)]
  0x000001ad380dc9f0 JavaThread "Common-Cleaner"             daemon [_thread_blocked, id=1444, stack(0x00000073bc900000,0x00000073bca00000) (1024K)]
  0x000001ad38520210 JavaThread "Notification Thread"        daemon [_thread_blocked, id=6808, stack(0x00000073bca00000,0x00000073bcb00000) (1024K)]
  0x000001ad52fce780 JavaThread "Daemon health stats"               [_thread_blocked, id=3636, stack(0x00000073bd100000,0x00000073bd200000) (1024K)]
  0x000001ad52e5a8a0 JavaThread "Incoming local TCP Connector on port 65230"        [_thread_in_native, id=9140, stack(0x00000073bd000000,0x00000073bd100000) (1024K)]
  0x000001ad52d20ef0 JavaThread "Daemon periodic checks"            [_thread_blocked, id=20244, stack(0x00000073bd200000,0x00000073bd300000) (1024K)]
  0x000001ad533fd5f0 JavaThread "Daemon"                            [_thread_blocked, id=10728, stack(0x00000073bd300000,0x00000073bd400000) (1024K)]
  0x000001ad533ebe10 JavaThread "Handler for socket connection from /127.0.0.1:65230 to /127.0.0.1:65232"        [_thread_in_native, id=12408, stack(0x00000073bd400000,0x00000073bd500000) (1024K)]
  0x000001ad526645a0 JavaThread "Cancel handler"                    [_thread_blocked, id=20116, stack(0x00000073bd500000,0x00000073bd600000) (1024K)]
  0x000001ad5266c8d0 JavaThread "Daemon worker"                     [_thread_in_vm, id=22076, stack(0x00000073bd600000,0x00000073bd700000) (1024K)]
  0x000001ad3836e470 JavaThread "Asynchronous log dispatcher for DefaultDaemonConnection: socket connection from /127.0.0.1:65230 to /127.0.0.1:65232"        [_thread_blocked, id=20536, stack(0x00000073bd700000,0x00000073bd800000) (1024K)]
  0x000001ad3836feb0 JavaThread "Stdin handler"                     [_thread_blocked, id=16004, stack(0x00000073bd800000,0x00000073bd900000) (1024K)]
  0x000001ad3836f190 JavaThread "Daemon client event forwarder"        [_thread_blocked, id=912, stack(0x00000073bd900000,0x00000073bda00000) (1024K)]
  0x000001ad3836dde0 JavaThread "Cache worker for journal cache (C:\Users\Admin\.gradle\caches\journal-1)"        [_thread_blocked, id=21740, stack(0x00000073bda00000,0x00000073bdb00000) (1024K)]
  0x000001ad3836eb00 JavaThread "File lock request listener"        [_thread_in_native, id=18756, stack(0x00000073bdb00000,0x00000073bdc00000) (1024K)]
  0x000001ad3836f820 JavaThread "Cache worker for file hash cache (C:\Users\Admin\.gradle\caches\8.6\fileHashes)"        [_thread_blocked, id=15992, stack(0x00000073bdc00000,0x00000073bdd00000) (1024K)]
  0x000001ad38371260 JavaThread "File lock release action executor"        [_thread_blocked, id=13072, stack(0x00000073bdd00000,0x00000073bde00000) (1024K)]
  0x000001ad54fc35a0 JavaThread "File watcher server"        daemon [_thread_in_native, id=10948, stack(0x00000073be400000,0x00000073be500000) (1024K)]
  0x000001ad54fc70b0 JavaThread "File watcher consumer"      daemon [_thread_blocked, id=13384, stack(0x00000073be500000,0x00000073be600000) (1024K)]
  0x000001ad54fc2f10 JavaThread "Cache worker for checksums cache (E:\C0723G1_Sprint2\KWatch_BE\.gradle\8.6\checksums)"        [_thread_blocked, id=18716, stack(0x00000073be600000,0x00000073be700000) (1024K)]
  0x000001ad54fc6390 JavaThread "Cache worker for file hash cache (E:\C0723G1_Sprint2\KWatch_BE\.gradle\8.6\fileHashes)"        [_thread_blocked, id=20636, stack(0x00000073be700000,0x00000073be800000) (1024K)]
  0x000001ad54fc5d00 JavaThread "Cache worker for cache directory md-supplier (C:\Users\Admin\.gradle\caches\8.6\md-supplier)"        [_thread_blocked, id=15024, stack(0x00000073be800000,0x00000073be900000) (1024K)]
  0x000001ad54fc7740 JavaThread "Cache worker for cache directory md-rule (C:\Users\Admin\.gradle\caches\8.6\md-rule)"        [_thread_blocked, id=21536, stack(0x00000073be900000,0x00000073bea00000) (1024K)]
  0x000001ad54fc7dd0 JavaThread "Cache worker for file content cache (C:\Users\Admin\.gradle\caches\8.6\fileContent)"        [_thread_blocked, id=932, stack(0x00000073bea00000,0x00000073beb00000) (1024K)]
  0x000001ad54fc4950 JavaThread "jar transforms"                    [_thread_blocked, id=22212, stack(0x00000073beb00000,0x00000073bec00000) (1024K)]
  0x000001ad54fc42c0 JavaThread "jar transforms Thread 2"           [_thread_blocked, id=13616, stack(0x00000073bec00000,0x00000073bed00000) (1024K)]
  0x000001ad54fc8af0 JavaThread "jar transforms Thread 3"           [_thread_blocked, id=5924, stack(0x00000073bed00000,0x00000073bee00000) (1024K)]
  0x000001ad54fc9180 JavaThread "jar transforms Thread 4"           [_thread_blocked, id=22420, stack(0x00000073bee00000,0x00000073bef00000) (1024K)]
  0x000001ad54fc9810 JavaThread "jar transforms Thread 5"           [_thread_blocked, id=13344, stack(0x00000073bf000000,0x00000073bf100000) (1024K)]
  0x000001ad530c9fe0 JavaThread "jar transforms Thread 6"           [_thread_blocked, id=22712, stack(0x00000073bf100000,0x00000073bf200000) (1024K)]
  0x000001ad530ca670 JavaThread "jar transforms Thread 7"           [_thread_blocked, id=17352, stack(0x00000073bb600000,0x00000073bb700000) (1024K)]
  0x000001ad530c92c0 JavaThread "Cache worker for Build Output Cleanup Cache (E:\C0723G1_Sprint2\KWatch_BE\.gradle\buildOutputCleanup)"        [_thread_blocked, id=20924, stack(0x00000073bb700000,0x00000073bb800000) (1024K)]
  0x000001ad530c9950 JavaThread "Unconstrained build operations"        [_thread_blocked, id=23088, stack(0x00000073bb800000,0x00000073bb900000) (1024K)]
  0x000001ad52376e90 JavaThread "Unconstrained build operations Thread 2"        [_thread_blocked, id=24264, stack(0x00000073bf200000,0x00000073bf300000) (1024K)]
  0x000001ad52378240 JavaThread "Unconstrained build operations Thread 3"        [_thread_blocked, id=23936, stack(0x00000073bf300000,0x00000073bf400000) (1024K)]
  0x000001ad52376170 JavaThread "Unconstrained build operations Thread 4"        [_thread_blocked, id=23584, stack(0x00000073bf400000,0x00000073bf500000) (1024K)]
  0x000001ad5237a9a0 JavaThread "Unconstrained build operations Thread 5"        [_thread_blocked, id=15096, stack(0x00000073bf500000,0x00000073bf600000) (1024K)]
  0x000001ad523788d0 JavaThread "Unconstrained build operations Thread 6"        [_thread_blocked, id=20756, stack(0x00000073bf600000,0x00000073bf700000) (1024K)]
  0x000001ad52375ae0 JavaThread "Unconstrained build operations Thread 7"        [_thread_blocked, id=23932, stack(0x00000073bf700000,0x00000073bf800000) (1024K)]
  0x000001ad52373a10 JavaThread "Unconstrained build operations Thread 8"        [_thread_blocked, id=5252, stack(0x00000073bf800000,0x00000073bf900000) (1024K)]
  0x000001ad52377520 JavaThread "Unconstrained build operations Thread 9"        [_thread_blocked, id=23096, stack(0x00000073bf900000,0x00000073bfa00000) (1024K)]
  0x000001ad5237b030 JavaThread "Unconstrained build operations Thread 10"        [_thread_blocked, id=23812, stack(0x00000073bfa00000,0x00000073bfb00000) (1024K)]
  0x000001ad52378f60 JavaThread "Unconstrained build operations Thread 11"        [_thread_blocked, id=23792, stack(0x00000073bfb00000,0x00000073bfc00000) (1024K)]
  0x000001ad52377bb0 JavaThread "Memory manager"                    [_thread_blocked, id=5096, stack(0x00000073bfc00000,0x00000073bfd00000) (1024K)]
Total: 52

Other Threads:
  0x000001ad380f67a0 VMThread "VM Thread"                           [id=19960, stack(0x00000073bc000000,0x00000073bc100000) (1024K)]
  0x000001ad380db690 WatcherThread "VM Periodic Task Thread"        [id=14156, stack(0x00000073bbf00000,0x00000073bc000000) (1024K)]
  0x000001ad1b1ec670 WorkerThread "GC Thread#0"                     [id=22240, stack(0x00000073bba00000,0x00000073bbb00000) (1024K)]
  0x000001ad38d66270 WorkerThread "GC Thread#1"                     [id=13916, stack(0x00000073bcb00000,0x00000073bcc00000) (1024K)]
  0x000001ad520687f0 WorkerThread "GC Thread#2"                     [id=20604, stack(0x00000073bcc00000,0x00000073bcd00000) (1024K)]
  0x000001ad52068b90 WorkerThread "GC Thread#3"                     [id=6796, stack(0x00000073bcd00000,0x00000073bce00000) (1024K)]
  0x000001ad52069740 WorkerThread "GC Thread#4"                     [id=8072, stack(0x00000073bce00000,0x00000073bcf00000) (1024K)]
  0x000001ad52069ae0 WorkerThread "GC Thread#5"                     [id=12872, stack(0x00000073bcf00000,0x00000073bd000000) (1024K)]
  0x000001ad523dd2b0 WorkerThread "GC Thread#6"                     [id=15344, stack(0x00000073bde00000,0x00000073bdf00000) (1024K)]
  0x000001ad523db950 WorkerThread "GC Thread#7"                     [id=22476, stack(0x00000073bdf00000,0x00000073be000000) (1024K)]
  0x000001ad523dbcf0 WorkerThread "GC Thread#8"                     [id=13796, stack(0x00000073be000000,0x00000073be100000) (1024K)]
  0x000001ad523dc090 WorkerThread "GC Thread#9"                     [id=16364, stack(0x00000073be100000,0x00000073be200000) (1024K)]
  0x000001ad1b1f1560 ConcurrentGCThread "G1 Main Marker"            [id=22000, stack(0x00000073bbb00000,0x00000073bbc00000) (1024K)]
  0x000001ad1b1f1f70 WorkerThread "G1 Conc#0"                       [id=21352, stack(0x00000073bbc00000,0x00000073bbd00000) (1024K)]
  0x000001ad523dc430 WorkerThread "G1 Conc#1"                       [id=9976, stack(0x00000073be200000,0x00000073be300000) (1024K)]
  0x000001ad523dc7d0 WorkerThread "G1 Conc#2"                       [id=20692, stack(0x00000073be300000,0x00000073be400000) (1024K)]
  0x000001ad1b28e6d0 ConcurrentGCThread "G1 Refine#0"               [id=11508, stack(0x00000073bbd00000,0x00000073bbe00000) (1024K)]
  0x000001ad37fb03a0 ConcurrentGCThread "G1 Service"                [id=20228, stack(0x00000073bbe00000,0x00000073bbf00000) (1024K)]
Total: 18

Threads with active compile tasks:
C2 CompilerThread0    84983 6150   !   4       java.net.URLClassLoader$1::run (81 bytes)
Total: 1

VM state: not at safepoint (normal execution)

VM Mutex/Monitor currently owned by a thread: None

Heap address: 0x00000000e0000000, size: 512 MB, Compressed Oops mode: 32-bit

CDS archive(s) mapped at: [0x000001ad39000000-0x000001ad39c90000-0x000001ad39c90000), size 13172736, SharedBaseAddress: 0x000001ad39000000, ArchiveRelocationMode: 1.
Compressed class space mapped at: 0x000001ad3a000000-0x000001ad4e000000, reserved size: 335544320
Narrow klass base: 0x000001ad39000000, Narrow klass shift: 0, Narrow klass range: 0x100000000

GC Precious Log:
 CardTable entry size: 512
 Card Set container configuration: InlinePtr #cards 5 size 8 Array Of Cards #cards 12 size 40 Howl #buckets 4 coarsen threshold 1843 Howl Bitmap #cards 512 size 80 coarsen threshold 460 Card regions per heap region 1 cards per card region 2048
 CPUs: 12 total, 12 available
 Memory: 7549M
 Large Page Support: Disabled
 NUMA Support: Disabled
 Compressed Oops: Enabled (32-bit)
 Heap Region Size: 1M
 Heap Min Capacity: 256M
 Heap Initial Capacity: 256M
 Heap Max Capacity: 512M
 Pre-touch: Disabled
 Parallel Workers: 10
 Concurrent Workers: 3
 Concurrent Refinement Workers: 10
 Periodic GC: Disabled

Heap:
 garbage-first heap   total 262144K, used 177777K [0x00000000e0000000, 0x0000000100000000)
  region size 1024K, 149 young (152576K), 9 survivors (9216K)
 Metaspace       used 51461K, committed 53248K, reserved 393216K
  class space    used 7437K, committed 8320K, reserved 327680K

Heap Regions: E=young(eden), S=young(survivor), O=old, HS=humongous(starts), HC=humongous(continues), CS=collection set, F=free, TAMS=top-at-mark-start, PB=parsable bottom
|   0|0x00000000e0000000, 0x00000000e0100000, 0x00000000e0100000|100%|HS|  |TAMS 0x00000000e0000000| PB 0x00000000e0000000| Complete 
|   1|0x00000000e0100000, 0x00000000e0200000, 0x00000000e0200000|100%|HC|  |TAMS 0x00000000e0100000| PB 0x00000000e0100000| Complete 
|   2|0x00000000e0200000, 0x00000000e0300000, 0x00000000e0300000|100%|HC|  |TAMS 0x00000000e0200000| PB 0x00000000e0200000| Complete 
|   3|0x00000000e0300000, 0x00000000e0400000, 0x00000000e0400000|100%|HC|  |TAMS 0x00000000e0300000| PB 0x00000000e0300000| Complete 
|   4|0x00000000e0400000, 0x00000000e0500000, 0x00000000e0500000|100%| O|  |TAMS 0x00000000e0400000| PB 0x00000000e0400000| Untracked 
|   5|0x00000000e0500000, 0x00000000e0600000, 0x00000000e0600000|100%| O|  |TAMS 0x00000000e0500000| PB 0x00000000e0500000| Untracked 
|   6|0x00000000e0600000, 0x00000000e0700000, 0x00000000e0700000|100%| O|  |TAMS 0x00000000e0600000| PB 0x00000000e0600000| Untracked 
|   7|0x00000000e0700000, 0x00000000e0800000, 0x00000000e0800000|100%| O|  |TAMS 0x00000000e0700000| PB 0x00000000e0700000| Untracked 
|   8|0x00000000e0800000, 0x00000000e0900000, 0x00000000e0900000|100%| O|  |TAMS 0x00000000e0800000| PB 0x00000000e0800000| Untracked 
|   9|0x00000000e0900000, 0x00000000e0a00000, 0x00000000e0a00000|100%|HS|  |TAMS 0x00000000e0900000| PB 0x00000000e0900000| Complete 
|  10|0x00000000e0a00000, 0x00000000e0b00000, 0x00000000e0b00000|100%| O|  |TAMS 0x00000000e0a00000| PB 0x00000000e0a00000| Untracked 
|  11|0x00000000e0b00000, 0x00000000e0c00000, 0x00000000e0c00000|100%| O|  |TAMS 0x00000000e0b00000| PB 0x00000000e0b00000| Untracked 
|  12|0x00000000e0c00000, 0x00000000e0d00000, 0x00000000e0d00000|100%| O|  |TAMS 0x00000000e0c00000| PB 0x00000000e0c00000| Untracked 
|  13|0x00000000e0d00000, 0x00000000e0e00000, 0x00000000e0e00000|100%| O|  |TAMS 0x00000000e0d00000| PB 0x00000000e0d00000| Untracked 
|  14|0x00000000e0e00000, 0x00000000e0f00000, 0x00000000e0f00000|100%| O|  |TAMS 0x00000000e0e00000| PB 0x00000000e0e00000| Untracked 
|  15|0x00000000e0f00000, 0x00000000e1000000, 0x00000000e1000000|100%| O|  |TAMS 0x00000000e0f00000| PB 0x00000000e0f00000| Untracked 
|  16|0x00000000e1000000, 0x00000000e1100000, 0x00000000e1100000|100%| O|  |TAMS 0x00000000e1000000| PB 0x00000000e1000000| Untracked 
|  17|0x00000000e1100000, 0x00000000e1200000, 0x00000000e1200000|100%| O|  |TAMS 0x00000000e1100000| PB 0x00000000e1100000| Untracked 
|  18|0x00000000e1200000, 0x00000000e1300000, 0x00000000e1300000|100%| O|  |TAMS 0x00000000e1200000| PB 0x00000000e1200000| Untracked 
|  19|0x00000000e1300000, 0x00000000e1400000, 0x00000000e1400000|100%| O|  |TAMS 0x00000000e1300000| PB 0x00000000e1300000| Untracked 
|  20|0x00000000e1400000, 0x00000000e1500000, 0x00000000e1500000|100%| O|  |TAMS 0x00000000e1400000| PB 0x00000000e1400000| Untracked 
|  21|0x00000000e1500000, 0x00000000e1600000, 0x00000000e1600000|100%| O|  |TAMS 0x00000000e1500000| PB 0x00000000e1500000| Untracked 
|  22|0x00000000e1600000, 0x00000000e1700000, 0x00000000e1700000|100%| O|  |TAMS 0x00000000e1600000| PB 0x00000000e1600000| Untracked 
|  23|0x00000000e1700000, 0x00000000e1800000, 0x00000000e1800000|100%| O|Cm|TAMS 0x00000000e1700000| PB 0x00000000e1700000| Complete 
|  24|0x00000000e1800000, 0x00000000e1852250, 0x00000000e1900000| 32%| O|  |TAMS 0x00000000e1800000| PB 0x00000000e1800000| Untracked 
|  25|0x00000000e1900000, 0x00000000e1a00000, 0x00000000e1a00000|100%|HS|  |TAMS 0x00000000e1900000| PB 0x00000000e1900000| Complete 
|  26|0x00000000e1a00000, 0x00000000e1b00000, 0x00000000e1b00000|100%|HC|  |TAMS 0x00000000e1a00000| PB 0x00000000e1a00000| Complete 
|  27|0x00000000e1b00000, 0x00000000e1c00000, 0x00000000e1c00000|100%|HS|  |TAMS 0x00000000e1b00000| PB 0x00000000e1b00000| Complete 
|  28|0x00000000e1c00000, 0x00000000e1c00000, 0x00000000e1d00000|  0%| F|  |TAMS 0x00000000e1c00000| PB 0x00000000e1c00000| Untracked 
|  29|0x00000000e1d00000, 0x00000000e1d00000, 0x00000000e1e00000|  0%| F|  |TAMS 0x00000000e1d00000| PB 0x00000000e1d00000| Untracked 
|  30|0x00000000e1e00000, 0x00000000e1e00000, 0x00000000e1f00000|  0%| F|  |TAMS 0x00000000e1e00000| PB 0x00000000e1e00000| Untracked 
|  31|0x00000000e1f00000, 0x00000000e1f00000, 0x00000000e2000000|  0%| F|  |TAMS 0x00000000e1f00000| PB 0x00000000e1f00000| Untracked 
|  32|0x00000000e2000000, 0x00000000e2000000, 0x00000000e2100000|  0%| F|  |TAMS 0x00000000e2000000| PB 0x00000000e2000000| Untracked 
|  33|0x00000000e2100000, 0x00000000e2100000, 0x00000000e2200000|  0%| F|  |TAMS 0x00000000e2100000| PB 0x00000000e2100000| Untracked 
|  34|0x00000000e2200000, 0x00000000e2200000, 0x00000000e2300000|  0%| F|  |TAMS 0x00000000e2200000| PB 0x00000000e2200000| Untracked 
|  35|0x00000000e2300000, 0x00000000e2300000, 0x00000000e2400000|  0%| F|  |TAMS 0x00000000e2300000| PB 0x00000000e2300000| Untracked 
|  36|0x00000000e2400000, 0x00000000e2400000, 0x00000000e2500000|  0%| F|  |TAMS 0x00000000e2400000| PB 0x00000000e2400000| Untracked 
|  37|0x00000000e2500000, 0x00000000e2500000, 0x00000000e2600000|  0%| F|  |TAMS 0x00000000e2500000| PB 0x00000000e2500000| Untracked 
|  38|0x00000000e2600000, 0x00000000e2600000, 0x00000000e2700000|  0%| F|  |TAMS 0x00000000e2600000| PB 0x00000000e2600000| Untracked 
|  39|0x00000000e2700000, 0x00000000e2700000, 0x00000000e2800000|  0%| F|  |TAMS 0x00000000e2700000| PB 0x00000000e2700000| Untracked 
|  40|0x00000000e2800000, 0x00000000e2800000, 0x00000000e2900000|  0%| F|  |TAMS 0x00000000e2800000| PB 0x00000000e2800000| Untracked 
|  41|0x00000000e2900000, 0x00000000e2900000, 0x00000000e2a00000|  0%| F|  |TAMS 0x00000000e2900000| PB 0x00000000e2900000| Untracked 
|  42|0x00000000e2a00000, 0x00000000e2a00000, 0x00000000e2b00000|  0%| F|  |TAMS 0x00000000e2a00000| PB 0x00000000e2a00000| Untracked 
|  43|0x00000000e2b00000, 0x00000000e2b00000, 0x00000000e2c00000|  0%| F|  |TAMS 0x00000000e2b00000| PB 0x00000000e2b00000| Untracked 
|  44|0x00000000e2c00000, 0x00000000e2c00000, 0x00000000e2d00000|  0%| F|  |TAMS 0x00000000e2c00000| PB 0x00000000e2c00000| Untracked 
|  45|0x00000000e2d00000, 0x00000000e2d00000, 0x00000000e2e00000|  0%| F|  |TAMS 0x00000000e2d00000| PB 0x00000000e2d00000| Untracked 
|  46|0x00000000e2e00000, 0x00000000e2e00000, 0x00000000e2f00000|  0%| F|  |TAMS 0x00000000e2e00000| PB 0x00000000e2e00000| Untracked 
|  47|0x00000000e2f00000, 0x00000000e2f00000, 0x00000000e3000000|  0%| F|  |TAMS 0x00000000e2f00000| PB 0x00000000e2f00000| Untracked 
|  48|0x00000000e3000000, 0x00000000e3000000, 0x00000000e3100000|  0%| F|  |TAMS 0x00000000e3000000| PB 0x00000000e3000000| Untracked 
|  49|0x00000000e3100000, 0x00000000e3100000, 0x00000000e3200000|  0%| F|  |TAMS 0x00000000e3100000| PB 0x00000000e3100000| Untracked 
|  50|0x00000000e3200000, 0x00000000e3200000, 0x00000000e3300000|  0%| F|  |TAMS 0x00000000e3200000| PB 0x00000000e3200000| Untracked 
|  51|0x00000000e3300000, 0x00000000e3300000, 0x00000000e3400000|  0%| F|  |TAMS 0x00000000e3300000| PB 0x00000000e3300000| Untracked 
|  52|0x00000000e3400000, 0x00000000e3400000, 0x00000000e3500000|  0%| F|  |TAMS 0x00000000e3400000| PB 0x00000000e3400000| Untracked 
|  53|0x00000000e3500000, 0x00000000e3500000, 0x00000000e3600000|  0%| F|  |TAMS 0x00000000e3500000| PB 0x00000000e3500000| Untracked 
|  54|0x00000000e3600000, 0x00000000e3600000, 0x00000000e3700000|  0%| F|  |TAMS 0x00000000e3600000| PB 0x00000000e3600000| Untracked 
|  55|0x00000000e3700000, 0x00000000e3700000, 0x00000000e3800000|  0%| F|  |TAMS 0x00000000e3700000| PB 0x00000000e3700000| Untracked 
|  56|0x00000000e3800000, 0x00000000e3800000, 0x00000000e3900000|  0%| F|  |TAMS 0x00000000e3800000| PB 0x00000000e3800000| Untracked 
|  57|0x00000000e3900000, 0x00000000e3900000, 0x00000000e3a00000|  0%| F|  |TAMS 0x00000000e3900000| PB 0x00000000e3900000| Untracked 
|  58|0x00000000e3a00000, 0x00000000e3a00000, 0x00000000e3b00000|  0%| F|  |TAMS 0x00000000e3a00000| PB 0x00000000e3a00000| Untracked 
|  59|0x00000000e3b00000, 0x00000000e3b00000, 0x00000000e3c00000|  0%| F|  |TAMS 0x00000000e3b00000| PB 0x00000000e3b00000| Untracked 
|  60|0x00000000e3c00000, 0x00000000e3c00000, 0x00000000e3d00000|  0%| F|  |TAMS 0x00000000e3c00000| PB 0x00000000e3c00000| Untracked 
|  61|0x00000000e3d00000, 0x00000000e3d00000, 0x00000000e3e00000|  0%| F|  |TAMS 0x00000000e3d00000| PB 0x00000000e3d00000| Untracked 
|  62|0x00000000e3e00000, 0x00000000e3e00000, 0x00000000e3f00000|  0%| F|  |TAMS 0x00000000e3e00000| PB 0x00000000e3e00000| Untracked 
|  63|0x00000000e3f00000, 0x00000000e3f00000, 0x00000000e4000000|  0%| F|  |TAMS 0x00000000e3f00000| PB 0x00000000e3f00000| Untracked 
|  64|0x00000000e4000000, 0x00000000e4000000, 0x00000000e4100000|  0%| F|  |TAMS 0x00000000e4000000| PB 0x00000000e4000000| Untracked 
|  65|0x00000000e4100000, 0x00000000e4100000, 0x00000000e4200000|  0%| F|  |TAMS 0x00000000e4100000| PB 0x00000000e4100000| Untracked 
|  66|0x00000000e4200000, 0x00000000e4200000, 0x00000000e4300000|  0%| F|  |TAMS 0x00000000e4200000| PB 0x00000000e4200000| Untracked 
|  67|0x00000000e4300000, 0x00000000e4300000, 0x00000000e4400000|  0%| F|  |TAMS 0x00000000e4300000| PB 0x00000000e4300000| Untracked 
|  68|0x00000000e4400000, 0x00000000e4400000, 0x00000000e4500000|  0%| F|  |TAMS 0x00000000e4400000| PB 0x00000000e4400000| Untracked 
|  69|0x00000000e4500000, 0x00000000e4500000, 0x00000000e4600000|  0%| F|  |TAMS 0x00000000e4500000| PB 0x00000000e4500000| Untracked 
|  70|0x00000000e4600000, 0x00000000e4600000, 0x00000000e4700000|  0%| F|  |TAMS 0x00000000e4600000| PB 0x00000000e4600000| Untracked 
|  71|0x00000000e4700000, 0x00000000e4700000, 0x00000000e4800000|  0%| F|  |TAMS 0x00000000e4700000| PB 0x00000000e4700000| Untracked 
|  72|0x00000000e4800000, 0x00000000e4800000, 0x00000000e4900000|  0%| F|  |TAMS 0x00000000e4800000| PB 0x00000000e4800000| Untracked 
|  73|0x00000000e4900000, 0x00000000e4900000, 0x00000000e4a00000|  0%| F|  |TAMS 0x00000000e4900000| PB 0x00000000e4900000| Untracked 
|  74|0x00000000e4a00000, 0x00000000e4a00000, 0x00000000e4b00000|  0%| F|  |TAMS 0x00000000e4a00000| PB 0x00000000e4a00000| Untracked 
|  75|0x00000000e4b00000, 0x00000000e4b00000, 0x00000000e4c00000|  0%| F|  |TAMS 0x00000000e4b00000| PB 0x00000000e4b00000| Untracked 
|  76|0x00000000e4c00000, 0x00000000e4c00000, 0x00000000e4d00000|  0%| F|  |TAMS 0x00000000e4c00000| PB 0x00000000e4c00000| Untracked 
|  77|0x00000000e4d00000, 0x00000000e4d00000, 0x00000000e4e00000|  0%| F|  |TAMS 0x00000000e4d00000| PB 0x00000000e4d00000| Untracked 
|  78|0x00000000e4e00000, 0x00000000e4e00000, 0x00000000e4f00000|  0%| F|  |TAMS 0x00000000e4e00000| PB 0x00000000e4e00000| Untracked 
|  79|0x00000000e4f00000, 0x00000000e4f00000, 0x00000000e5000000|  0%| F|  |TAMS 0x00000000e4f00000| PB 0x00000000e4f00000| Untracked 
|  80|0x00000000e5000000, 0x00000000e5000000, 0x00000000e5100000|  0%| F|  |TAMS 0x00000000e5000000| PB 0x00000000e5000000| Untracked 
|  81|0x00000000e5100000, 0x00000000e5100000, 0x00000000e5200000|  0%| F|  |TAMS 0x00000000e5100000| PB 0x00000000e5100000| Untracked 
|  82|0x00000000e5200000, 0x00000000e5200000, 0x00000000e5300000|  0%| F|  |TAMS 0x00000000e5200000| PB 0x00000000e5200000| Untracked 
|  83|0x00000000e5300000, 0x00000000e5300000, 0x00000000e5400000|  0%| F|  |TAMS 0x00000000e5300000| PB 0x00000000e5300000| Untracked 
|  84|0x00000000e5400000, 0x00000000e5400000, 0x00000000e5500000|  0%| F|  |TAMS 0x00000000e5400000| PB 0x00000000e5400000| Untracked 
|  85|0x00000000e5500000, 0x00000000e5500000, 0x00000000e5600000|  0%| F|  |TAMS 0x00000000e5500000| PB 0x00000000e5500000| Untracked 
|  86|0x00000000e5600000, 0x00000000e5600000, 0x00000000e5700000|  0%| F|  |TAMS 0x00000000e5600000| PB 0x00000000e5600000| Untracked 
|  87|0x00000000e5700000, 0x00000000e5700000, 0x00000000e5800000|  0%| F|  |TAMS 0x00000000e5700000| PB 0x00000000e5700000| Untracked 
|  88|0x00000000e5800000, 0x00000000e5800000, 0x00000000e5900000|  0%| F|  |TAMS 0x00000000e5800000| PB 0x00000000e5800000| Untracked 
|  89|0x00000000e5900000, 0x00000000e5900000, 0x00000000e5a00000|  0%| F|  |TAMS 0x00000000e5900000| PB 0x00000000e5900000| Untracked 
|  90|0x00000000e5a00000, 0x00000000e5a00000, 0x00000000e5b00000|  0%| F|  |TAMS 0x00000000e5a00000| PB 0x00000000e5a00000| Untracked 
|  91|0x00000000e5b00000, 0x00000000e5b00000, 0x00000000e5c00000|  0%| F|  |TAMS 0x00000000e5b00000| PB 0x00000000e5b00000| Untracked 
|  92|0x00000000e5c00000, 0x00000000e5c00000, 0x00000000e5d00000|  0%| F|  |TAMS 0x00000000e5c00000| PB 0x00000000e5c00000| Untracked 
|  93|0x00000000e5d00000, 0x00000000e5d00000, 0x00000000e5e00000|  0%| F|  |TAMS 0x00000000e5d00000| PB 0x00000000e5d00000| Untracked 
|  94|0x00000000e5e00000, 0x00000000e5e00000, 0x00000000e5f00000|  0%| F|  |TAMS 0x00000000e5e00000| PB 0x00000000e5e00000| Untracked 
|  95|0x00000000e5f00000, 0x00000000e5f00000, 0x00000000e6000000|  0%| F|  |TAMS 0x00000000e5f00000| PB 0x00000000e5f00000| Untracked 
|  96|0x00000000e6000000, 0x00000000e6000000, 0x00000000e6100000|  0%| F|  |TAMS 0x00000000e6000000| PB 0x00000000e6000000| Untracked 
|  97|0x00000000e6100000, 0x00000000e6100000, 0x00000000e6200000|  0%| F|  |TAMS 0x00000000e6100000| PB 0x00000000e6100000| Untracked 
|  98|0x00000000e6200000, 0x00000000e6200000, 0x00000000e6300000|  0%| F|  |TAMS 0x00000000e6200000| PB 0x00000000e6200000| Untracked 
|  99|0x00000000e6300000, 0x00000000e6300000, 0x00000000e6400000|  0%| F|  |TAMS 0x00000000e6300000| PB 0x00000000e6300000| Untracked 
| 100|0x00000000e6400000, 0x00000000e6400000, 0x00000000e6500000|  0%| F|  |TAMS 0x00000000e6400000| PB 0x00000000e6400000| Untracked 
| 101|0x00000000e6500000, 0x00000000e6500000, 0x00000000e6600000|  0%| F|  |TAMS 0x00000000e6500000| PB 0x00000000e6500000| Untracked 
| 102|0x00000000e6600000, 0x00000000e6600000, 0x00000000e6700000|  0%| F|  |TAMS 0x00000000e6600000| PB 0x00000000e6600000| Untracked 
| 103|0x00000000e6700000, 0x00000000e6700000, 0x00000000e6800000|  0%| F|  |TAMS 0x00000000e6700000| PB 0x00000000e6700000| Untracked 
| 104|0x00000000e6800000, 0x00000000e6800000, 0x00000000e6900000|  0%| F|  |TAMS 0x00000000e6800000| PB 0x00000000e6800000| Untracked 
| 105|0x00000000e6900000, 0x00000000e6900000, 0x00000000e6a00000|  0%| F|  |TAMS 0x00000000e6900000| PB 0x00000000e6900000| Untracked 
| 106|0x00000000e6a00000, 0x00000000e6a00000, 0x00000000e6b00000|  0%| F|  |TAMS 0x00000000e6a00000| PB 0x00000000e6a00000| Untracked 
| 107|0x00000000e6b00000, 0x00000000e6b292c0, 0x00000000e6c00000| 16%| E|  |TAMS 0x00000000e6b00000| PB 0x00000000e6b00000| Complete 
| 108|0x00000000e6c00000, 0x00000000e6d00000, 0x00000000e6d00000|100%| E|CS|TAMS 0x00000000e6c00000| PB 0x00000000e6c00000| Complete 
| 109|0x00000000e6d00000, 0x00000000e6e00000, 0x00000000e6e00000|100%| E|CS|TAMS 0x00000000e6d00000| PB 0x00000000e6d00000| Complete 
| 110|0x00000000e6e00000, 0x00000000e6f00000, 0x00000000e6f00000|100%| E|CS|TAMS 0x00000000e6e00000| PB 0x00000000e6e00000| Complete 
| 111|0x00000000e6f00000, 0x00000000e7000000, 0x00000000e7000000|100%| E|CS|TAMS 0x00000000e6f00000| PB 0x00000000e6f00000| Complete 
| 112|0x00000000e7000000, 0x00000000e7100000, 0x00000000e7100000|100%| E|CS|TAMS 0x00000000e7000000| PB 0x00000000e7000000| Complete 
| 113|0x00000000e7100000, 0x00000000e7200000, 0x00000000e7200000|100%| E|CS|TAMS 0x00000000e7100000| PB 0x00000000e7100000| Complete 
| 114|0x00000000e7200000, 0x00000000e7300000, 0x00000000e7300000|100%| E|CS|TAMS 0x00000000e7200000| PB 0x00000000e7200000| Complete 
| 115|0x00000000e7300000, 0x00000000e7400000, 0x00000000e7400000|100%| E|CS|TAMS 0x00000000e7300000| PB 0x00000000e7300000| Complete 
| 116|0x00000000e7400000, 0x00000000e7500000, 0x00000000e7500000|100%| E|CS|TAMS 0x00000000e7400000| PB 0x00000000e7400000| Complete 
| 117|0x00000000e7500000, 0x00000000e7600000, 0x00000000e7600000|100%| E|CS|TAMS 0x00000000e7500000| PB 0x00000000e7500000| Complete 
| 118|0x00000000e7600000, 0x00000000e7700000, 0x00000000e7700000|100%| E|CS|TAMS 0x00000000e7600000| PB 0x00000000e7600000| Complete 
| 119|0x00000000e7700000, 0x00000000e7800000, 0x00000000e7800000|100%| E|CS|TAMS 0x00000000e7700000| PB 0x00000000e7700000| Complete 
| 120|0x00000000e7800000, 0x00000000e7900000, 0x00000000e7900000|100%| E|CS|TAMS 0x00000000e7800000| PB 0x00000000e7800000| Complete 
| 121|0x00000000e7900000, 0x00000000e7a00000, 0x00000000e7a00000|100%| E|CS|TAMS 0x00000000e7900000| PB 0x00000000e7900000| Complete 
| 122|0x00000000e7a00000, 0x00000000e7b00000, 0x00000000e7b00000|100%| E|CS|TAMS 0x00000000e7a00000| PB 0x00000000e7a00000| Complete 
| 123|0x00000000e7b00000, 0x00000000e7c00000, 0x00000000e7c00000|100%| E|CS|TAMS 0x00000000e7b00000| PB 0x00000000e7b00000| Complete 
| 124|0x00000000e7c00000, 0x00000000e7d00000, 0x00000000e7d00000|100%| E|CS|TAMS 0x00000000e7c00000| PB 0x00000000e7c00000| Complete 
| 125|0x00000000e7d00000, 0x00000000e7e00000, 0x00000000e7e00000|100%| E|CS|TAMS 0x00000000e7d00000| PB 0x00000000e7d00000| Complete 
| 126|0x00000000e7e00000, 0x00000000e7f00000, 0x00000000e7f00000|100%| E|CS|TAMS 0x00000000e7e00000| PB 0x00000000e7e00000| Complete 
| 127|0x00000000e7f00000, 0x00000000e8000000, 0x00000000e8000000|100%| E|CS|TAMS 0x00000000e7f00000| PB 0x00000000e7f00000| Complete 
| 128|0x00000000e8000000, 0x00000000e8100000, 0x00000000e8100000|100%| E|CS|TAMS 0x00000000e8000000| PB 0x00000000e8000000| Complete 
| 129|0x00000000e8100000, 0x00000000e8200000, 0x00000000e8200000|100%| E|CS|TAMS 0x00000000e8100000| PB 0x00000000e8100000| Complete 
| 130|0x00000000e8200000, 0x00000000e8300000, 0x00000000e8300000|100%| E|CS|TAMS 0x00000000e8200000| PB 0x00000000e8200000| Complete 
| 131|0x00000000e8300000, 0x00000000e8400000, 0x00000000e8400000|100%| E|CS|TAMS 0x00000000e8300000| PB 0x00000000e8300000| Complete 
| 132|0x00000000e8400000, 0x00000000e8500000, 0x00000000e8500000|100%| E|CS|TAMS 0x00000000e8400000| PB 0x00000000e8400000| Complete 
| 133|0x00000000e8500000, 0x00000000e8600000, 0x00000000e8600000|100%| E|CS|TAMS 0x00000000e8500000| PB 0x00000000e8500000| Complete 
| 134|0x00000000e8600000, 0x00000000e8700000, 0x00000000e8700000|100%| E|CS|TAMS 0x00000000e8600000| PB 0x00000000e8600000| Complete 
| 135|0x00000000e8700000, 0x00000000e8800000, 0x00000000e8800000|100%| E|CS|TAMS 0x00000000e8700000| PB 0x00000000e8700000| Complete 
| 136|0x00000000e8800000, 0x00000000e8900000, 0x00000000e8900000|100%| E|CS|TAMS 0x00000000e8800000| PB 0x00000000e8800000| Complete 
| 137|0x00000000e8900000, 0x00000000e8a00000, 0x00000000e8a00000|100%| E|CS|TAMS 0x00000000e8900000| PB 0x00000000e8900000| Complete 
| 138|0x00000000e8a00000, 0x00000000e8b00000, 0x00000000e8b00000|100%| E|CS|TAMS 0x00000000e8a00000| PB 0x00000000e8a00000| Complete 
| 139|0x00000000e8b00000, 0x00000000e8c00000, 0x00000000e8c00000|100%| E|CS|TAMS 0x00000000e8b00000| PB 0x00000000e8b00000| Complete 
| 140|0x00000000e8c00000, 0x00000000e8d00000, 0x00000000e8d00000|100%| E|CS|TAMS 0x00000000e8c00000| PB 0x00000000e8c00000| Complete 
| 141|0x00000000e8d00000, 0x00000000e8e00000, 0x00000000e8e00000|100%| E|CS|TAMS 0x00000000e8d00000| PB 0x00000000e8d00000| Complete 
| 142|0x00000000e8e00000, 0x00000000e8f00000, 0x00000000e8f00000|100%| E|CS|TAMS 0x00000000e8e00000| PB 0x00000000e8e00000| Complete 
| 143|0x00000000e8f00000, 0x00000000e9000000, 0x00000000e9000000|100%| E|CS|TAMS 0x00000000e8f00000| PB 0x00000000e8f00000| Complete 
| 144|0x00000000e9000000, 0x00000000e9100000, 0x00000000e9100000|100%| E|CS|TAMS 0x00000000e9000000| PB 0x00000000e9000000| Complete 
| 145|0x00000000e9100000, 0x00000000e9200000, 0x00000000e9200000|100%| E|CS|TAMS 0x00000000e9100000| PB 0x00000000e9100000| Complete 
| 146|0x00000000e9200000, 0x00000000e9300000, 0x00000000e9300000|100%| E|CS|TAMS 0x00000000e9200000| PB 0x00000000e9200000| Complete 
| 147|0x00000000e9300000, 0x00000000e9400000, 0x00000000e9400000|100%| E|CS|TAMS 0x00000000e9300000| PB 0x00000000e9300000| Complete 
| 148|0x00000000e9400000, 0x00000000e9500000, 0x00000000e9500000|100%| E|CS|TAMS 0x00000000e9400000| PB 0x00000000e9400000| Complete 
| 149|0x00000000e9500000, 0x00000000e9600000, 0x00000000e9600000|100%| E|CS|TAMS 0x00000000e9500000| PB 0x00000000e9500000| Complete 
| 150|0x00000000e9600000, 0x00000000e9700000, 0x00000000e9700000|100%| E|CS|TAMS 0x00000000e9600000| PB 0x00000000e9600000| Complete 
| 151|0x00000000e9700000, 0x00000000e9800000, 0x00000000e9800000|100%| E|CS|TAMS 0x00000000e9700000| PB 0x00000000e9700000| Complete 
| 152|0x00000000e9800000, 0x00000000e9900000, 0x00000000e9900000|100%| E|CS|TAMS 0x00000000e9800000| PB 0x00000000e9800000| Complete 
| 153|0x00000000e9900000, 0x00000000e9a00000, 0x00000000e9a00000|100%| E|CS|TAMS 0x00000000e9900000| PB 0x00000000e9900000| Complete 
| 154|0x00000000e9a00000, 0x00000000e9b00000, 0x00000000e9b00000|100%| E|CS|TAMS 0x00000000e9a00000| PB 0x00000000e9a00000| Complete 
| 155|0x00000000e9b00000, 0x00000000e9c00000, 0x00000000e9c00000|100%| E|CS|TAMS 0x00000000e9b00000| PB 0x00000000e9b00000| Complete 
| 156|0x00000000e9c00000, 0x00000000e9d00000, 0x00000000e9d00000|100%| E|CS|TAMS 0x00000000e9c00000| PB 0x00000000e9c00000| Complete 
| 157|0x00000000e9d00000, 0x00000000e9e00000, 0x00000000e9e00000|100%| E|CS|TAMS 0x00000000e9d00000| PB 0x00000000e9d00000| Complete 
| 158|0x00000000e9e00000, 0x00000000e9f00000, 0x00000000e9f00000|100%| E|CS|TAMS 0x00000000e9e00000| PB 0x00000000e9e00000| Complete 
| 159|0x00000000e9f00000, 0x00000000ea000000, 0x00000000ea000000|100%| E|CS|TAMS 0x00000000e9f00000| PB 0x00000000e9f00000| Complete 
| 160|0x00000000ea000000, 0x00000000ea100000, 0x00000000ea100000|100%| E|CS|TAMS 0x00000000ea000000| PB 0x00000000ea000000| Complete 
| 161|0x00000000ea100000, 0x00000000ea200000, 0x00000000ea200000|100%| E|CS|TAMS 0x00000000ea100000| PB 0x00000000ea100000| Complete 
| 162|0x00000000ea200000, 0x00000000ea300000, 0x00000000ea300000|100%| E|CS|TAMS 0x00000000ea200000| PB 0x00000000ea200000| Complete 
| 163|0x00000000ea300000, 0x00000000ea400000, 0x00000000ea400000|100%| E|CS|TAMS 0x00000000ea300000| PB 0x00000000ea300000| Complete 
| 164|0x00000000ea400000, 0x00000000ea500000, 0x00000000ea500000|100%| E|CS|TAMS 0x00000000ea400000| PB 0x00000000ea400000| Complete 
| 165|0x00000000ea500000, 0x00000000ea600000, 0x00000000ea600000|100%| E|CS|TAMS 0x00000000ea500000| PB 0x00000000ea500000| Complete 
| 166|0x00000000ea600000, 0x00000000ea700000, 0x00000000ea700000|100%| E|CS|TAMS 0x00000000ea600000| PB 0x00000000ea600000| Complete 
| 167|0x00000000ea700000, 0x00000000ea800000, 0x00000000ea800000|100%| E|CS|TAMS 0x00000000ea700000| PB 0x00000000ea700000| Complete 
| 168|0x00000000ea800000, 0x00000000ea900000, 0x00000000ea900000|100%| E|CS|TAMS 0x00000000ea800000| PB 0x00000000ea800000| Complete 
| 169|0x00000000ea900000, 0x00000000eaa00000, 0x00000000eaa00000|100%| E|CS|TAMS 0x00000000ea900000| PB 0x00000000ea900000| Complete 
| 170|0x00000000eaa00000, 0x00000000eab00000, 0x00000000eab00000|100%| E|CS|TAMS 0x00000000eaa00000| PB 0x00000000eaa00000| Complete 
| 171|0x00000000eab00000, 0x00000000eac00000, 0x00000000eac00000|100%| E|CS|TAMS 0x00000000eab00000| PB 0x00000000eab00000| Complete 
| 172|0x00000000eac00000, 0x00000000ead00000, 0x00000000ead00000|100%| E|CS|TAMS 0x00000000eac00000| PB 0x00000000eac00000| Complete 
| 173|0x00000000ead00000, 0x00000000eae00000, 0x00000000eae00000|100%| E|CS|TAMS 0x00000000ead00000| PB 0x00000000ead00000| Complete 
| 174|0x00000000eae00000, 0x00000000eaf00000, 0x00000000eaf00000|100%| E|CS|TAMS 0x00000000eae00000| PB 0x00000000eae00000| Complete 
| 175|0x00000000eaf00000, 0x00000000eb000000, 0x00000000eb000000|100%| E|CS|TAMS 0x00000000eaf00000| PB 0x00000000eaf00000| Complete 
| 176|0x00000000eb000000, 0x00000000eb100000, 0x00000000eb100000|100%| E|CS|TAMS 0x00000000eb000000| PB 0x00000000eb000000| Complete 
| 177|0x00000000eb100000, 0x00000000eb200000, 0x00000000eb200000|100%| E|CS|TAMS 0x00000000eb100000| PB 0x00000000eb100000| Complete 
| 178|0x00000000eb200000, 0x00000000eb300000, 0x00000000eb300000|100%| E|CS|TAMS 0x00000000eb200000| PB 0x00000000eb200000| Complete 
| 179|0x00000000eb300000, 0x00000000eb400000, 0x00000000eb400000|100%| E|CS|TAMS 0x00000000eb300000| PB 0x00000000eb300000| Complete 
| 180|0x00000000eb400000, 0x00000000eb500000, 0x00000000eb500000|100%| E|CS|TAMS 0x00000000eb400000| PB 0x00000000eb400000| Complete 
| 181|0x00000000eb500000, 0x00000000eb600000, 0x00000000eb600000|100%| E|CS|TAMS 0x00000000eb500000| PB 0x00000000eb500000| Complete 
| 182|0x00000000eb600000, 0x00000000eb700000, 0x00000000eb700000|100%| E|CS|TAMS 0x00000000eb600000| PB 0x00000000eb600000| Complete 
| 183|0x00000000eb700000, 0x00000000eb800000, 0x00000000eb800000|100%| E|CS|TAMS 0x00000000eb700000| PB 0x00000000eb700000| Complete 
| 184|0x00000000eb800000, 0x00000000eb900000, 0x00000000eb900000|100%| E|CS|TAMS 0x00000000eb800000| PB 0x00000000eb800000| Complete 
| 185|0x00000000eb900000, 0x00000000eba00000, 0x00000000eba00000|100%| E|CS|TAMS 0x00000000eb900000| PB 0x00000000eb900000| Complete 
| 186|0x00000000eba00000, 0x00000000ebb00000, 0x00000000ebb00000|100%| E|CS|TAMS 0x00000000eba00000| PB 0x00000000eba00000| Complete 
| 187|0x00000000ebb00000, 0x00000000ebc00000, 0x00000000ebc00000|100%| E|CS|TAMS 0x00000000ebb00000| PB 0x00000000ebb00000| Complete 
| 188|0x00000000ebc00000, 0x00000000ebd00000, 0x00000000ebd00000|100%| E|CS|TAMS 0x00000000ebc00000| PB 0x00000000ebc00000| Complete 
| 189|0x00000000ebd00000, 0x00000000ebe00000, 0x00000000ebe00000|100%| E|CS|TAMS 0x00000000ebd00000| PB 0x00000000ebd00000| Complete 
| 190|0x00000000ebe00000, 0x00000000ebf00000, 0x00000000ebf00000|100%| E|CS|TAMS 0x00000000ebe00000| PB 0x00000000ebe00000| Complete 
| 191|0x00000000ebf00000, 0x00000000ec000000, 0x00000000ec000000|100%| E|CS|TAMS 0x00000000ebf00000| PB 0x00000000ebf00000| Complete 
| 192|0x00000000ec000000, 0x00000000ec100000, 0x00000000ec100000|100%| E|CS|TAMS 0x00000000ec000000| PB 0x00000000ec000000| Complete 
| 193|0x00000000ec100000, 0x00000000ec200000, 0x00000000ec200000|100%| E|CS|TAMS 0x00000000ec100000| PB 0x00000000ec100000| Complete 
| 194|0x00000000ec200000, 0x00000000ec300000, 0x00000000ec300000|100%| E|CS|TAMS 0x00000000ec200000| PB 0x00000000ec200000| Complete 
| 195|0x00000000ec300000, 0x00000000ec400000, 0x00000000ec400000|100%| E|CS|TAMS 0x00000000ec300000| PB 0x00000000ec300000| Complete 
| 196|0x00000000ec400000, 0x00000000ec500000, 0x00000000ec500000|100%| E|CS|TAMS 0x00000000ec400000| PB 0x00000000ec400000| Complete 
| 197|0x00000000ec500000, 0x00000000ec600000, 0x00000000ec600000|100%| E|CS|TAMS 0x00000000ec500000| PB 0x00000000ec500000| Complete 
| 198|0x00000000ec600000, 0x00000000ec700000, 0x00000000ec700000|100%| E|CS|TAMS 0x00000000ec600000| PB 0x00000000ec600000| Complete 
| 199|0x00000000ec700000, 0x00000000ec800000, 0x00000000ec800000|100%| E|CS|TAMS 0x00000000ec700000| PB 0x00000000ec700000| Complete 
| 200|0x00000000ec800000, 0x00000000ec900000, 0x00000000ec900000|100%| E|CS|TAMS 0x00000000ec800000| PB 0x00000000ec800000| Complete 
| 201|0x00000000ec900000, 0x00000000eca00000, 0x00000000eca00000|100%| E|CS|TAMS 0x00000000ec900000| PB 0x00000000ec900000| Complete 
| 202|0x00000000eca00000, 0x00000000ecb00000, 0x00000000ecb00000|100%| E|CS|TAMS 0x00000000eca00000| PB 0x00000000eca00000| Complete 
| 203|0x00000000ecb00000, 0x00000000ecc00000, 0x00000000ecc00000|100%| E|CS|TAMS 0x00000000ecb00000| PB 0x00000000ecb00000| Complete 
| 204|0x00000000ecc00000, 0x00000000ecd00000, 0x00000000ecd00000|100%| E|CS|TAMS 0x00000000ecc00000| PB 0x00000000ecc00000| Complete 
| 205|0x00000000ecd00000, 0x00000000ece00000, 0x00000000ece00000|100%| E|CS|TAMS 0x00000000ecd00000| PB 0x00000000ecd00000| Complete 
| 206|0x00000000ece00000, 0x00000000ecf00000, 0x00000000ecf00000|100%| E|CS|TAMS 0x00000000ece00000| PB 0x00000000ece00000| Complete 
| 207|0x00000000ecf00000, 0x00000000ed000000, 0x00000000ed000000|100%| E|CS|TAMS 0x00000000ecf00000| PB 0x00000000ecf00000| Complete 
| 208|0x00000000ed000000, 0x00000000ed100000, 0x00000000ed100000|100%| E|CS|TAMS 0x00000000ed000000| PB 0x00000000ed000000| Complete 
| 209|0x00000000ed100000, 0x00000000ed1ffce8, 0x00000000ed200000| 99%| E|  |TAMS 0x00000000ed100000| PB 0x00000000ed100000| Complete 
| 210|0x00000000ed200000, 0x00000000ed300000, 0x00000000ed300000|100%| E|CS|TAMS 0x00000000ed200000| PB 0x00000000ed200000| Complete 
| 211|0x00000000ed300000, 0x00000000ed400000, 0x00000000ed400000|100%| E|CS|TAMS 0x00000000ed300000| PB 0x00000000ed300000| Complete 
| 212|0x00000000ed400000, 0x00000000ed500000, 0x00000000ed500000|100%| E|CS|TAMS 0x00000000ed400000| PB 0x00000000ed400000| Complete 
| 213|0x00000000ed500000, 0x00000000ed600000, 0x00000000ed600000|100%| E|CS|TAMS 0x00000000ed500000| PB 0x00000000ed500000| Complete 
| 214|0x00000000ed600000, 0x00000000ed700000, 0x00000000ed700000|100%| E|CS|TAMS 0x00000000ed600000| PB 0x00000000ed600000| Complete 
| 215|0x00000000ed700000, 0x00000000ed800000, 0x00000000ed800000|100%| E|CS|TAMS 0x00000000ed700000| PB 0x00000000ed700000| Complete 
| 216|0x00000000ed800000, 0x00000000ed900000, 0x00000000ed900000|100%| E|CS|TAMS 0x00000000ed800000| PB 0x00000000ed800000| Complete 
| 217|0x00000000ed900000, 0x00000000eda00000, 0x00000000eda00000|100%| E|CS|TAMS 0x00000000ed900000| PB 0x00000000ed900000| Complete 
| 218|0x00000000eda00000, 0x00000000edb00000, 0x00000000edb00000|100%| E|CS|TAMS 0x00000000eda00000| PB 0x00000000eda00000| Complete 
| 219|0x00000000edb00000, 0x00000000edc00000, 0x00000000edc00000|100%| E|CS|TAMS 0x00000000edb00000| PB 0x00000000edb00000| Complete 
| 220|0x00000000edc00000, 0x00000000edd00000, 0x00000000edd00000|100%| E|CS|TAMS 0x00000000edc00000| PB 0x00000000edc00000| Complete 
| 221|0x00000000edd00000, 0x00000000ede00000, 0x00000000ede00000|100%| E|CS|TAMS 0x00000000edd00000| PB 0x00000000edd00000| Complete 
| 222|0x00000000ede00000, 0x00000000edf00000, 0x00000000edf00000|100%| E|CS|TAMS 0x00000000ede00000| PB 0x00000000ede00000| Complete 
| 223|0x00000000edf00000, 0x00000000ee000000, 0x00000000ee000000|100%| E|CS|TAMS 0x00000000edf00000| PB 0x00000000edf00000| Complete 
| 224|0x00000000ee000000, 0x00000000ee100000, 0x00000000ee100000|100%| E|CS|TAMS 0x00000000ee000000| PB 0x00000000ee000000| Complete 
| 225|0x00000000ee100000, 0x00000000ee200000, 0x00000000ee200000|100%| E|CS|TAMS 0x00000000ee100000| PB 0x00000000ee100000| Complete 
| 226|0x00000000ee200000, 0x00000000ee300000, 0x00000000ee300000|100%| E|CS|TAMS 0x00000000ee200000| PB 0x00000000ee200000| Complete 
| 227|0x00000000ee300000, 0x00000000ee400000, 0x00000000ee400000|100%| E|CS|TAMS 0x00000000ee300000| PB 0x00000000ee300000| Complete 
| 228|0x00000000ee400000, 0x00000000ee500000, 0x00000000ee500000|100%| E|CS|TAMS 0x00000000ee400000| PB 0x00000000ee400000| Complete 
| 229|0x00000000ee500000, 0x00000000ee600000, 0x00000000ee600000|100%| E|CS|TAMS 0x00000000ee500000| PB 0x00000000ee500000| Complete 
| 230|0x00000000ee600000, 0x00000000ee700000, 0x00000000ee700000|100%| E|CS|TAMS 0x00000000ee600000| PB 0x00000000ee600000| Complete 
| 231|0x00000000ee700000, 0x00000000ee800000, 0x00000000ee800000|100%| E|CS|TAMS 0x00000000ee700000| PB 0x00000000ee700000| Complete 
| 232|0x00000000ee800000, 0x00000000ee900000, 0x00000000ee900000|100%| E|CS|TAMS 0x00000000ee800000| PB 0x00000000ee800000| Complete 
| 233|0x00000000ee900000, 0x00000000eea00000, 0x00000000eea00000|100%| E|CS|TAMS 0x00000000ee900000| PB 0x00000000ee900000| Complete 
| 234|0x00000000eea00000, 0x00000000eeb00000, 0x00000000eeb00000|100%| E|CS|TAMS 0x00000000eea00000| PB 0x00000000eea00000| Complete 
| 235|0x00000000eeb00000, 0x00000000eec00000, 0x00000000eec00000|100%| E|CS|TAMS 0x00000000eeb00000| PB 0x00000000eeb00000| Complete 
| 236|0x00000000eec00000, 0x00000000eec4a280, 0x00000000eed00000| 28%| S|CS|TAMS 0x00000000eec00000| PB 0x00000000eec00000| Complete 
| 237|0x00000000eed00000, 0x00000000eee00000, 0x00000000eee00000|100%| S|CS|TAMS 0x00000000eed00000| PB 0x00000000eed00000| Complete 
| 238|0x00000000eee00000, 0x00000000eef00000, 0x00000000eef00000|100%| S|CS|TAMS 0x00000000eee00000| PB 0x00000000eee00000| Complete 
| 239|0x00000000eef00000, 0x00000000ef000000, 0x00000000ef000000|100%| S|CS|TAMS 0x00000000eef00000| PB 0x00000000eef00000| Complete 
| 240|0x00000000ef000000, 0x00000000ef100000, 0x00000000ef100000|100%| S|CS|TAMS 0x00000000ef000000| PB 0x00000000ef000000| Complete 
| 241|0x00000000ef100000, 0x00000000ef200000, 0x00000000ef200000|100%| S|CS|TAMS 0x00000000ef100000| PB 0x00000000ef100000| Complete 
| 242|0x00000000ef200000, 0x00000000ef300000, 0x00000000ef300000|100%| S|CS|TAMS 0x00000000ef200000| PB 0x00000000ef200000| Complete 
| 243|0x00000000ef300000, 0x00000000ef400000, 0x00000000ef400000|100%| E|CS|TAMS 0x00000000ef300000| PB 0x00000000ef300000| Complete 
| 244|0x00000000ef400000, 0x00000000ef500000, 0x00000000ef500000|100%| E|CS|TAMS 0x00000000ef400000| PB 0x00000000ef400000| Complete 
| 245|0x00000000ef500000, 0x00000000ef600000, 0x00000000ef600000|100%| E|CS|TAMS 0x00000000ef500000| PB 0x00000000ef500000| Complete 
| 246|0x00000000ef600000, 0x00000000ef700000, 0x00000000ef700000|100%| E|CS|TAMS 0x00000000ef600000| PB 0x00000000ef600000| Complete 
| 247|0x00000000ef700000, 0x00000000ef800000, 0x00000000ef800000|100%| E|CS|TAMS 0x00000000ef700000| PB 0x00000000ef700000| Complete 
| 248|0x00000000ef800000, 0x00000000ef900000, 0x00000000ef900000|100%| E|CS|TAMS 0x00000000ef800000| PB 0x00000000ef800000| Complete 
| 249|0x00000000ef900000, 0x00000000efa00000, 0x00000000efa00000|100%| E|CS|TAMS 0x00000000ef900000| PB 0x00000000ef900000| Complete 
| 250|0x00000000efa00000, 0x00000000efb00000, 0x00000000efb00000|100%| E|CS|TAMS 0x00000000efa00000| PB 0x00000000efa00000| Complete 
| 251|0x00000000efb00000, 0x00000000efc00000, 0x00000000efc00000|100%| S|CS|TAMS 0x00000000efb00000| PB 0x00000000efb00000| Complete 
| 252|0x00000000efc00000, 0x00000000efd00000, 0x00000000efd00000|100%| S|CS|TAMS 0x00000000efc00000| PB 0x00000000efc00000| Complete 
| 253|0x00000000efd00000, 0x00000000efe00000, 0x00000000efe00000|100%| E|CS|TAMS 0x00000000efd00000| PB 0x00000000efd00000| Complete 
| 254|0x00000000efe00000, 0x00000000eff00000, 0x00000000eff00000|100%| E|CS|TAMS 0x00000000efe00000| PB 0x00000000efe00000| Complete 
| 255|0x00000000eff00000, 0x00000000f0000000, 0x00000000f0000000|100%| E|CS|TAMS 0x00000000eff00000| PB 0x00000000eff00000| Complete 

Card table byte_map: [0x000001ad34b70000,0x000001ad34c70000] _byte_map_base: 0x000001ad34470000

Marking Bits: (CMBitMap*) 0x000001ad1b1ecc80
 Bits: [0x000001ad34c70000, 0x000001ad35470000)

Polling page: 0x000001ad1b290000

Metaspace:

Usage:
  Non-class:     43.01 MB used.
      Class:      7.26 MB used.
       Both:     50.27 MB used.

Virtual space:
  Non-class space:       64.00 MB reserved,      43.88 MB ( 69%) committed,  1 nodes.
      Class space:      320.00 MB reserved,       8.12 MB (  3%) committed,  1 nodes.
             Both:      384.00 MB reserved,      52.00 MB ( 14%) committed. 

Chunk freelists:
   Non-Class:  3.83 MB
       Class:  7.82 MB
        Both:  11.65 MB

MaxMetaspaceSize: 384.00 MB
CompressedClassSpaceSize: 320.00 MB
Initial GC threshold: 21.00 MB
Current GC threshold: 60.31 MB
CDS: on
 - commit_granule_bytes: 65536.
 - commit_granule_words: 8192.
 - virtual_space_node_default_size: 8388608.
 - enlarge_chunks_in_place: 1.
 - use_allocation_guard: 0.


Internal statistics:

num_allocs_failed_limit: 15.
num_arena_births: 3198.
num_arena_deaths: 0.
num_vsnodes_births: 2.
num_vsnodes_deaths: 0.
num_space_committed: 832.
num_space_uncommitted: 0.
num_chunks_returned_to_freelist: 15.
num_chunks_taken_from_freelist: 5666.
num_chunk_merges: 15.
num_chunk_splits: 3655.
num_chunks_enlarged: 2198.
num_inconsistent_stats: 0.

CodeHeap 'non-profiled nmethods': size=120000Kb used=3215Kb max_used=3215Kb free=116784Kb
 bounds [0x000001ad2c8b0000, 0x000001ad2cbe0000, 0x000001ad33de0000]
CodeHeap 'profiled nmethods': size=120000Kb used=11238Kb max_used=11238Kb free=108761Kb
 bounds [0x000001ad24de0000, 0x000001ad258e0000, 0x000001ad2c310000]
CodeHeap 'non-nmethods': size=5760Kb used=2732Kb max_used=2768Kb free=3027Kb
 bounds [0x000001ad2c310000, 0x000001ad2c5d0000, 0x000001ad2c8b0000]
 total_blobs=6568 nmethods=5705 adapters=766
 compilation: enabled
              stopped_count=0, restarted_count=0
 full_count=0

Compilation events (20 events):
Event: 84.359 Thread 0x000001ad38120790 nmethod 6144 0x000001ad258cba10 code [0x000001ad258cbc40, 0x000001ad258cc508]
Event: 84.369 Thread 0x000001ad38120790 6146       3       org.gradle.internal.util.Trie::find (135 bytes)
Event: 84.370 Thread 0x000001ad38120790 nmethod 6146 0x000001ad258cc810 code [0x000001ad258cca40, 0x000001ad258cd228]
Event: 84.370 Thread 0x000001ad38120790 6145       3       org.gradle.internal.classloader.FilteringClassLoader$TrieSet::find (9 bytes)
Event: 84.370 Thread 0x000001ad38120790 nmethod 6145 0x000001ad258cd510 code [0x000001ad258cd6c0, 0x000001ad258cd820]
Event: 84.426 Thread 0x000001ad38120790 6147       3       org.gradle.internal.io.StreamByteBuffer$StreamByteBufferChunk::spaceLeft (10 bytes)
Event: 84.426 Thread 0x000001ad38120790 nmethod 6147 0x000001ad258cd910 code [0x000001ad258cdaa0, 0x000001ad258cdbb8]
Event: 84.436 Thread 0x000001ad38120790 6148       1       com.google.common.collect.MapMakerInternalMap$AbstractStrongKeyEntry::getKey (5 bytes)
Event: 84.437 Thread 0x000001ad38120790 nmethod 6148 0x000001ad2cbd2a10 code [0x000001ad2cbd2ba0, 0x000001ad2cbd2c68]
Event: 84.438 Thread 0x000001ad38120790 6149       3       org.gradle.internal.io.StreamByteBuffer::allocateSpace (73 bytes)
Event: 84.438 Thread 0x000001ad38120790 nmethod 6149 0x000001ad258cdc90 code [0x000001ad258cdea0, 0x000001ad258ce620]
Event: 84.461 Thread 0x000001ad3811e110 6150   !   4       java.net.URLClassLoader$1::run (81 bytes)
Event: 84.483 Thread 0x000001ad38120790 6152       1       groovy.lang.MetaClassImpl$MethodIndexAction::skipClass (2 bytes)
Event: 84.483 Thread 0x000001ad38120790 nmethod 6152 0x000001ad2cbd2d10 code [0x000001ad2cbd2ea0, 0x000001ad2cbd2f68]
Event: 84.493 Thread 0x000001ad38120790 6153       3       java.beans.Introspector::makeQualifiedMethodName (50 bytes)
Event: 84.493 Thread 0x000001ad38120790 nmethod 6153 0x000001ad258ce910 code [0x000001ad258ceb40, 0x000001ad258cf158]
Event: 84.515 Thread 0x000001ad38120790 6155       1       java.util.zip.ZipFile$ZipFileInputStream::size (5 bytes)
Event: 84.515 Thread 0x000001ad38120790 nmethod 6155 0x000001ad2cbd3010 code [0x000001ad2cbd31a0, 0x000001ad2cbd3268]
Event: 84.585 Thread 0x000001ad38120790 6156       3       com.google.common.collect.LinkedHashMultimap$ValueEntry::getSuccessorInValueSet (11 bytes)
Event: 84.586 Thread 0x000001ad38120790 nmethod 6156 0x000001ad258cf490 code [0x000001ad258cf660, 0x000001ad258cf9e0]

GC Heap History (12 events):
Event: 1.726 GC heap before
{Heap before GC invocations=0 (full 0):
 garbage-first heap   total 262144K, used 26624K [0x00000000e0000000, 0x0000000100000000)
  region size 1024K, 23 young (23552K), 0 survivors (0K)
 Metaspace       used 3220K, committed 3392K, reserved 393216K
  class space    used 411K, committed 448K, reserved 327680K
}
Event: 1.740 GC heap after
{Heap after GC invocations=1 (full 0):
 garbage-first heap   total 262144K, used 10377K [0x00000000e0000000, 0x0000000100000000)
  region size 1024K, 3 young (3072K), 3 survivors (3072K)
 Metaspace       used 3220K, committed 3392K, reserved 393216K
  class space    used 411K, committed 448K, reserved 327680K
}
Event: 3.723 GC heap before
{Heap before GC invocations=1 (full 0):
 garbage-first heap   total 262144K, used 39049K [0x00000000e0000000, 0x0000000100000000)
  region size 1024K, 32 young (32768K), 3 survivors (3072K)
 Metaspace       used 4124K, committed 4352K, reserved 393216K
  class space    used 503K, committed 640K, reserved 327680K
}
Event: 3.728 GC heap after
{Heap after GC invocations=2 (full 0):
 garbage-first heap   total 262144K, used 11693K [0x00000000e0000000, 0x0000000100000000)
  region size 1024K, 1 young (1024K), 1 survivors (1024K)
 Metaspace       used 4124K, committed 4352K, reserved 393216K
  class space    used 503K, committed 640K, reserved 327680K
}
Event: 11.612 GC heap before
{Heap before GC invocations=2 (full 0):
 garbage-first heap   total 262144K, used 117165K [0x00000000e0000000, 0x0000000100000000)
  region size 1024K, 105 young (107520K), 1 survivors (1024K)
 Metaspace       used 20899K, committed 21504K, reserved 393216K
  class space    used 3042K, committed 3328K, reserved 327680K
}
Event: 11.722 GC heap after
{Heap after GC invocations=3 (full 0):
 garbage-first heap   total 262144K, used 23372K [0x00000000e0000000, 0x0000000100000000)
  region size 1024K, 13 young (13312K), 13 survivors (13312K)
 Metaspace       used 20899K, committed 21504K, reserved 393216K
  class space    used 3042K, committed 3328K, reserved 327680K
}
Event: 19.270 GC heap before
{Heap before GC invocations=4 (full 0):
 garbage-first heap   total 262144K, used 126796K [0x00000000e0000000, 0x0000000100000000)
  region size 1024K, 116 young (118784K), 13 survivors (13312K)
 Metaspace       used 34792K, committed 35968K, reserved 393216K
  class space    used 4995K, committed 5568K, reserved 327680K
}
Event: 19.293 GC heap after
{Heap after GC invocations=5 (full 0):
 garbage-first heap   total 262144K, used 31646K [0x00000000e0000000, 0x0000000100000000)
  region size 1024K, 8 young (8192K), 8 survivors (8192K)
 Metaspace       used 34792K, committed 35968K, reserved 393216K
  class space    used 4995K, committed 5568K, reserved 327680K
}
Event: 19.470 GC heap before
{Heap before GC invocations=5 (full 0):
 garbage-first heap   total 262144K, used 35742K [0x00000000e0000000, 0x0000000100000000)
  region size 1024K, 13 young (13312K), 8 survivors (8192K)
 Metaspace       used 35119K, committed 36288K, reserved 393216K
  class space    used 5034K, committed 5632K, reserved 327680K
}
Event: 19.476 GC heap after
{Heap after GC invocations=6 (full 0):
 garbage-first heap   total 262144K, used 32072K [0x00000000e0000000, 0x0000000100000000)
  region size 1024K, 8 young (8192K), 8 survivors (8192K)
 Metaspace       used 35119K, committed 36288K, reserved 393216K
  class space    used 5034K, committed 5632K, reserved 327680K
}
Event: 19.529 GC heap before
{Heap before GC invocations=6 (full 0):
 garbage-first heap   total 262144K, used 38216K [0x00000000e0000000, 0x0000000100000000)
  region size 1024K, 11 young (11264K), 8 survivors (8192K)
 Metaspace       used 35445K, committed 36608K, reserved 393216K
  class space    used 5042K, committed 5632K, reserved 327680K
}
Event: 19.539 GC heap after
{Heap after GC invocations=7 (full 0):
 garbage-first heap   total 262144K, used 34417K [0x00000000e0000000, 0x0000000100000000)
  region size 1024K, 9 young (9216K), 9 survivors (9216K)
 Metaspace       used 35445K, committed 36608K, reserved 393216K
  class space    used 5042K, committed 5632K, reserved 327680K
}

Dll operation events (15 events):
Event: 0.021 Loaded shared library C:\Users\Admin\.jdks\openjdk-21.0.1\bin\java.dll
Event: 0.151 Loaded shared library C:\Users\Admin\.jdks\openjdk-21.0.1\bin\jsvml.dll
Event: 0.330 Loaded shared library C:\Users\Admin\.jdks\openjdk-21.0.1\bin\zip.dll
Event: 0.338 Loaded shared library C:\Users\Admin\.jdks\openjdk-21.0.1\bin\instrument.dll
Event: 0.359 Loaded shared library C:\Users\Admin\.jdks\openjdk-21.0.1\bin\net.dll
Event: 0.365 Loaded shared library C:\Users\Admin\.jdks\openjdk-21.0.1\bin\nio.dll
Event: 0.379 Loaded shared library C:\Users\Admin\.jdks\openjdk-21.0.1\bin\zip.dll
Event: 0.795 Loaded shared library C:\Users\Admin\.jdks\openjdk-21.0.1\bin\jimage.dll
Event: 0.927 Loaded shared library C:\Users\Admin\.jdks\openjdk-21.0.1\bin\verify.dll
Event: 1.465 Loaded shared library C:\Users\Admin\.gradle\native\c067742578af261105cb4f569cf0c3c89f3d7b1fecec35dd04571415982c5e48\windows-amd64\native-platform.dll
Event: 1.477 Loaded shared library C:\Users\Admin\.gradle\native\38dada09dfb8b06ba9b0570ebf7e218e3eb74d4ef43ca46872605cf95ebc2f47\windows-amd64\native-platform-file-events.dll
Event: 4.381 Loaded shared library C:\Users\Admin\.jdks\openjdk-21.0.1\bin\management.dll
Event: 4.390 Loaded shared library C:\Users\Admin\.jdks\openjdk-21.0.1\bin\management_ext.dll
Event: 5.181 Loaded shared library C:\Users\Admin\.jdks\openjdk-21.0.1\bin\extnet.dll
Event: 5.714 Loaded shared library C:\Users\Admin\.jdks\openjdk-21.0.1\bin\sunmscapi.dll

Deoptimization events (20 events):
Event: 83.392 Thread 0x000001ad5266c8d0 DEOPT PACKING pc=0x000001ad2c91fb7c sp=0x00000073bd6f7210
Event: 83.392 Thread 0x000001ad5266c8d0 DEOPT UNPACKING pc=0x000001ad2c3646a2 sp=0x00000073bd6f7170 mode 2
Event: 83.470 Thread 0x000001ad5266c8d0 Uncommon trap: trap_request=0xffffffbe fr.pc=0x000001ad2cbcc2fc relative=0x000000000000029c
Event: 83.470 Thread 0x000001ad5266c8d0 Uncommon trap: reason=profile_predicate action=maybe_recompile pc=0x000001ad2cbcc2fc method=sun.instrument.TransformerManager.transform(Ljava/lang/Module;Ljava/lang/ClassLoader;Ljava/lang/String;Ljava/lang/Class;Ljava/security/ProtectionDomain;[B)[B @ 21 
Event: 83.470 Thread 0x000001ad5266c8d0 DEOPT PACKING pc=0x000001ad2cbcc2fc sp=0x00000073bd6f5fb0
Event: 83.470 Thread 0x000001ad5266c8d0 DEOPT UNPACKING pc=0x000001ad2c3646a2 sp=0x00000073bd6f5f68 mode 2
Event: 83.472 Thread 0x000001ad5266c8d0 Uncommon trap: trap_request=0xffffffbe fr.pc=0x000001ad2cbcc2fc relative=0x000000000000029c
Event: 83.472 Thread 0x000001ad5266c8d0 Uncommon trap: reason=profile_predicate action=maybe_recompile pc=0x000001ad2cbcc2fc method=sun.instrument.TransformerManager.transform(Ljava/lang/Module;Ljava/lang/ClassLoader;Ljava/lang/String;Ljava/lang/Class;Ljava/security/ProtectionDomain;[B)[B @ 21 
Event: 83.472 Thread 0x000001ad5266c8d0 DEOPT PACKING pc=0x000001ad2cbcc2fc sp=0x00000073bd6f5590
Event: 83.472 Thread 0x000001ad5266c8d0 DEOPT UNPACKING pc=0x000001ad2c3646a2 sp=0x00000073bd6f5548 mode 2
Event: 83.474 Thread 0x000001ad5266c8d0 Uncommon trap: trap_request=0xffffffbe fr.pc=0x000001ad2cbcc2fc relative=0x000000000000029c
Event: 83.474 Thread 0x000001ad5266c8d0 Uncommon trap: reason=profile_predicate action=maybe_recompile pc=0x000001ad2cbcc2fc method=sun.instrument.TransformerManager.transform(Ljava/lang/Module;Ljava/lang/ClassLoader;Ljava/lang/String;Ljava/lang/Class;Ljava/security/ProtectionDomain;[B)[B @ 21 
Event: 83.474 Thread 0x000001ad5266c8d0 DEOPT PACKING pc=0x000001ad2cbcc2fc sp=0x00000073bd6f69d0
Event: 83.474 Thread 0x000001ad5266c8d0 DEOPT UNPACKING pc=0x000001ad2c3646a2 sp=0x00000073bd6f6988 mode 2
Event: 83.614 Thread 0x000001ad5266c8d0 Uncommon trap: trap_request=0xffffffbe fr.pc=0x000001ad2cbcc2fc relative=0x000000000000029c
Event: 83.614 Thread 0x000001ad5266c8d0 Uncommon trap: reason=profile_predicate action=maybe_recompile pc=0x000001ad2cbcc2fc method=sun.instrument.TransformerManager.transform(Ljava/lang/Module;Ljava/lang/ClassLoader;Ljava/lang/String;Ljava/lang/Class;Ljava/security/ProtectionDomain;[B)[B @ 21 
Event: 83.614 Thread 0x000001ad5266c8d0 DEOPT PACKING pc=0x000001ad2cbcc2fc sp=0x00000073bd6f3fc0
Event: 83.614 Thread 0x000001ad5266c8d0 DEOPT UNPACKING pc=0x000001ad2c3646a2 sp=0x00000073bd6f3f78 mode 2
Event: 83.774 Thread 0x000001ad5266c8d0 DEOPT PACKING pc=0x000001ad24ec3bc4 sp=0x00000073bd6f7c80
Event: 83.774 Thread 0x000001ad5266c8d0 DEOPT UNPACKING pc=0x000001ad2c364e42 sp=0x00000073bd6f70f0 mode 0

Classes loaded (20 events):
Event: 79.906 Loading class com/sun/org/apache/xerces/internal/utils/XMLSecurityManager
Event: 79.906 Loading class com/sun/org/apache/xerces/internal/utils/XMLSecurityManager done
Event: 79.906 Loading class com/sun/org/apache/xerces/internal/utils/XMLSecurityManager$Limit
Event: 79.907 Loading class com/sun/org/apache/xerces/internal/utils/XMLSecurityManager$Limit done
Event: 79.907 Loading class com/sun/org/apache/xerces/internal/utils/XMLSecurityManager$NameMap
Event: 79.907 Loading class com/sun/org/apache/xerces/internal/utils/XMLSecurityManager$NameMap done
Event: 79.907 Loading class com/sun/org/apache/xerces/internal/utils/XMLSecurityPropertyManager
Event: 79.907 Loading class com/sun/org/apache/xerces/internal/utils/XMLSecurityPropertyManager done
Event: 79.907 Loading class com/sun/org/apache/xerces/internal/utils/XMLSecurityPropertyManager$State
Event: 79.908 Loading class com/sun/org/apache/xerces/internal/utils/XMLSecurityPropertyManager$State done
Event: 79.908 Loading class com/sun/org/apache/xerces/internal/utils/XMLSecurityPropertyManager$Property
Event: 79.908 Loading class com/sun/org/apache/xerces/internal/utils/XMLSecurityPropertyManager$Property done
Event: 80.633 Loading class java/util/regex/Pattern$SliceI
Event: 80.634 Loading class java/util/regex/Pattern$SliceI done
Event: 80.838 Loading class java/lang/Byte$ByteCache
Event: 80.838 Loading class java/lang/Byte$ByteCache done
Event: 84.302 Loading class java/lang/ThreadDeath
Event: 84.303 Loading class java/lang/ThreadDeath done
Event: 84.304 Loading class sun/misc/SharedSecrets
Event: 84.304 Loading class sun/misc/SharedSecrets done

Classes unloaded (0 events):
No events

Classes redefined (0 events):
No events

Internal exceptions (20 events):
Event: 73.801 Thread 0x000001ad5266c8d0 Exception <a 'java/lang/NoSuchMethodError'{0x00000000ea462560}: 'java.lang.Object java.lang.invoke.DirectMethodHandle$Holder.invokeSpecial(java.lang.Object, java.lang.Object, java.lang.Object, java.lang.Object, java.lang.Object, java.lang.Object, java.lang.Object, java.lang.Object, java.lang.Object, java.lang.Object, java.lang.Object, java.lang.Object, java.lang.Object, java.lang.Object, java.lang.Object, java.lang.Object, java.lang.Object, java.lang.Object, java.lang.Object, java.lang.Object, java.lang.Ob
Event: 73.801 Thread 0x000001ad5266c8d0 Exception <a 'java/lang/NoSuchMethodError'{0x00000000ea468988}: 'java.lang.Object java.lang.invoke.DelegatingMethodHandle$Holder.reinvoke_L(java.lang.Object, java.lang.Object, java.lang.Object, java.lang.Object, java.lang.Object, java.lang.Object, java.lang.Object, java.lang.Object, java.lang.Object, java.lang.Object, java.lang.Object, java.lang.Object, java.lang.Object, java.lang.Object, java.lang.Object, java.lang.Object, java.lang.Object, java.lang.Object, java.lang.Object, java.lang.Object, java.lang.O
Event: 73.803 Thread 0x000001ad5266c8d0 Exception <a 'java/lang/NoSuchMethodError'{0x00000000ea474958}: 'java.lang.Object java.lang.invoke.DirectMethodHandle$Holder.invokeSpecial(java.lang.Object, java.lang.Object, java.lang.Object, java.lang.Object, java.lang.Object, java.lang.Object, java.lang.Object, java.lang.Object, java.lang.Object, java.lang.Object, java.lang.Object, java.lang.Object, java.lang.Object, java.lang.Object, java.lang.Object, java.lang.Object, java.lang.Object, java.lang.Object, java.lang.Object, java.lang.Object, java.lang.Ob
Event: 73.803 Thread 0x000001ad5266c8d0 Exception <a 'java/lang/NoSuchMethodError'{0x00000000ea47aba0}: 'java.lang.Object java.lang.invoke.Invokers$Holder.invoker(java.lang.Object, java.lang.Object, java.lang.Object, java.lang.Object, java.lang.Object, java.lang.Object, java.lang.Object, java.lang.Object, java.lang.Object, java.lang.Object, java.lang.Object, java.lang.Object, java.lang.Object, java.lang.Object, java.lang.Object, java.lang.Object, java.lang.Object, java.lang.Object, java.lang.Object, java.lang.Object, java.lang.Object, java.lang.
Event: 73.804 Thread 0x000001ad5266c8d0 Exception <a 'java/lang/NoSuchMethodError'{0x00000000ea4de328}: 'java.lang.Object java.lang.invoke.DelegatingMethodHandle$Holder.delegate(java.lang.Object, java.lang.Object, java.lang.Object, java.lang.Object, java.lang.Object, java.lang.Object, java.lang.Object, java.lang.Object, java.lang.Object, java.lang.Object, java.lang.Object, java.lang.Object, java.lang.Object, java.lang.Object, java.lang.Object, java.lang.Object, java.lang.Object, java.lang.Object, java.lang.Object, java.lang.Object, java.lang.Obj
Event: 76.994 Thread 0x000001ad5266c8d0 Exception <a 'java/lang/NoSuchMethodError'{0x00000000e9c50728}: 'java.lang.Object java.lang.invoke.DirectMethodHandle$Holder.newInvokeSpecial(java.lang.Object, java.lang.Object, java.lang.Object, java.lang.Object, int, java.lang.Object)'> (0x00000000e9c50728) 
thrown [s\open\src\hotspot\share\interpreter\linkResolver.cpp, line 773]
Event: 76.996 Thread 0x000001ad5266c8d0 Exception <a 'java/lang/NoSuchMethodError'{0x00000000e9c55790}: 'java.lang.Object java.lang.invoke.Invokers$Holder.linkToTargetMethod(java.lang.Object, java.lang.Object, java.lang.Object, int, java.lang.Object, java.lang.Object)'> (0x00000000e9c55790) 
thrown [s\open\src\hotspot\share\interpreter\linkResolver.cpp, line 773]
Event: 77.120 Thread 0x000001ad5266c8d0 Exception <a 'java/lang/IncompatibleClassChangeError'{0x00000000e9710700}: Found class java.lang.Object, but interface was expected> (0x00000000e9710700) 
thrown [s\open\src\hotspot\share\interpreter\linkResolver.cpp, line 840]
Event: 77.121 Thread 0x000001ad52373a10 Exception <a 'java/lang/IncompatibleClassChangeError'{0x00000000e991e610}: Found class java.lang.Object, but interface was expected> (0x00000000e991e610) 
thrown [s\open\src\hotspot\share\interpreter\linkResolver.cpp, line 840]
Event: 77.226 Thread 0x000001ad52373a10 Exception <a 'java/lang/NoSuchMethodError'{0x00000000e97de7a8}: 'java.lang.Object java.lang.invoke.DirectMethodHandle$Holder.invokeVirtual(java.lang.Object, java.lang.Object, int)'> (0x00000000e97de7a8) 
thrown [s\open\src\hotspot\share\interpreter\linkResolver.cpp, line 773]
Event: 77.242 Thread 0x000001ad52373a10 Exception <a 'java/lang/NoSuchMethodError'{0x00000000e9604760}: 'void java.lang.invoke.DirectMethodHandle$Holder.invokeStatic(java.lang.Object, java.lang.Object, java.lang.Object, int)'> (0x00000000e9604760) 
thrown [s\open\src\hotspot\share\interpreter\linkResolver.cpp, line 773]
Event: 79.924 Thread 0x000001ad5266c8d0 Exception <a 'java/lang/NoSuchMethodError'{0x00000000e8cb67a0}: 'java.lang.Object java.lang.invoke.DirectMethodHandle$Holder.newInvokeSpecial(java.lang.Object, java.lang.Object, java.lang.Object, java.lang.Object, java.lang.Object, java.lang.Object, java.lang.Object, java.lang.Object, java.lang.Object, java.lang.Object, java.lang.Object, java.lang.Object, java.lang.Object, java.lang.Object, java.lang.Object, java.lang.Object)'> (0x00000000e8cb67a0) 
thrown [s\open\src\hotspot\share\interpreter\linkResolver
Event: 79.929 Thread 0x000001ad5266c8d0 Exception <a 'java/lang/NoSuchMethodError'{0x00000000e8cbd3e8}: 'java.lang.Object java.lang.invoke.DirectMethodHandle$Holder.invokeSpecial(java.lang.Object, java.lang.Object, java.lang.Object, java.lang.Object, java.lang.Object, java.lang.Object, java.lang.Object, java.lang.Object, java.lang.Object, java.lang.Object, java.lang.Object, java.lang.Object, java.lang.Object, java.lang.Object, java.lang.Object, java.lang.Object, java.lang.Object)'> (0x00000000e8cbd3e8) 
thrown [s\open\src\hotspot\share\interpret
Event: 79.930 Thread 0x000001ad5266c8d0 Exception <a 'java/lang/NoSuchMethodError'{0x00000000e8cc2fb8}: 'java.lang.Object java.lang.invoke.DelegatingMethodHandle$Holder.reinvoke_L(java.lang.Object, java.lang.Object, java.lang.Object, java.lang.Object, java.lang.Object, java.lang.Object, java.lang.Object, java.lang.Object, java.lang.Object, java.lang.Object, java.lang.Object, java.lang.Object, java.lang.Object, java.lang.Object, java.lang.Object, java.lang.Object)'> (0x00000000e8cc2fb8) 
thrown [s\open\src\hotspot\share\interpreter\linkResolver.c
Event: 82.730 Thread 0x000001ad5266c8d0 Exception <a 'java/lang/NoSuchMethodError'{0x00000000e7ab2b60}: 'java.lang.Object java.lang.invoke.DirectMethodHandle$Holder.newInvokeSpecial(java.lang.Object, java.lang.Object, java.lang.Object, java.lang.Object, java.lang.Object, java.lang.Object, java.lang.Object, java.lang.Object, java.lang.Object, java.lang.Object, java.lang.Object, java.lang.Object, java.lang.Object, java.lang.Object, java.lang.Object, java.lang.Object, java.lang.Object, java.lang.Object, java.lang.Object, java.lang.Object, java.lang
Event: 84.304 Thread 0x000001ad5266c8d0 Exception <a 'java/lang/ClassNotFoundException'{0x00000000e702ad78}: sun/misc/SharedSecrets> (0x00000000e702ad78) 
thrown [s\open\src\hotspot\share\classfile\systemDictionary.cpp, line 312]
Event: 84.305 Thread 0x000001ad5266c8d0 Exception <a 'java/lang/NoClassDefFoundError'{0x00000000e702c0d0}: org/jetbrains/kotlin/gradle/plugin/KotlinPluginWrapper> (0x00000000e702c0d0) 
thrown [s\open\src\hotspot\share\classfile\systemDictionary.cpp, line 301]
Event: 84.305 Thread 0x000001ad5266c8d0 Exception <a 'java/lang/NoClassDefFoundError'{0x00000000e7032548}: org/graalvm/buildtools/gradle/NativeImagePlugin> (0x00000000e7032548) 
thrown [s\open\src\hotspot\share\classfile\systemDictionary.cpp, line 301]
Event: 84.487 Thread 0x000001ad5266c8d0 Exception <a 'java/lang/ClassNotFoundException'{0x00000000e6ff2c70}: io/spring/gradle/dependencymanagement/internal/dsl/StandardDependencyManagementExtensionBeanInfo> (0x00000000e6ff2c70) 
thrown [s\open\src\hotspot\share\classfile\systemDictionary.cpp, line 312]
Event: 84.488 Thread 0x000001ad5266c8d0 Exception <a 'java/lang/ClassNotFoundException'{0x00000000e6ffbe48}: io/spring/gradle/dependencymanagement/internal/dsl/StandardDependencyManagementExtensionCustomizer> (0x00000000e6ffbe48) 
thrown [s\open\src\hotspot\share\classfile\systemDictionary.cpp, line 312]

ZGC Phase Switch (0 events):
No events

VM Operations (20 events):
Event: 75.830 Executing VM operation: Cleanup
Event: 75.831 Executing VM operation: Cleanup done
Event: 76.844 Executing VM operation: Cleanup
Event: 76.844 Executing VM operation: Cleanup done
Event: 76.990 Executing VM operation: HandshakeAllThreads (Deoptimize)
Event: 76.990 Executing VM operation: HandshakeAllThreads (Deoptimize) done
Event: 77.013 Executing VM operation: HandshakeAllThreads (Deoptimize)
Event: 77.013 Executing VM operation: HandshakeAllThreads (Deoptimize) done
Event: 78.018 Executing VM operation: Cleanup
Event: 78.018 Executing VM operation: Cleanup done
Event: 79.030 Executing VM operation: Cleanup
Event: 79.047 Executing VM operation: Cleanup done
Event: 81.050 Executing VM operation: Cleanup
Event: 81.066 Executing VM operation: Cleanup done
Event: 82.077 Executing VM operation: Cleanup
Event: 82.111 Executing VM operation: Cleanup done
Event: 83.118 Executing VM operation: Cleanup
Event: 83.150 Executing VM operation: Cleanup done
Event: 84.152 Executing VM operation: Cleanup
Event: 84.152 Executing VM operation: Cleanup done

Events (20 events):
Event: 21.170 Thread 0x000001ad54fc21f0 Thread added: 0x000001ad54fc21f0
Event: 21.361 Thread 0x000001ad54fc9810 Thread added: 0x000001ad54fc9810
Event: 21.437 Thread 0x000001ad54fc9810 Thread exited: 0x000001ad54fc9810
Event: 21.455 Thread 0x000001ad54fc9810 Thread added: 0x000001ad54fc9810
Event: 22.219 Thread 0x000001ad530c9fe0 Thread added: 0x000001ad530c9fe0
Event: 64.838 Thread 0x000001ad530ca670 Thread added: 0x000001ad530ca670
Event: 73.781 Thread 0x000001ad530c92c0 Thread added: 0x000001ad530c92c0
Event: 77.054 Thread 0x000001ad530c9950 Thread added: 0x000001ad530c9950
Event: 77.054 Thread 0x000001ad52376e90 Thread added: 0x000001ad52376e90
Event: 77.055 Thread 0x000001ad52378240 Thread added: 0x000001ad52378240
Event: 77.055 Thread 0x000001ad52376170 Thread added: 0x000001ad52376170
Event: 77.055 Thread 0x000001ad5237a9a0 Thread added: 0x000001ad5237a9a0
Event: 77.056 Thread 0x000001ad523788d0 Thread added: 0x000001ad523788d0
Event: 77.056 Thread 0x000001ad52375ae0 Thread added: 0x000001ad52375ae0
Event: 77.063 Thread 0x000001ad52373a10 Thread added: 0x000001ad52373a10
Event: 77.063 Thread 0x000001ad52377520 Thread added: 0x000001ad52377520
Event: 77.064 Thread 0x000001ad5237b030 Thread added: 0x000001ad5237b030
Event: 77.064 Thread 0x000001ad52378f60 Thread added: 0x000001ad52378f60
Event: 80.806 Thread 0x000001ad52377bb0 Thread added: 0x000001ad52377bb0
Event: 81.732 Thread 0x000001ad54fc21f0 Thread exited: 0x000001ad54fc21f0


Dynamic libraries:
0x00007ff798830000 - 0x00007ff79883e000 	C:\Users\Admin\.jdks\openjdk-21.0.1\bin\java.exe
0x00007ffbf05d0000 - 0x00007ffbf07c8000 	C:\Windows\SYSTEM32\ntdll.dll
0x00007ffbefb90000 - 0x00007ffbefc4d000 	C:\Windows\System32\KERNEL32.DLL
0x00007ffbee0a0000 - 0x00007ffbee396000 	C:\Windows\System32\KERNELBASE.dll
0x00007ffbedc80000 - 0x00007ffbedd80000 	C:\Windows\System32\ucrtbase.dll
0x00007ffbe7be0000 - 0x00007ffbe7bfb000 	C:\Users\Admin\.jdks\openjdk-21.0.1\bin\VCRUNTIME140.dll
0x00007ffbe8370000 - 0x00007ffbe8388000 	C:\Users\Admin\.jdks\openjdk-21.0.1\bin\jli.dll
0x00007ffbee600000 - 0x00007ffbee79e000 	C:\Windows\System32\USER32.dll
0x00007ffbee5d0000 - 0x00007ffbee5f2000 	C:\Windows\System32\win32u.dll
0x00007ffbeed70000 - 0x00007ffbeed9b000 	C:\Windows\System32\GDI32.dll
0x00007ffbee410000 - 0x00007ffbee527000 	C:\Windows\System32\gdi32full.dll
0x00007ffbee530000 - 0x00007ffbee5cd000 	C:\Windows\System32\msvcp_win.dll
0x00007ffbdd830000 - 0x00007ffbddaca000 	C:\Windows\WinSxS\amd64_microsoft.windows.common-controls_6595b64144ccf1df_6.0.19041.3636_none_60b6a03d71f818d5\COMCTL32.dll
0x00007ffbef730000 - 0x00007ffbef7ce000 	C:\Windows\System32\msvcrt.dll
0x00007ffbefc50000 - 0x00007ffbefc82000 	C:\Windows\System32\IMM32.DLL
0x00007ffbe8ee0000 - 0x00007ffbe8eec000 	C:\Users\Admin\.jdks\openjdk-21.0.1\bin\vcruntime140_1.dll
0x00007ffbe6270000 - 0x00007ffbe62fe000 	C:\Users\Admin\.jdks\openjdk-21.0.1\bin\msvcp140.dll
0x00007ffb8b750000 - 0x00007ffb8c465000 	C:\Users\Admin\.jdks\openjdk-21.0.1\bin\server\jvm.dll
0x00007ffbee940000 - 0x00007ffbee9f0000 	C:\Windows\System32\ADVAPI32.dll
0x00007ffbef7d0000 - 0x00007ffbef870000 	C:\Windows\System32\sechost.dll
0x00007ffbef570000 - 0x00007ffbef695000 	C:\Windows\System32\RPCRT4.dll
0x00007ffbee070000 - 0x00007ffbee097000 	C:\Windows\System32\bcrypt.dll
0x00007ffbf0520000 - 0x00007ffbf058b000 	C:\Windows\System32\WS2_32.dll
0x00007ffbe4680000 - 0x00007ffbe46a7000 	C:\Windows\SYSTEM32\WINMM.dll
0x00007ffbed220000 - 0x00007ffbed26b000 	C:\Windows\SYSTEM32\POWRPROF.dll
0x00007ffbe5590000 - 0x00007ffbe559a000 	C:\Windows\SYSTEM32\VERSION.dll
0x00007ffbed090000 - 0x00007ffbed0a2000 	C:\Windows\SYSTEM32\UMPDC.dll
0x00007ffbebb30000 - 0x00007ffbebb42000 	C:\Windows\SYSTEM32\kernel.appcore.dll
0x00007ffbe84b0000 - 0x00007ffbe84ba000 	C:\Users\Admin\.jdks\openjdk-21.0.1\bin\jimage.dll
0x00007ffbe3350000 - 0x00007ffbe3534000 	C:\Windows\SYSTEM32\DBGHELP.DLL
0x00007ffbdb080000 - 0x00007ffbdb0b4000 	C:\Windows\SYSTEM32\dbgcore.DLL
0x00007ffbedfe0000 - 0x00007ffbee062000 	C:\Windows\System32\bcryptPrimitives.dll
0x00007ffbe8460000 - 0x00007ffbe846f000 	C:\Users\Admin\.jdks\openjdk-21.0.1\bin\instrument.dll
0x00007ffbe63a0000 - 0x00007ffbe63bf000 	C:\Users\Admin\.jdks\openjdk-21.0.1\bin\java.dll
0x00007ffbeeda0000 - 0x00007ffbef50b000 	C:\Windows\System32\SHELL32.dll
0x00007ffbebd30000 - 0x00007ffbec4ce000 	C:\Windows\SYSTEM32\windows.storage.dll
0x00007ffbeea10000 - 0x00007ffbeed63000 	C:\Windows\System32\combase.dll
0x00007ffbed6b0000 - 0x00007ffbed6de000 	C:\Windows\SYSTEM32\Wldp.dll
0x00007ffbf03e0000 - 0x00007ffbf04ad000 	C:\Windows\System32\OLEAUT32.dll
0x00007ffbefc90000 - 0x00007ffbefd3d000 	C:\Windows\System32\SHCORE.dll
0x00007ffbee8c0000 - 0x00007ffbee915000 	C:\Windows\System32\shlwapi.dll
0x00007ffbedbb0000 - 0x00007ffbedbd5000 	C:\Windows\SYSTEM32\profapi.dll
0x00007ffbdadf0000 - 0x00007ffbdaec7000 	C:\Users\Admin\.jdks\openjdk-21.0.1\bin\jsvml.dll
0x00007ffbe6380000 - 0x00007ffbe6398000 	C:\Users\Admin\.jdks\openjdk-21.0.1\bin\zip.dll
0x00007ffbe8410000 - 0x00007ffbe8420000 	C:\Users\Admin\.jdks\openjdk-21.0.1\bin\net.dll
0x00007ffbe6910000 - 0x00007ffbe6a1a000 	C:\Windows\SYSTEM32\WINHTTP.dll
0x00007ffbed410000 - 0x00007ffbed47a000 	C:\Windows\system32\mswsock.dll
0x00007ffbe6360000 - 0x00007ffbe6376000 	C:\Users\Admin\.jdks\openjdk-21.0.1\bin\nio.dll
0x00007ffbe8290000 - 0x00007ffbe82a0000 	C:\Users\Admin\.jdks\openjdk-21.0.1\bin\verify.dll
0x00007ffbdcee0000 - 0x00007ffbdcf07000 	C:\Users\Admin\.gradle\native\c067742578af261105cb4f569cf0c3c89f3d7b1fecec35dd04571415982c5e48\windows-amd64\native-platform.dll
0x00007ffbbdc40000 - 0x00007ffbbdd84000 	C:\Users\Admin\.gradle\native\38dada09dfb8b06ba9b0570ebf7e218e3eb74d4ef43ca46872605cf95ebc2f47\windows-amd64\native-platform-file-events.dll
0x00007ffbe7ce0000 - 0x00007ffbe7cea000 	C:\Users\Admin\.jdks\openjdk-21.0.1\bin\management.dll
0x00007ffbe6350000 - 0x00007ffbe635b000 	C:\Users\Admin\.jdks\openjdk-21.0.1\bin\management_ext.dll
0x00007ffbee920000 - 0x00007ffbee928000 	C:\Windows\System32\PSAPI.DLL
0x00007ffbed610000 - 0x00007ffbed628000 	C:\Windows\SYSTEM32\CRYPTSP.dll
0x00007ffbeccd0000 - 0x00007ffbecd04000 	C:\Windows\system32\rsaenh.dll
0x00007ffbedb30000 - 0x00007ffbedb5e000 	C:\Windows\SYSTEM32\USERENV.dll
0x00007ffbed600000 - 0x00007ffbed60c000 	C:\Windows\SYSTEM32\CRYPTBASE.dll
0x00007ffbed0b0000 - 0x00007ffbed0eb000 	C:\Windows\SYSTEM32\IPHLPAPI.DLL
0x00007ffbf0510000 - 0x00007ffbf0518000 	C:\Windows\System32\NSI.dll
0x00007ffbe6260000 - 0x00007ffbe6267000 	C:\Users\Admin\.jdks\openjdk-21.0.1\bin\extnet.dll
0x00007ffbe6250000 - 0x00007ffbe625e000 	C:\Users\Admin\.jdks\openjdk-21.0.1\bin\sunmscapi.dll
0x00007ffbedd80000 - 0x00007ffbededd000 	C:\Windows\System32\CRYPT32.dll
0x00007ffbed720000 - 0x00007ffbed748000 	C:\Windows\SYSTEM32\ncrypt.dll
0x00007ffbed6e0000 - 0x00007ffbed71b000 	C:\Windows\SYSTEM32\NTASN1.dll
0x00007ffbe6ec0000 - 0x00007ffbe6ec7000 	C:\Windows\system32\wshunix.dll

dbghelp: loaded successfully - version: 4.0.5 - missing functions: none
symbol engine: initialized successfully - sym options: 0x614 - pdb path: .;C:\Users\Admin\.jdks\openjdk-21.0.1\bin;C:\Windows\SYSTEM32;C:\Windows\WinSxS\amd64_microsoft.windows.common-controls_6595b64144ccf1df_6.0.19041.3636_none_60b6a03d71f818d5;C:\Users\Admin\.jdks\openjdk-21.0.1\bin\server;C:\Users\Admin\.gradle\native\c067742578af261105cb4f569cf0c3c89f3d7b1fecec35dd04571415982c5e48\windows-amd64;C:\Users\Admin\.gradle\native\38dada09dfb8b06ba9b0570ebf7e218e3eb74d4ef43ca46872605cf95ebc2f47\windows-amd64

VM Arguments:
jvm_args: --add-opens=java.base/java.util=ALL-UNNAMED --add-opens=java.base/java.lang=ALL-UNNAMED --add-opens=java.base/java.lang.invoke=ALL-UNNAMED --add-opens=java.prefs/java.util.prefs=ALL-UNNAMED --add-opens=java.base/java.nio.charset=ALL-UNNAMED --add-opens=java.base/java.net=ALL-UNNAMED --add-opens=java.base/java.util.concurrent.atomic=ALL-UNNAMED -XX:MaxMetaspaceSize=384m -XX:+HeapDumpOnOutOfMemoryError -Xms256m -Xmx512m -Dfile.encoding=windows-1252 -Duser.country=US -Duser.language=en -Duser.variant -javaagent:C:\Users\Admin\.gradle\wrapper\dists\gradle-8.6-bin\afr5mpiioh2wthjmwnkmdsd5w\gradle-8.6\lib\agents\gradle-instrumentation-agent-8.6.jar 
java_command: org.gradle.launcher.daemon.bootstrap.GradleDaemon 8.6
java_class_path (initial): C:\Users\Admin\.gradle\wrapper\dists\gradle-8.6-bin\afr5mpiioh2wthjmwnkmdsd5w\gradle-8.6\lib\gradle-launcher-8.6.jar
Launcher Type: SUN_STANDARD

[Global flags]
     intx CICompilerCount                          = 4                                         {product} {ergonomic}
   size_t CompressedClassSpaceSize                 = 335544320                                 {product} {ergonomic}
     uint ConcGCThreads                            = 3                                         {product} {ergonomic}
     uint G1ConcRefinementThreads                  = 10                                        {product} {ergonomic}
   size_t G1HeapRegionSize                         = 1048576                                   {product} {ergonomic}
    uintx GCDrainStackTargetSize                   = 64                                        {product} {ergonomic}
     bool HeapDumpOnOutOfMemoryError               = true                                   {manageable} {command line}
   size_t InitialHeapSize                          = 268435456                                 {product} {command line}
   size_t MarkStackSize                            = 4194304                                   {product} {ergonomic}
   size_t MaxHeapSize                              = 536870912                                 {product} {command line}
   size_t MaxMetaspaceSize                         = 402653184                                 {product} {command line}
   size_t MaxNewSize                               = 321912832                                 {product} {ergonomic}
   size_t MinHeapDeltaBytes                        = 1048576                                   {product} {ergonomic}
   size_t MinHeapSize                              = 268435456                                 {product} {command line}
    uintx NonNMethodCodeHeapSize                   = 5839372                                {pd product} {ergonomic}
    uintx NonProfiledCodeHeapSize                  = 122909434                              {pd product} {ergonomic}
    uintx ProfiledCodeHeapSize                     = 122909434                              {pd product} {ergonomic}
    uintx ReservedCodeCacheSize                    = 251658240                              {pd product} {ergonomic}
     bool SegmentedCodeCache                       = true                                      {product} {ergonomic}
   size_t SoftMaxHeapSize                          = 536870912                              {manageable} {ergonomic}
     bool UseCompressedOops                        = true                           {product lp64_product} {ergonomic}
     bool UseG1GC                                  = true                                      {product} {ergonomic}
     bool UseLargePagesIndividualAllocation        = false                                  {pd product} {ergonomic}

Logging:
Log output configuration:
 #0: stdout all=warning uptime,level,tags foldmultilines=false
 #1: stderr all=off uptime,level,tags foldmultilines=false

Environment Variables:
PATH=C:\Program Files (x86)\Common Files\Oracle\Java\javapath;C:\ProgramData\Oracle\Java\javapath;C:\Program Files\Common Files\Oracle\Java\javapath;C:\Windows\system32;C:\Windows;C:\Windows\System32\Wbem;C:\Windows\System32\WindowsPowerShell\v1.0\;C:\Windows\System32\OpenSSH\;C:\Program Files (x86)\NVIDIA Corporation\PhysX\Common;C:\Program Files (x86)\Microsoft SQL Server\160\Tools\Binn\;C:\Program Files\Microsoft SQL Server\160\Tools\Binn\;C:\Program Files\Microsoft SQL Server\Client SDK\ODBC\170\Tools\Binn\;C:\Program Files\Microsoft SQL Server\160\DTS\Binn\;C:\Program Files\Azure Data Studio\bin;C:\Program Files\Microsoft SQL Server\150\Tools\Binn\;C:\Program Files\dotnet\;C:\Program Files\MongoDB\Server\6.0\bin;C:\Program Files\Git\cmd;C:\ProgramData\chocolatey\bin;C:\Program Files\nodejs\;C:\Program Files\Cloudflare\Cloudflare WARP\;C:\Users\Admin\AppData\Local\Microsoft\WindowsApps;C:\Program Files\Azure Data Studio\bin;C:\Users\Admin\AppData\Local\Programs\Microsoft VS Code\bin;C:\Users\Admin\.dotnet\tools;C:\Program Files\JetBrains\IntelliJ IDEA Community Edition 2022.3\bin;;C:\Users\Admin\AppData\Local\GitHubDesktop\bin;C:\Users\Admin\AppData\Roaming\npm
USERNAME=Admin
OS=Windows_NT
PROCESSOR_IDENTIFIER=AMD64 Family 23 Model 96 Stepping 1, AuthenticAMD
TMP=C:\Users\Admin\AppData\Local\Temp
TEMP=C:\Users\Admin\AppData\Local\Temp




Periodic native trim disabled

---------------  S Y S T E M  ---------------

OS:
 Windows 10 , 64 bit Build 19041 (10.0.19041.3636)
OS uptime: 0 days 9:51 hours

CPU: total 12 (initial active 12) (12 cores per cpu, 2 threads per core) family 23 model 96 stepping 1 microcode 0x0, cx8, cmov, fxsr, ht, mmx, 3dnowpref, sse, sse2, sse3, ssse3, sse4a, sse4.1, sse4.2, popcnt, lzcnt, tsc, tscinvbit, avx, avx2, aes, clmul, bmi1, bmi2, adx, sha, fma, vzeroupper, clflush, clflushopt, rdtscp, rdpid, f16c
Processor Information for all 12 processors :
  Max Mhz: 3000, Current Mhz: 3000, Mhz Limit: 3000

Memory: 4k page, system-wide physical 7549M (18M free)
TotalPageFile size 28493M (AvailPageFile size 0M)
current process WorkingSet (physical memory assigned to process): 133M, peak: 288M
current process commit charge ("private bytes"): 470M, peak: 472M

vm_info: OpenJDK 64-Bit Server VM (21.0.1+12-29) for windows-amd64 JRE (21.0.1+12-29), built on 2023-10-05T13:27:09Z by "mach5one" with MS VC++ 17.1 (VS2022)

END.
