#
# There is insufficient memory for the Java Runtime Environment to continue.
# Native memory allocation (malloc) failed to allocate 32744 bytes for Chunk::new
# Possible reasons:
#   The system is out of physical RAM or swap space
#   The process is running with CompressedOops enabled, and the Java Heap may be blocking the growth of the native heap
# Possible solutions:
#   Reduce memory load on the system
#   Increase physical memory or swap space
#   Check if swap backing store is full
#   Decrease Java heap size (-Xmx/-Xms)
#   Decrease number of Java threads
#   Decrease Java thread stack sizes (-Xss)
#   Set larger code cache with -XX:ReservedCodeCacheSize=
#   JVM is running with Unscaled Compressed Oops mode in which the Java heap is
#     placed in the first 4GB address space. The Java Heap base address is the
#     maximum limit for the native heap growth. Please use -XX:HeapBaseMinAddress
#     to set the Java Heap base and to place the Java Heap above 4GB virtual address.
# This output file may be truncated or incomplete.
#
#  Out of Memory Error (arena.cpp:168), pid=21712, tid=820
#
# JRE version: OpenJDK Runtime Environment (21.0.1+12) (build 21.0.1+12-29)
# Java VM: OpenJDK 64-Bit Server VM (21.0.1+12-29, mixed mode, sharing, tiered, compressed oops, compressed class ptrs, g1 gc, windows-amd64)
# No core dump will be written. Minidumps are not enabled by default on client versions of Windows
#

---------------  S U M M A R Y ------------

Command Line: --add-opens=java.base/java.util=ALL-UNNAMED --add-opens=java.base/java.lang=ALL-UNNAMED --add-opens=java.base/java.lang.invoke=ALL-UNNAMED --add-opens=java.prefs/java.util.prefs=ALL-UNNAMED --add-opens=java.base/java.nio.charset=ALL-UNNAMED --add-opens=java.base/java.net=ALL-UNNAMED --add-opens=java.base/java.util.concurrent.atomic=ALL-UNNAMED -XX:MaxMetaspaceSize=384m -XX:+HeapDumpOnOutOfMemoryError -Xms256m -Xmx512m -Dfile.encoding=windows-1252 -Duser.country=US -Duser.language=en -Duser.variant -javaagent:C:\Users\Admin\.gradle\wrapper\dists\gradle-8.6-bin\afr5mpiioh2wthjmwnkmdsd5w\gradle-8.6\lib\agents\gradle-instrumentation-agent-8.6.jar org.gradle.launcher.daemon.bootstrap.GradleDaemon 8.6

Host: AMD Ryzen 5 4600H with Radeon Graphics         , 12 cores, 7G,  Windows 10 , 64 bit Build 19041 (10.0.19041.3636)
Time: Wed Mar 27 09:06:53 2024 SE Asia Standard Time elapsed time: 69.612360 seconds (0d 0h 1m 9s)

---------------  T H R E A D  ---------------

Current thread (0x000002733c466d40):  JavaThread "C1 CompilerThread0" daemon [_thread_in_native, id=820, stack(0x000000f8fe400000,0x000000f8fe500000) (1024K)]


Current CompileTask:
C1:  69612 5466       3       java.util.concurrent.ConcurrentHashMap::containsKey (14 bytes)

Stack: [0x000000f8fe400000,0x000000f8fe500000]
Native frames: (J=compiled Java code, j=interpreted, Vv=VM code, C=native code)
V  [jvm.dll+0x6c9029]
V  [jvm.dll+0x854b81]
V  [jvm.dll+0x856e5e]
V  [jvm.dll+0x857543]
V  [jvm.dll+0x280c06]
V  [jvm.dll+0xc3ead]
V  [jvm.dll+0xc43c3]
V  [jvm.dll+0x282860]
V  [jvm.dll+0x154130]
V  [jvm.dll+0x153686]
V  [jvm.dll+0x1553ed]
V  [jvm.dll+0x2586b9]
V  [jvm.dll+0x256c9a]
V  [jvm.dll+0x3ef1b6]
V  [jvm.dll+0x7fd728]
V  [jvm.dll+0x6c777d]
C  [ucrtbase.dll+0x21bb2]
C  [KERNEL32.DLL+0x17344]
C  [ntdll.dll+0x526b1]


---------------  P R O C E S S  ---------------

Threads class SMR info:
_java_thread_list=0x0000027358fc02b0, length=51, elements={
0x000002731f2600b0, 0x000002733c459230, 0x000002733c45b7a0, 0x000002733c45c400,
0x000002733c45ee70, 0x000002733c460070, 0x000002733c4614f0, 0x000002733c462280,
0x000002733c466d40, 0x000002733c653910, 0x000002733c745f10, 0x0000027357376440,
0x0000027356a973d0, 0x00000273565ee860, 0x0000027356710720, 0x0000027356710d90,
0x0000027356b5fca0, 0x0000027356b83890, 0x0000027356891690, 0x0000027356894b10,
0x00000273568930d0, 0x0000027356893760, 0x0000027356893df0, 0x0000027356894480,
0x0000027356891d20, 0x0000027356892a40, 0x0000027357efe880, 0x0000027357f00950,
0x0000027357effc30, 0x0000027357f002c0, 0x0000027357efef10, 0x0000027357f00fe0,
0x0000027357eff5a0, 0x0000027357efe1f0, 0x0000027357649ef0, 0x000002735764bfc0,
0x000002735764c650, 0x0000027357650160, 0x000002735764da00, 0x000002735764f440,
0x00000273576507f0, 0x0000027357650e80, 0x000002735764a580, 0x000002735764e090,
0x000002735764b930, 0x000002735764b2a0, 0x000002735764e720, 0x000002735764edb0,
0x0000027357651510, 0x00000273564fba90, 0x00000273564fd4d0
}

Java Threads: ( => current thread )
  0x000002731f2600b0 JavaThread "main"                              [_thread_blocked, id=3300, stack(0x000000f8fd500000,0x000000f8fd600000) (1024K)]
  0x000002733c459230 JavaThread "Reference Handler"          daemon [_thread_blocked, id=21316, stack(0x000000f8fdd00000,0x000000f8fde00000) (1024K)]
  0x000002733c45b7a0 JavaThread "Finalizer"                  daemon [_thread_blocked, id=14036, stack(0x000000f8fde00000,0x000000f8fdf00000) (1024K)]
  0x000002733c45c400 JavaThread "Signal Dispatcher"          daemon [_thread_blocked, id=9676, stack(0x000000f8fdf00000,0x000000f8fe000000) (1024K)]
  0x000002733c45ee70 JavaThread "Attach Listener"            daemon [_thread_blocked, id=22124, stack(0x000000f8fe000000,0x000000f8fe100000) (1024K)]
  0x000002733c460070 JavaThread "Service Thread"             daemon [_thread_blocked, id=15276, stack(0x000000f8fe100000,0x000000f8fe200000) (1024K)]
  0x000002733c4614f0 JavaThread "Monitor Deflation Thread"   daemon [_thread_blocked, id=18788, stack(0x000000f8fe200000,0x000000f8fe300000) (1024K)]
  0x000002733c462280 JavaThread "C2 CompilerThread0"         daemon [_thread_in_native, id=6548, stack(0x000000f8fe300000,0x000000f8fe400000) (1024K)]
=>0x000002733c466d40 JavaThread "C1 CompilerThread0"         daemon [_thread_in_native, id=820, stack(0x000000f8fe400000,0x000000f8fe500000) (1024K)]
  0x000002733c653910 JavaThread "Common-Cleaner"             daemon [_thread_blocked, id=21248, stack(0x000000f8fe500000,0x000000f8fe600000) (1024K)]
  0x000002733c745f10 JavaThread "Notification Thread"        daemon [_thread_blocked, id=20044, stack(0x000000f8fe600000,0x000000f8fe700000) (1024K)]
  0x0000027357376440 JavaThread "Daemon health stats"               [_thread_blocked, id=23040, stack(0x000000f8fec00000,0x000000f8fed00000) (1024K)]
  0x0000027356a973d0 JavaThread "Incoming local TCP Connector on port 65261"        [_thread_in_native, id=23388, stack(0x000000f8fed00000,0x000000f8fee00000) (1024K)]
  0x00000273565ee860 JavaThread "Daemon periodic checks"            [_thread_blocked, id=23488, stack(0x000000f8fee00000,0x000000f8fef00000) (1024K)]
  0x0000027356710720 JavaThread "Daemon"                            [_thread_blocked, id=22588, stack(0x000000f8fef00000,0x000000f8ff000000) (1024K)]
  0x0000027356710d90 JavaThread "Handler for socket connection from /127.0.0.1:65261 to /127.0.0.1:65265"        [_thread_in_native, id=22580, stack(0x000000f8ff000000,0x000000f8ff100000) (1024K)]
  0x0000027356b5fca0 JavaThread "Cancel handler"                    [_thread_blocked, id=22572, stack(0x000000f8ff100000,0x000000f8ff200000) (1024K)]
  0x0000027356b83890 JavaThread "Daemon worker"                     [_thread_blocked, id=22796, stack(0x000000f8ff200000,0x000000f8ff300000) (1024K)]
  0x0000027356891690 JavaThread "Asynchronous log dispatcher for DefaultDaemonConnection: socket connection from /127.0.0.1:65261 to /127.0.0.1:65265"        [_thread_blocked, id=22736, stack(0x000000f8ff300000,0x000000f8ff400000) (1024K)]
  0x0000027356894b10 JavaThread "Stdin handler"                     [_thread_blocked, id=22748, stack(0x000000f8ff400000,0x000000f8ff500000) (1024K)]
  0x00000273568930d0 JavaThread "Daemon client event forwarder"        [_thread_in_Java, id=22740, stack(0x000000f8ff500000,0x000000f8ff600000) (1024K)]
  0x0000027356893760 JavaThread "Cache worker for journal cache (C:\Users\Admin\.gradle\caches\journal-1)"        [_thread_blocked, id=13832, stack(0x000000f8ff600000,0x000000f8ff700000) (1024K)]
  0x0000027356893df0 JavaThread "File lock request listener"        [_thread_in_native, id=20176, stack(0x000000f8ff700000,0x000000f8ff800000) (1024K)]
  0x0000027356894480 JavaThread "Cache worker for file hash cache (C:\Users\Admin\.gradle\caches\8.6\fileHashes)"        [_thread_blocked, id=13020, stack(0x000000f8ff800000,0x000000f8ff900000) (1024K)]
  0x0000027356891d20 JavaThread "File lock release action executor"        [_thread_blocked, id=22744, stack(0x000000f8ff900000,0x000000f8ffa00000) (1024K)]
  0x0000027356892a40 JavaThread "File watcher server"        daemon [_thread_in_native, id=23288, stack(0x000000f880000000,0x000000f880100000) (1024K)]
  0x0000027357efe880 JavaThread "File watcher consumer"      daemon [_thread_blocked, id=23372, stack(0x000000f880100000,0x000000f880200000) (1024K)]
  0x0000027357f00950 JavaThread "Cache worker for checksums cache (E:\C0723G1_Sprint2\KWatch_BE\.gradle\8.6\checksums)"        [_thread_blocked, id=22620, stack(0x000000f880200000,0x000000f880300000) (1024K)]
  0x0000027357effc30 JavaThread "Cache worker for file hash cache (E:\C0723G1_Sprint2\KWatch_BE\.gradle\8.6\fileHashes)"        [_thread_blocked, id=23004, stack(0x000000f880300000,0x000000f880400000) (1024K)]
  0x0000027357f002c0 JavaThread "Cache worker for cache directory md-supplier (C:\Users\Admin\.gradle\caches\8.6\md-supplier)"        [_thread_blocked, id=22616, stack(0x000000f880400000,0x000000f880500000) (1024K)]
  0x0000027357efef10 JavaThread "Cache worker for cache directory md-rule (C:\Users\Admin\.gradle\caches\8.6\md-rule)"        [_thread_blocked, id=22564, stack(0x000000f880500000,0x000000f880600000) (1024K)]
  0x0000027357f00fe0 JavaThread "Cache worker for file content cache (C:\Users\Admin\.gradle\caches\8.6\fileContent)"        [_thread_blocked, id=23720, stack(0x000000f880600000,0x000000f880700000) (1024K)]
  0x0000027357eff5a0 JavaThread "jar transforms"                    [_thread_blocked, id=24204, stack(0x000000f880700000,0x000000f880800000) (1024K)]
  0x0000027357efe1f0 JavaThread "jar transforms Thread 2"           [_thread_blocked, id=24312, stack(0x000000f880800000,0x000000f880900000) (1024K)]
  0x0000027357649ef0 JavaThread "jar transforms Thread 3"           [_thread_blocked, id=22904, stack(0x000000f880900000,0x000000f880a00000) (1024K)]
  0x000002735764bfc0 JavaThread "jar transforms Thread 4"           [_thread_blocked, id=23184, stack(0x000000f880a00000,0x000000f880b00000) (1024K)]
  0x000002735764c650 JavaThread "jar transforms Thread 5"           [_thread_blocked, id=17064, stack(0x000000f880b00000,0x000000f880c00000) (1024K)]
  0x0000027357650160 JavaThread "jar transforms Thread 6"           [_thread_blocked, id=7196, stack(0x000000f880c00000,0x000000f880d00000) (1024K)]
  0x000002735764da00 JavaThread "jar transforms Thread 7"           [_thread_blocked, id=9192, stack(0x000000f880d00000,0x000000f880e00000) (1024K)]
  0x000002735764f440 JavaThread "Cache worker for Build Output Cleanup Cache (E:\C0723G1_Sprint2\KWatch_BE\.gradle\buildOutputCleanup)"        [_thread_blocked, id=23268, stack(0x000000f880e00000,0x000000f880f00000) (1024K)]
  0x00000273576507f0 JavaThread "Unconstrained build operations"        [_thread_blocked, id=7560, stack(0x000000f880f00000,0x000000f881000000) (1024K)]
  0x0000027357650e80 JavaThread "Unconstrained build operations Thread 2"        [_thread_blocked, id=23828, stack(0x000000f881000000,0x000000f881100000) (1024K)]
  0x000002735764a580 JavaThread "Unconstrained build operations Thread 3"        [_thread_blocked, id=16044, stack(0x000000f881100000,0x000000f881200000) (1024K)]
  0x000002735764e090 JavaThread "Unconstrained build operations Thread 4"        [_thread_blocked, id=21324, stack(0x000000f881200000,0x000000f881300000) (1024K)]
  0x000002735764b930 JavaThread "Unconstrained build operations Thread 5"        [_thread_blocked, id=4120, stack(0x000000f881300000,0x000000f881400000) (1024K)]
  0x000002735764b2a0 JavaThread "Unconstrained build operations Thread 6"        [_thread_blocked, id=16052, stack(0x000000f881400000,0x000000f881500000) (1024K)]
  0x000002735764e720 JavaThread "Unconstrained build operations Thread 7"        [_thread_blocked, id=21256, stack(0x000000f881500000,0x000000f881600000) (1024K)]
  0x000002735764edb0 JavaThread "Unconstrained build operations Thread 8"        [_thread_in_Java, id=23012, stack(0x000000f881600000,0x000000f881700000) (1024K)]
  0x0000027357651510 JavaThread "Unconstrained build operations Thread 9"        [_thread_blocked, id=23380, stack(0x000000f881700000,0x000000f881800000) (1024K)]
  0x00000273564fba90 JavaThread "Unconstrained build operations Thread 10"        [_thread_blocked, id=19804, stack(0x000000f881800000,0x000000f881900000) (1024K)]
  0x00000273564fd4d0 JavaThread "Unconstrained build operations Thread 11"        [_thread_blocked, id=24232, stack(0x000000f881900000,0x000000f881a00000) (1024K)]
Total: 51

Other Threads:
  0x000002733c437f00 VMThread "VM Thread"                           [id=5116, stack(0x000000f8fdc00000,0x000000f8fdd00000) (1024K)]
  0x000002733c41c940 WatcherThread "VM Periodic Task Thread"        [id=21696, stack(0x000000f8fdb00000,0x000000f8fdc00000) (1024K)]
  0x00000273214576d0 WorkerThread "GC Thread#0"                     [id=18468, stack(0x000000f8fd600000,0x000000f8fd700000) (1024K)]
  0x00000273565a7490 WorkerThread "GC Thread#1"                     [id=20860, stack(0x000000f8fe700000,0x000000f8fe800000) (1024K)]
  0x00000273565a7830 WorkerThread "GC Thread#2"                     [id=7804, stack(0x000000f8fe800000,0x000000f8fe900000) (1024K)]
  0x000002735660cf00 WorkerThread "GC Thread#3"                     [id=20616, stack(0x000000f8fe900000,0x000000f8fea00000) (1024K)]
  0x000002735660d6b0 WorkerThread "GC Thread#4"                     [id=3428, stack(0x000000f8fea00000,0x000000f8feb00000) (1024K)]
  0x000002735660da50 WorkerThread "GC Thread#5"                     [id=17512, stack(0x000000f8feb00000,0x000000f8fec00000) (1024K)]
  0x0000027358d19660 WorkerThread "GC Thread#6"                     [id=23132, stack(0x000000f8ffa00000,0x000000f8ffb00000) (1024K)]
  0x000002735877eb40 WorkerThread "GC Thread#7"                     [id=22776, stack(0x000000f8ffb00000,0x000000f8ffc00000) (1024K)]
  0x0000027358eafb40 WorkerThread "GC Thread#8"                     [id=23168, stack(0x000000f8ffc00000,0x000000f8ffd00000) (1024K)]
  0x0000027358eb0280 WorkerThread "GC Thread#9"                     [id=23140, stack(0x000000f8ffd00000,0x000000f8ffe00000) (1024K)]
  0x000002732145c5c0 ConcurrentGCThread "G1 Main Marker"            [id=2996, stack(0x000000f8fd700000,0x000000f8fd800000) (1024K)]
  0x000002732145cfd0 WorkerThread "G1 Conc#0"                       [id=14364, stack(0x000000f8fd800000,0x000000f8fd900000) (1024K)]
  0x0000027358eafee0 WorkerThread "G1 Conc#1"                       [id=20272, stack(0x000000f8ffe00000,0x000000f8fff00000) (1024K)]
  0x0000027358eb09c0 WorkerThread "G1 Conc#2"                       [id=11196, stack(0x000000f8fff00000,0x000000f900000000) (1024K)]
  0x000002733c2f0140 ConcurrentGCThread "G1 Refine#0"               [id=19152, stack(0x000000f8fd900000,0x000000f8fda00000) (1024K)]
  0x000002733c2f07d0 ConcurrentGCThread "G1 Service"                [id=21816, stack(0x000000f8fda00000,0x000000f8fdb00000) (1024K)]
Total: 18

Threads with active compile tasks:
C2 CompilerThread0    69726 5456       4       jdk.internal.org.objectweb.asm.ClassWriter::toByteArray (1517 bytes)
C1 CompilerThread0    69726 5466       3       java.util.concurrent.ConcurrentHashMap::containsKey (14 bytes)
Total: 2

VM state: not at safepoint (normal execution)

VM Mutex/Monitor currently owned by a thread: None

Heap address: 0x00000000e0000000, size: 512 MB, Compressed Oops mode: 32-bit

CDS archive(s) mapped at: [0x000002733d000000-0x000002733dc90000-0x000002733dc90000), size 13172736, SharedBaseAddress: 0x000002733d000000, ArchiveRelocationMode: 1.
Compressed class space mapped at: 0x000002733e000000-0x0000027352000000, reserved size: 335544320
Narrow klass base: 0x000002733d000000, Narrow klass shift: 0, Narrow klass range: 0x100000000

GC Precious Log:
 CardTable entry size: 512
 Card Set container configuration: InlinePtr #cards 5 size 8 Array Of Cards #cards 12 size 40 Howl #buckets 4 coarsen threshold 1843 Howl Bitmap #cards 512 size 80 coarsen threshold 460 Card regions per heap region 1 cards per card region 2048
 CPUs: 12 total, 12 available
 Memory: 7549M
 Large Page Support: Disabled
 NUMA Support: Disabled
 Compressed Oops: Enabled (32-bit)
 Heap Region Size: 1M
 Heap Min Capacity: 256M
 Heap Initial Capacity: 256M
 Heap Max Capacity: 512M
 Pre-touch: Disabled
 Parallel Workers: 10
 Concurrent Workers: 3
 Concurrent Refinement Workers: 10
 Periodic GC: Disabled

Heap:
 garbage-first heap   total 262144K, used 130292K [0x00000000e0000000, 0x0000000100000000)
  region size 1024K, 102 young (104448K), 9 survivors (9216K)
 Metaspace       used 46806K, committed 48384K, reserved 393216K
  class space    used 6663K, committed 7424K, reserved 327680K

Heap Regions: E=young(eden), S=young(survivor), O=old, HS=humongous(starts), HC=humongous(continues), CS=collection set, F=free, TAMS=top-at-mark-start, PB=parsable bottom
|   0|0x00000000e0000000, 0x00000000e0100000, 0x00000000e0100000|100%|HS|  |TAMS 0x00000000e0000000| PB 0x00000000e0000000| Complete 
|   1|0x00000000e0100000, 0x00000000e0200000, 0x00000000e0200000|100%|HC|  |TAMS 0x00000000e0100000| PB 0x00000000e0100000| Complete 
|   2|0x00000000e0200000, 0x00000000e0300000, 0x00000000e0300000|100%|HC|  |TAMS 0x00000000e0200000| PB 0x00000000e0200000| Complete 
|   3|0x00000000e0300000, 0x00000000e0400000, 0x00000000e0400000|100%|HC|  |TAMS 0x00000000e0300000| PB 0x00000000e0300000| Complete 
|   4|0x00000000e0400000, 0x00000000e0500000, 0x00000000e0500000|100%| O|  |TAMS 0x00000000e0400000| PB 0x00000000e0400000| Untracked 
|   5|0x00000000e0500000, 0x00000000e0600000, 0x00000000e0600000|100%|HS|  |TAMS 0x00000000e0500000| PB 0x00000000e0500000| Complete 
|   6|0x00000000e0600000, 0x00000000e0700000, 0x00000000e0700000|100%| O|  |TAMS 0x00000000e0600000| PB 0x00000000e0600000| Untracked 
|   7|0x00000000e0700000, 0x00000000e0800000, 0x00000000e0800000|100%| O|  |TAMS 0x00000000e0700000| PB 0x00000000e0700000| Untracked 
|   8|0x00000000e0800000, 0x00000000e0900000, 0x00000000e0900000|100%| O|  |TAMS 0x00000000e0800000| PB 0x00000000e0800000| Untracked 
|   9|0x00000000e0900000, 0x00000000e0a00000, 0x00000000e0a00000|100%| O|  |TAMS 0x00000000e0900000| PB 0x00000000e0900000| Untracked 
|  10|0x00000000e0a00000, 0x00000000e0b00000, 0x00000000e0b00000|100%| O|  |TAMS 0x00000000e0a00000| PB 0x00000000e0a00000| Untracked 
|  11|0x00000000e0b00000, 0x00000000e0c00000, 0x00000000e0c00000|100%| O|  |TAMS 0x00000000e0b00000| PB 0x00000000e0b00000| Untracked 
|  12|0x00000000e0c00000, 0x00000000e0d00000, 0x00000000e0d00000|100%| O|  |TAMS 0x00000000e0c00000| PB 0x00000000e0c00000| Untracked 
|  13|0x00000000e0d00000, 0x00000000e0e00000, 0x00000000e0e00000|100%| O|  |TAMS 0x00000000e0d00000| PB 0x00000000e0d00000| Untracked 
|  14|0x00000000e0e00000, 0x00000000e0f00000, 0x00000000e0f00000|100%| O|  |TAMS 0x00000000e0e00000| PB 0x00000000e0e00000| Untracked 
|  15|0x00000000e0f00000, 0x00000000e1000000, 0x00000000e1000000|100%| O|  |TAMS 0x00000000e0f00000| PB 0x00000000e0f00000| Untracked 
|  16|0x00000000e1000000, 0x00000000e1100000, 0x00000000e1100000|100%| O|  |TAMS 0x00000000e1000000| PB 0x00000000e1000000| Untracked 
|  17|0x00000000e1100000, 0x00000000e1200000, 0x00000000e1200000|100%| O|  |TAMS 0x00000000e1100000| PB 0x00000000e1100000| Untracked 
|  18|0x00000000e1200000, 0x00000000e1300000, 0x00000000e1300000|100%| O|  |TAMS 0x00000000e1200000| PB 0x00000000e1200000| Untracked 
|  19|0x00000000e1300000, 0x00000000e1400000, 0x00000000e1400000|100%| O|  |TAMS 0x00000000e1300000| PB 0x00000000e1300000| Untracked 
|  20|0x00000000e1400000, 0x00000000e1500000, 0x00000000e1500000|100%| O|  |TAMS 0x00000000e1400000| PB 0x00000000e1400000| Untracked 
|  21|0x00000000e1500000, 0x00000000e1600000, 0x00000000e1600000|100%| O|  |TAMS 0x00000000e1500000| PB 0x00000000e1500000| Untracked 
|  22|0x00000000e1600000, 0x00000000e1700000, 0x00000000e1700000|100%| O|Cm|TAMS 0x00000000e1600000| PB 0x00000000e1600000| Complete 
|  23|0x00000000e1700000, 0x00000000e17d35e8, 0x00000000e1800000| 82%| O|  |TAMS 0x00000000e1700000| PB 0x00000000e1700000| Untracked 
|  24|0x00000000e1800000, 0x00000000e1900000, 0x00000000e1900000|100%|HS|  |TAMS 0x00000000e1800000| PB 0x00000000e1800000| Complete 
|  25|0x00000000e1900000, 0x00000000e1a00000, 0x00000000e1a00000|100%|HC|  |TAMS 0x00000000e1900000| PB 0x00000000e1900000| Complete 
|  26|0x00000000e1a00000, 0x00000000e1b00000, 0x00000000e1b00000|100%|HS|  |TAMS 0x00000000e1a00000| PB 0x00000000e1a00000| Complete 
|  27|0x00000000e1b00000, 0x00000000e1b00000, 0x00000000e1c00000|  0%| F|  |TAMS 0x00000000e1b00000| PB 0x00000000e1b00000| Untracked 
|  28|0x00000000e1c00000, 0x00000000e1c00000, 0x00000000e1d00000|  0%| F|  |TAMS 0x00000000e1c00000| PB 0x00000000e1c00000| Untracked 
|  29|0x00000000e1d00000, 0x00000000e1d00000, 0x00000000e1e00000|  0%| F|  |TAMS 0x00000000e1d00000| PB 0x00000000e1d00000| Untracked 
|  30|0x00000000e1e00000, 0x00000000e1e00000, 0x00000000e1f00000|  0%| F|  |TAMS 0x00000000e1e00000| PB 0x00000000e1e00000| Untracked 
|  31|0x00000000e1f00000, 0x00000000e1f00000, 0x00000000e2000000|  0%| F|  |TAMS 0x00000000e1f00000| PB 0x00000000e1f00000| Untracked 
|  32|0x00000000e2000000, 0x00000000e2000000, 0x00000000e2100000|  0%| F|  |TAMS 0x00000000e2000000| PB 0x00000000e2000000| Untracked 
|  33|0x00000000e2100000, 0x00000000e2100000, 0x00000000e2200000|  0%| F|  |TAMS 0x00000000e2100000| PB 0x00000000e2100000| Untracked 
|  34|0x00000000e2200000, 0x00000000e2200000, 0x00000000e2300000|  0%| F|  |TAMS 0x00000000e2200000| PB 0x00000000e2200000| Untracked 
|  35|0x00000000e2300000, 0x00000000e2300000, 0x00000000e2400000|  0%| F|  |TAMS 0x00000000e2300000| PB 0x00000000e2300000| Untracked 
|  36|0x00000000e2400000, 0x00000000e2400000, 0x00000000e2500000|  0%| F|  |TAMS 0x00000000e2400000| PB 0x00000000e2400000| Untracked 
|  37|0x00000000e2500000, 0x00000000e2500000, 0x00000000e2600000|  0%| F|  |TAMS 0x00000000e2500000| PB 0x00000000e2500000| Untracked 
|  38|0x00000000e2600000, 0x00000000e2600000, 0x00000000e2700000|  0%| F|  |TAMS 0x00000000e2600000| PB 0x00000000e2600000| Untracked 
|  39|0x00000000e2700000, 0x00000000e2700000, 0x00000000e2800000|  0%| F|  |TAMS 0x00000000e2700000| PB 0x00000000e2700000| Untracked 
|  40|0x00000000e2800000, 0x00000000e2800000, 0x00000000e2900000|  0%| F|  |TAMS 0x00000000e2800000| PB 0x00000000e2800000| Untracked 
|  41|0x00000000e2900000, 0x00000000e2900000, 0x00000000e2a00000|  0%| F|  |TAMS 0x00000000e2900000| PB 0x00000000e2900000| Untracked 
|  42|0x00000000e2a00000, 0x00000000e2a00000, 0x00000000e2b00000|  0%| F|  |TAMS 0x00000000e2a00000| PB 0x00000000e2a00000| Untracked 
|  43|0x00000000e2b00000, 0x00000000e2b00000, 0x00000000e2c00000|  0%| F|  |TAMS 0x00000000e2b00000| PB 0x00000000e2b00000| Untracked 
|  44|0x00000000e2c00000, 0x00000000e2c00000, 0x00000000e2d00000|  0%| F|  |TAMS 0x00000000e2c00000| PB 0x00000000e2c00000| Untracked 
|  45|0x00000000e2d00000, 0x00000000e2d00000, 0x00000000e2e00000|  0%| F|  |TAMS 0x00000000e2d00000| PB 0x00000000e2d00000| Untracked 
|  46|0x00000000e2e00000, 0x00000000e2e00000, 0x00000000e2f00000|  0%| F|  |TAMS 0x00000000e2e00000| PB 0x00000000e2e00000| Untracked 
|  47|0x00000000e2f00000, 0x00000000e2f00000, 0x00000000e3000000|  0%| F|  |TAMS 0x00000000e2f00000| PB 0x00000000e2f00000| Untracked 
|  48|0x00000000e3000000, 0x00000000e3000000, 0x00000000e3100000|  0%| F|  |TAMS 0x00000000e3000000| PB 0x00000000e3000000| Untracked 
|  49|0x00000000e3100000, 0x00000000e3100000, 0x00000000e3200000|  0%| F|  |TAMS 0x00000000e3100000| PB 0x00000000e3100000| Untracked 
|  50|0x00000000e3200000, 0x00000000e3200000, 0x00000000e3300000|  0%| F|  |TAMS 0x00000000e3200000| PB 0x00000000e3200000| Untracked 
|  51|0x00000000e3300000, 0x00000000e3300000, 0x00000000e3400000|  0%| F|  |TAMS 0x00000000e3300000| PB 0x00000000e3300000| Untracked 
|  52|0x00000000e3400000, 0x00000000e3400000, 0x00000000e3500000|  0%| F|  |TAMS 0x00000000e3400000| PB 0x00000000e3400000| Untracked 
|  53|0x00000000e3500000, 0x00000000e3500000, 0x00000000e3600000|  0%| F|  |TAMS 0x00000000e3500000| PB 0x00000000e3500000| Untracked 
|  54|0x00000000e3600000, 0x00000000e3600000, 0x00000000e3700000|  0%| F|  |TAMS 0x00000000e3600000| PB 0x00000000e3600000| Untracked 
|  55|0x00000000e3700000, 0x00000000e3700000, 0x00000000e3800000|  0%| F|  |TAMS 0x00000000e3700000| PB 0x00000000e3700000| Untracked 
|  56|0x00000000e3800000, 0x00000000e3800000, 0x00000000e3900000|  0%| F|  |TAMS 0x00000000e3800000| PB 0x00000000e3800000| Untracked 
|  57|0x00000000e3900000, 0x00000000e3900000, 0x00000000e3a00000|  0%| F|  |TAMS 0x00000000e3900000| PB 0x00000000e3900000| Untracked 
|  58|0x00000000e3a00000, 0x00000000e3a00000, 0x00000000e3b00000|  0%| F|  |TAMS 0x00000000e3a00000| PB 0x00000000e3a00000| Untracked 
|  59|0x00000000e3b00000, 0x00000000e3b00000, 0x00000000e3c00000|  0%| F|  |TAMS 0x00000000e3b00000| PB 0x00000000e3b00000| Untracked 
|  60|0x00000000e3c00000, 0x00000000e3c00000, 0x00000000e3d00000|  0%| F|  |TAMS 0x00000000e3c00000| PB 0x00000000e3c00000| Untracked 
|  61|0x00000000e3d00000, 0x00000000e3d00000, 0x00000000e3e00000|  0%| F|  |TAMS 0x00000000e3d00000| PB 0x00000000e3d00000| Untracked 
|  62|0x00000000e3e00000, 0x00000000e3e00000, 0x00000000e3f00000|  0%| F|  |TAMS 0x00000000e3e00000| PB 0x00000000e3e00000| Untracked 
|  63|0x00000000e3f00000, 0x00000000e3f00000, 0x00000000e4000000|  0%| F|  |TAMS 0x00000000e3f00000| PB 0x00000000e3f00000| Untracked 
|  64|0x00000000e4000000, 0x00000000e4000000, 0x00000000e4100000|  0%| F|  |TAMS 0x00000000e4000000| PB 0x00000000e4000000| Untracked 
|  65|0x00000000e4100000, 0x00000000e4100000, 0x00000000e4200000|  0%| F|  |TAMS 0x00000000e4100000| PB 0x00000000e4100000| Untracked 
|  66|0x00000000e4200000, 0x00000000e4200000, 0x00000000e4300000|  0%| F|  |TAMS 0x00000000e4200000| PB 0x00000000e4200000| Untracked 
|  67|0x00000000e4300000, 0x00000000e4300000, 0x00000000e4400000|  0%| F|  |TAMS 0x00000000e4300000| PB 0x00000000e4300000| Untracked 
|  68|0x00000000e4400000, 0x00000000e4400000, 0x00000000e4500000|  0%| F|  |TAMS 0x00000000e4400000| PB 0x00000000e4400000| Untracked 
|  69|0x00000000e4500000, 0x00000000e4500000, 0x00000000e4600000|  0%| F|  |TAMS 0x00000000e4500000| PB 0x00000000e4500000| Untracked 
|  70|0x00000000e4600000, 0x00000000e4600000, 0x00000000e4700000|  0%| F|  |TAMS 0x00000000e4600000| PB 0x00000000e4600000| Untracked 
|  71|0x00000000e4700000, 0x00000000e4700000, 0x00000000e4800000|  0%| F|  |TAMS 0x00000000e4700000| PB 0x00000000e4700000| Untracked 
|  72|0x00000000e4800000, 0x00000000e4800000, 0x00000000e4900000|  0%| F|  |TAMS 0x00000000e4800000| PB 0x00000000e4800000| Untracked 
|  73|0x00000000e4900000, 0x00000000e4900000, 0x00000000e4a00000|  0%| F|  |TAMS 0x00000000e4900000| PB 0x00000000e4900000| Untracked 
|  74|0x00000000e4a00000, 0x00000000e4a00000, 0x00000000e4b00000|  0%| F|  |TAMS 0x00000000e4a00000| PB 0x00000000e4a00000| Untracked 
|  75|0x00000000e4b00000, 0x00000000e4b00000, 0x00000000e4c00000|  0%| F|  |TAMS 0x00000000e4b00000| PB 0x00000000e4b00000| Untracked 
|  76|0x00000000e4c00000, 0x00000000e4c00000, 0x00000000e4d00000|  0%| F|  |TAMS 0x00000000e4c00000| PB 0x00000000e4c00000| Untracked 
|  77|0x00000000e4d00000, 0x00000000e4d00000, 0x00000000e4e00000|  0%| F|  |TAMS 0x00000000e4d00000| PB 0x00000000e4d00000| Untracked 
|  78|0x00000000e4e00000, 0x00000000e4e00000, 0x00000000e4f00000|  0%| F|  |TAMS 0x00000000e4e00000| PB 0x00000000e4e00000| Untracked 
|  79|0x00000000e4f00000, 0x00000000e4f00000, 0x00000000e5000000|  0%| F|  |TAMS 0x00000000e4f00000| PB 0x00000000e4f00000| Untracked 
|  80|0x00000000e5000000, 0x00000000e5000000, 0x00000000e5100000|  0%| F|  |TAMS 0x00000000e5000000| PB 0x00000000e5000000| Untracked 
|  81|0x00000000e5100000, 0x00000000e5100000, 0x00000000e5200000|  0%| F|  |TAMS 0x00000000e5100000| PB 0x00000000e5100000| Untracked 
|  82|0x00000000e5200000, 0x00000000e5200000, 0x00000000e5300000|  0%| F|  |TAMS 0x00000000e5200000| PB 0x00000000e5200000| Untracked 
|  83|0x00000000e5300000, 0x00000000e5300000, 0x00000000e5400000|  0%| F|  |TAMS 0x00000000e5300000| PB 0x00000000e5300000| Untracked 
|  84|0x00000000e5400000, 0x00000000e5400000, 0x00000000e5500000|  0%| F|  |TAMS 0x00000000e5400000| PB 0x00000000e5400000| Untracked 
|  85|0x00000000e5500000, 0x00000000e5500000, 0x00000000e5600000|  0%| F|  |TAMS 0x00000000e5500000| PB 0x00000000e5500000| Untracked 
|  86|0x00000000e5600000, 0x00000000e5600000, 0x00000000e5700000|  0%| F|  |TAMS 0x00000000e5600000| PB 0x00000000e5600000| Untracked 
|  87|0x00000000e5700000, 0x00000000e5700000, 0x00000000e5800000|  0%| F|  |TAMS 0x00000000e5700000| PB 0x00000000e5700000| Untracked 
|  88|0x00000000e5800000, 0x00000000e5800000, 0x00000000e5900000|  0%| F|  |TAMS 0x00000000e5800000| PB 0x00000000e5800000| Untracked 
|  89|0x00000000e5900000, 0x00000000e5900000, 0x00000000e5a00000|  0%| F|  |TAMS 0x00000000e5900000| PB 0x00000000e5900000| Untracked 
|  90|0x00000000e5a00000, 0x00000000e5a00000, 0x00000000e5b00000|  0%| F|  |TAMS 0x00000000e5a00000| PB 0x00000000e5a00000| Untracked 
|  91|0x00000000e5b00000, 0x00000000e5b00000, 0x00000000e5c00000|  0%| F|  |TAMS 0x00000000e5b00000| PB 0x00000000e5b00000| Untracked 
|  92|0x00000000e5c00000, 0x00000000e5c00000, 0x00000000e5d00000|  0%| F|  |TAMS 0x00000000e5c00000| PB 0x00000000e5c00000| Untracked 
|  93|0x00000000e5d00000, 0x00000000e5d00000, 0x00000000e5e00000|  0%| F|  |TAMS 0x00000000e5d00000| PB 0x00000000e5d00000| Untracked 
|  94|0x00000000e5e00000, 0x00000000e5e00000, 0x00000000e5f00000|  0%| F|  |TAMS 0x00000000e5e00000| PB 0x00000000e5e00000| Untracked 
|  95|0x00000000e5f00000, 0x00000000e5f00000, 0x00000000e6000000|  0%| F|  |TAMS 0x00000000e5f00000| PB 0x00000000e5f00000| Untracked 
|  96|0x00000000e6000000, 0x00000000e6000000, 0x00000000e6100000|  0%| F|  |TAMS 0x00000000e6000000| PB 0x00000000e6000000| Untracked 
|  97|0x00000000e6100000, 0x00000000e6100000, 0x00000000e6200000|  0%| F|  |TAMS 0x00000000e6100000| PB 0x00000000e6100000| Untracked 
|  98|0x00000000e6200000, 0x00000000e6200000, 0x00000000e6300000|  0%| F|  |TAMS 0x00000000e6200000| PB 0x00000000e6200000| Untracked 
|  99|0x00000000e6300000, 0x00000000e6300000, 0x00000000e6400000|  0%| F|  |TAMS 0x00000000e6300000| PB 0x00000000e6300000| Untracked 
| 100|0x00000000e6400000, 0x00000000e6400000, 0x00000000e6500000|  0%| F|  |TAMS 0x00000000e6400000| PB 0x00000000e6400000| Untracked 
| 101|0x00000000e6500000, 0x00000000e6500000, 0x00000000e6600000|  0%| F|  |TAMS 0x00000000e6500000| PB 0x00000000e6500000| Untracked 
| 102|0x00000000e6600000, 0x00000000e6600000, 0x00000000e6700000|  0%| F|  |TAMS 0x00000000e6600000| PB 0x00000000e6600000| Untracked 
| 103|0x00000000e6700000, 0x00000000e6700000, 0x00000000e6800000|  0%| F|  |TAMS 0x00000000e6700000| PB 0x00000000e6700000| Untracked 
| 104|0x00000000e6800000, 0x00000000e6800000, 0x00000000e6900000|  0%| F|  |TAMS 0x00000000e6800000| PB 0x00000000e6800000| Untracked 
| 105|0x00000000e6900000, 0x00000000e6900000, 0x00000000e6a00000|  0%| F|  |TAMS 0x00000000e6900000| PB 0x00000000e6900000| Untracked 
| 106|0x00000000e6a00000, 0x00000000e6a00000, 0x00000000e6b00000|  0%| F|  |TAMS 0x00000000e6a00000| PB 0x00000000e6a00000| Untracked 
| 107|0x00000000e6b00000, 0x00000000e6b00000, 0x00000000e6c00000|  0%| F|  |TAMS 0x00000000e6b00000| PB 0x00000000e6b00000| Untracked 
| 108|0x00000000e6c00000, 0x00000000e6c00000, 0x00000000e6d00000|  0%| F|  |TAMS 0x00000000e6c00000| PB 0x00000000e6c00000| Untracked 
| 109|0x00000000e6d00000, 0x00000000e6d00000, 0x00000000e6e00000|  0%| F|  |TAMS 0x00000000e6d00000| PB 0x00000000e6d00000| Untracked 
| 110|0x00000000e6e00000, 0x00000000e6e00000, 0x00000000e6f00000|  0%| F|  |TAMS 0x00000000e6e00000| PB 0x00000000e6e00000| Untracked 
| 111|0x00000000e6f00000, 0x00000000e6f00000, 0x00000000e7000000|  0%| F|  |TAMS 0x00000000e6f00000| PB 0x00000000e6f00000| Untracked 
| 112|0x00000000e7000000, 0x00000000e7000000, 0x00000000e7100000|  0%| F|  |TAMS 0x00000000e7000000| PB 0x00000000e7000000| Untracked 
| 113|0x00000000e7100000, 0x00000000e7100000, 0x00000000e7200000|  0%| F|  |TAMS 0x00000000e7100000| PB 0x00000000e7100000| Untracked 
| 114|0x00000000e7200000, 0x00000000e7200000, 0x00000000e7300000|  0%| F|  |TAMS 0x00000000e7200000| PB 0x00000000e7200000| Untracked 
| 115|0x00000000e7300000, 0x00000000e7300000, 0x00000000e7400000|  0%| F|  |TAMS 0x00000000e7300000| PB 0x00000000e7300000| Untracked 
| 116|0x00000000e7400000, 0x00000000e7400000, 0x00000000e7500000|  0%| F|  |TAMS 0x00000000e7400000| PB 0x00000000e7400000| Untracked 
| 117|0x00000000e7500000, 0x00000000e7500000, 0x00000000e7600000|  0%| F|  |TAMS 0x00000000e7500000| PB 0x00000000e7500000| Untracked 
| 118|0x00000000e7600000, 0x00000000e7600000, 0x00000000e7700000|  0%| F|  |TAMS 0x00000000e7600000| PB 0x00000000e7600000| Untracked 
| 119|0x00000000e7700000, 0x00000000e7700000, 0x00000000e7800000|  0%| F|  |TAMS 0x00000000e7700000| PB 0x00000000e7700000| Untracked 
| 120|0x00000000e7800000, 0x00000000e7800000, 0x00000000e7900000|  0%| F|  |TAMS 0x00000000e7800000| PB 0x00000000e7800000| Untracked 
| 121|0x00000000e7900000, 0x00000000e7900000, 0x00000000e7a00000|  0%| F|  |TAMS 0x00000000e7900000| PB 0x00000000e7900000| Untracked 
| 122|0x00000000e7a00000, 0x00000000e7a00000, 0x00000000e7b00000|  0%| F|  |TAMS 0x00000000e7a00000| PB 0x00000000e7a00000| Untracked 
| 123|0x00000000e7b00000, 0x00000000e7b00000, 0x00000000e7c00000|  0%| F|  |TAMS 0x00000000e7b00000| PB 0x00000000e7b00000| Untracked 
| 124|0x00000000e7c00000, 0x00000000e7c00000, 0x00000000e7d00000|  0%| F|  |TAMS 0x00000000e7c00000| PB 0x00000000e7c00000| Untracked 
| 125|0x00000000e7d00000, 0x00000000e7d00000, 0x00000000e7e00000|  0%| F|  |TAMS 0x00000000e7d00000| PB 0x00000000e7d00000| Untracked 
| 126|0x00000000e7e00000, 0x00000000e7e00000, 0x00000000e7f00000|  0%| F|  |TAMS 0x00000000e7e00000| PB 0x00000000e7e00000| Untracked 
| 127|0x00000000e7f00000, 0x00000000e7f00000, 0x00000000e8000000|  0%| F|  |TAMS 0x00000000e7f00000| PB 0x00000000e7f00000| Untracked 
| 128|0x00000000e8000000, 0x00000000e8000000, 0x00000000e8100000|  0%| F|  |TAMS 0x00000000e8000000| PB 0x00000000e8000000| Untracked 
| 129|0x00000000e8100000, 0x00000000e8100000, 0x00000000e8200000|  0%| F|  |TAMS 0x00000000e8100000| PB 0x00000000e8100000| Untracked 
| 130|0x00000000e8200000, 0x00000000e8200000, 0x00000000e8300000|  0%| F|  |TAMS 0x00000000e8200000| PB 0x00000000e8200000| Untracked 
| 131|0x00000000e8300000, 0x00000000e8300000, 0x00000000e8400000|  0%| F|  |TAMS 0x00000000e8300000| PB 0x00000000e8300000| Untracked 
| 132|0x00000000e8400000, 0x00000000e8400000, 0x00000000e8500000|  0%| F|  |TAMS 0x00000000e8400000| PB 0x00000000e8400000| Untracked 
| 133|0x00000000e8500000, 0x00000000e8500000, 0x00000000e8600000|  0%| F|  |TAMS 0x00000000e8500000| PB 0x00000000e8500000| Untracked 
| 134|0x00000000e8600000, 0x00000000e8600000, 0x00000000e8700000|  0%| F|  |TAMS 0x00000000e8600000| PB 0x00000000e8600000| Untracked 
| 135|0x00000000e8700000, 0x00000000e8700000, 0x00000000e8800000|  0%| F|  |TAMS 0x00000000e8700000| PB 0x00000000e8700000| Untracked 
| 136|0x00000000e8800000, 0x00000000e8800000, 0x00000000e8900000|  0%| F|  |TAMS 0x00000000e8800000| PB 0x00000000e8800000| Untracked 
| 137|0x00000000e8900000, 0x00000000e8900000, 0x00000000e8a00000|  0%| F|  |TAMS 0x00000000e8900000| PB 0x00000000e8900000| Untracked 
| 138|0x00000000e8a00000, 0x00000000e8a00000, 0x00000000e8b00000|  0%| F|  |TAMS 0x00000000e8a00000| PB 0x00000000e8a00000| Untracked 
| 139|0x00000000e8b00000, 0x00000000e8b00000, 0x00000000e8c00000|  0%| F|  |TAMS 0x00000000e8b00000| PB 0x00000000e8b00000| Untracked 
| 140|0x00000000e8c00000, 0x00000000e8c00000, 0x00000000e8d00000|  0%| F|  |TAMS 0x00000000e8c00000| PB 0x00000000e8c00000| Untracked 
| 141|0x00000000e8d00000, 0x00000000e8d00000, 0x00000000e8e00000|  0%| F|  |TAMS 0x00000000e8d00000| PB 0x00000000e8d00000| Untracked 
| 142|0x00000000e8e00000, 0x00000000e8e00000, 0x00000000e8f00000|  0%| F|  |TAMS 0x00000000e8e00000| PB 0x00000000e8e00000| Untracked 
| 143|0x00000000e8f00000, 0x00000000e8f00000, 0x00000000e9000000|  0%| F|  |TAMS 0x00000000e8f00000| PB 0x00000000e8f00000| Untracked 
| 144|0x00000000e9000000, 0x00000000e9000000, 0x00000000e9100000|  0%| F|  |TAMS 0x00000000e9000000| PB 0x00000000e9000000| Untracked 
| 145|0x00000000e9100000, 0x00000000e9100000, 0x00000000e9200000|  0%| F|  |TAMS 0x00000000e9100000| PB 0x00000000e9100000| Untracked 
| 146|0x00000000e9200000, 0x00000000e9200000, 0x00000000e9300000|  0%| F|  |TAMS 0x00000000e9200000| PB 0x00000000e9200000| Untracked 
| 147|0x00000000e9300000, 0x00000000e9300000, 0x00000000e9400000|  0%| F|  |TAMS 0x00000000e9300000| PB 0x00000000e9300000| Untracked 
| 148|0x00000000e9400000, 0x00000000e9400000, 0x00000000e9500000|  0%| F|  |TAMS 0x00000000e9400000| PB 0x00000000e9400000| Untracked 
| 149|0x00000000e9500000, 0x00000000e9500000, 0x00000000e9600000|  0%| F|  |TAMS 0x00000000e9500000| PB 0x00000000e9500000| Untracked 
| 150|0x00000000e9600000, 0x00000000e9600000, 0x00000000e9700000|  0%| F|  |TAMS 0x00000000e9600000| PB 0x00000000e9600000| Untracked 
| 151|0x00000000e9700000, 0x00000000e9700000, 0x00000000e9800000|  0%| F|  |TAMS 0x00000000e9700000| PB 0x00000000e9700000| Untracked 
| 152|0x00000000e9800000, 0x00000000e9800000, 0x00000000e9900000|  0%| F|  |TAMS 0x00000000e9800000| PB 0x00000000e9800000| Untracked 
| 153|0x00000000e9900000, 0x00000000e9900000, 0x00000000e9a00000|  0%| F|  |TAMS 0x00000000e9900000| PB 0x00000000e9900000| Untracked 
| 154|0x00000000e9a00000, 0x00000000e9a80800, 0x00000000e9b00000| 50%| E|  |TAMS 0x00000000e9a00000| PB 0x00000000e9a00000| Complete 
| 155|0x00000000e9b00000, 0x00000000e9c00000, 0x00000000e9c00000|100%| E|CS|TAMS 0x00000000e9b00000| PB 0x00000000e9b00000| Complete 
| 156|0x00000000e9c00000, 0x00000000e9d00000, 0x00000000e9d00000|100%| E|CS|TAMS 0x00000000e9c00000| PB 0x00000000e9c00000| Complete 
| 157|0x00000000e9d00000, 0x00000000e9e00000, 0x00000000e9e00000|100%| E|CS|TAMS 0x00000000e9d00000| PB 0x00000000e9d00000| Complete 
| 158|0x00000000e9e00000, 0x00000000e9f00000, 0x00000000e9f00000|100%| E|CS|TAMS 0x00000000e9e00000| PB 0x00000000e9e00000| Complete 
| 159|0x00000000e9f00000, 0x00000000ea000000, 0x00000000ea000000|100%| E|CS|TAMS 0x00000000e9f00000| PB 0x00000000e9f00000| Complete 
| 160|0x00000000ea000000, 0x00000000ea100000, 0x00000000ea100000|100%| E|CS|TAMS 0x00000000ea000000| PB 0x00000000ea000000| Complete 
| 161|0x00000000ea100000, 0x00000000ea200000, 0x00000000ea200000|100%| E|CS|TAMS 0x00000000ea100000| PB 0x00000000ea100000| Complete 
| 162|0x00000000ea200000, 0x00000000ea300000, 0x00000000ea300000|100%| E|CS|TAMS 0x00000000ea200000| PB 0x00000000ea200000| Complete 
| 163|0x00000000ea300000, 0x00000000ea400000, 0x00000000ea400000|100%| E|CS|TAMS 0x00000000ea300000| PB 0x00000000ea300000| Complete 
| 164|0x00000000ea400000, 0x00000000ea500000, 0x00000000ea500000|100%| E|CS|TAMS 0x00000000ea400000| PB 0x00000000ea400000| Complete 
| 165|0x00000000ea500000, 0x00000000ea600000, 0x00000000ea600000|100%| E|CS|TAMS 0x00000000ea500000| PB 0x00000000ea500000| Complete 
| 166|0x00000000ea600000, 0x00000000ea700000, 0x00000000ea700000|100%| E|CS|TAMS 0x00000000ea600000| PB 0x00000000ea600000| Complete 
| 167|0x00000000ea700000, 0x00000000ea800000, 0x00000000ea800000|100%| E|CS|TAMS 0x00000000ea700000| PB 0x00000000ea700000| Complete 
| 168|0x00000000ea800000, 0x00000000ea900000, 0x00000000ea900000|100%| E|CS|TAMS 0x00000000ea800000| PB 0x00000000ea800000| Complete 
| 169|0x00000000ea900000, 0x00000000eaa00000, 0x00000000eaa00000|100%| E|CS|TAMS 0x00000000ea900000| PB 0x00000000ea900000| Complete 
| 170|0x00000000eaa00000, 0x00000000eab00000, 0x00000000eab00000|100%| E|CS|TAMS 0x00000000eaa00000| PB 0x00000000eaa00000| Complete 
| 171|0x00000000eab00000, 0x00000000eac00000, 0x00000000eac00000|100%| E|CS|TAMS 0x00000000eab00000| PB 0x00000000eab00000| Complete 
| 172|0x00000000eac00000, 0x00000000ead00000, 0x00000000ead00000|100%| E|CS|TAMS 0x00000000eac00000| PB 0x00000000eac00000| Complete 
| 173|0x00000000ead00000, 0x00000000eae00000, 0x00000000eae00000|100%| E|CS|TAMS 0x00000000ead00000| PB 0x00000000ead00000| Complete 
| 174|0x00000000eae00000, 0x00000000eaf00000, 0x00000000eaf00000|100%| E|CS|TAMS 0x00000000eae00000| PB 0x00000000eae00000| Complete 
| 175|0x00000000eaf00000, 0x00000000eb000000, 0x00000000eb000000|100%| E|CS|TAMS 0x00000000eaf00000| PB 0x00000000eaf00000| Complete 
| 176|0x00000000eb000000, 0x00000000eb100000, 0x00000000eb100000|100%| E|CS|TAMS 0x00000000eb000000| PB 0x00000000eb000000| Complete 
| 177|0x00000000eb100000, 0x00000000eb200000, 0x00000000eb200000|100%| E|CS|TAMS 0x00000000eb100000| PB 0x00000000eb100000| Complete 
| 178|0x00000000eb200000, 0x00000000eb300000, 0x00000000eb300000|100%| E|CS|TAMS 0x00000000eb200000| PB 0x00000000eb200000| Complete 
| 179|0x00000000eb300000, 0x00000000eb400000, 0x00000000eb400000|100%| E|CS|TAMS 0x00000000eb300000| PB 0x00000000eb300000| Complete 
| 180|0x00000000eb400000, 0x00000000eb500000, 0x00000000eb500000|100%| E|CS|TAMS 0x00000000eb400000| PB 0x00000000eb400000| Complete 
| 181|0x00000000eb500000, 0x00000000eb600000, 0x00000000eb600000|100%| E|CS|TAMS 0x00000000eb500000| PB 0x00000000eb500000| Complete 
| 182|0x00000000eb600000, 0x00000000eb700000, 0x00000000eb700000|100%| E|CS|TAMS 0x00000000eb600000| PB 0x00000000eb600000| Complete 
| 183|0x00000000eb700000, 0x00000000eb800000, 0x00000000eb800000|100%| E|CS|TAMS 0x00000000eb700000| PB 0x00000000eb700000| Complete 
| 184|0x00000000eb800000, 0x00000000eb900000, 0x00000000eb900000|100%| E|CS|TAMS 0x00000000eb800000| PB 0x00000000eb800000| Complete 
| 185|0x00000000eb900000, 0x00000000eba00000, 0x00000000eba00000|100%| E|CS|TAMS 0x00000000eb900000| PB 0x00000000eb900000| Complete 
| 186|0x00000000eba00000, 0x00000000ebb00000, 0x00000000ebb00000|100%| E|CS|TAMS 0x00000000eba00000| PB 0x00000000eba00000| Complete 
| 187|0x00000000ebb00000, 0x00000000ebc00000, 0x00000000ebc00000|100%| E|CS|TAMS 0x00000000ebb00000| PB 0x00000000ebb00000| Complete 
| 188|0x00000000ebc00000, 0x00000000ebd00000, 0x00000000ebd00000|100%| E|CS|TAMS 0x00000000ebc00000| PB 0x00000000ebc00000| Complete 
| 189|0x00000000ebd00000, 0x00000000ebe00000, 0x00000000ebe00000|100%| E|CS|TAMS 0x00000000ebd00000| PB 0x00000000ebd00000| Complete 
| 190|0x00000000ebe00000, 0x00000000ebf00000, 0x00000000ebf00000|100%| E|CS|TAMS 0x00000000ebe00000| PB 0x00000000ebe00000| Complete 
| 191|0x00000000ebf00000, 0x00000000ec000000, 0x00000000ec000000|100%| E|CS|TAMS 0x00000000ebf00000| PB 0x00000000ebf00000| Complete 
| 192|0x00000000ec000000, 0x00000000ec100000, 0x00000000ec100000|100%| E|CS|TAMS 0x00000000ec000000| PB 0x00000000ec000000| Complete 
| 193|0x00000000ec100000, 0x00000000ec200000, 0x00000000ec200000|100%| E|CS|TAMS 0x00000000ec100000| PB 0x00000000ec100000| Complete 
| 194|0x00000000ec200000, 0x00000000ec300000, 0x00000000ec300000|100%| E|CS|TAMS 0x00000000ec200000| PB 0x00000000ec200000| Complete 
| 195|0x00000000ec300000, 0x00000000ec400000, 0x00000000ec400000|100%| E|CS|TAMS 0x00000000ec300000| PB 0x00000000ec300000| Complete 
| 196|0x00000000ec400000, 0x00000000ec500000, 0x00000000ec500000|100%| E|CS|TAMS 0x00000000ec400000| PB 0x00000000ec400000| Complete 
| 197|0x00000000ec500000, 0x00000000ec600000, 0x00000000ec600000|100%| E|CS|TAMS 0x00000000ec500000| PB 0x00000000ec500000| Complete 
| 198|0x00000000ec600000, 0x00000000ec700000, 0x00000000ec700000|100%| E|CS|TAMS 0x00000000ec600000| PB 0x00000000ec600000| Complete 
| 199|0x00000000ec700000, 0x00000000ec800000, 0x00000000ec800000|100%| E|CS|TAMS 0x00000000ec700000| PB 0x00000000ec700000| Complete 
| 200|0x00000000ec800000, 0x00000000ec900000, 0x00000000ec900000|100%| E|CS|TAMS 0x00000000ec800000| PB 0x00000000ec800000| Complete 
| 201|0x00000000ec900000, 0x00000000eca00000, 0x00000000eca00000|100%| E|CS|TAMS 0x00000000ec900000| PB 0x00000000ec900000| Complete 
| 202|0x00000000eca00000, 0x00000000ecb00000, 0x00000000ecb00000|100%| E|CS|TAMS 0x00000000eca00000| PB 0x00000000eca00000| Complete 
| 203|0x00000000ecb00000, 0x00000000ecc00000, 0x00000000ecc00000|100%| E|CS|TAMS 0x00000000ecb00000| PB 0x00000000ecb00000| Complete 
| 204|0x00000000ecc00000, 0x00000000ecd00000, 0x00000000ecd00000|100%| E|CS|TAMS 0x00000000ecc00000| PB 0x00000000ecc00000| Complete 
| 205|0x00000000ecd00000, 0x00000000ece00000, 0x00000000ece00000|100%| E|CS|TAMS 0x00000000ecd00000| PB 0x00000000ecd00000| Complete 
| 206|0x00000000ece00000, 0x00000000ecf00000, 0x00000000ecf00000|100%| E|CS|TAMS 0x00000000ece00000| PB 0x00000000ece00000| Complete 
| 207|0x00000000ecf00000, 0x00000000ed000000, 0x00000000ed000000|100%| E|CS|TAMS 0x00000000ecf00000| PB 0x00000000ecf00000| Complete 
| 208|0x00000000ed000000, 0x00000000ed100000, 0x00000000ed100000|100%| E|CS|TAMS 0x00000000ed000000| PB 0x00000000ed000000| Complete 
| 209|0x00000000ed100000, 0x00000000ed200000, 0x00000000ed200000|100%| E|CS|TAMS 0x00000000ed100000| PB 0x00000000ed100000| Complete 
| 210|0x00000000ed200000, 0x00000000ed300000, 0x00000000ed300000|100%| E|CS|TAMS 0x00000000ed200000| PB 0x00000000ed200000| Complete 
| 211|0x00000000ed300000, 0x00000000ed400000, 0x00000000ed400000|100%| E|CS|TAMS 0x00000000ed300000| PB 0x00000000ed300000| Complete 
| 212|0x00000000ed400000, 0x00000000ed500000, 0x00000000ed500000|100%| E|CS|TAMS 0x00000000ed400000| PB 0x00000000ed400000| Complete 
| 213|0x00000000ed500000, 0x00000000ed600000, 0x00000000ed600000|100%| E|CS|TAMS 0x00000000ed500000| PB 0x00000000ed500000| Complete 
| 214|0x00000000ed600000, 0x00000000ed700000, 0x00000000ed700000|100%| E|CS|TAMS 0x00000000ed600000| PB 0x00000000ed600000| Complete 
| 215|0x00000000ed700000, 0x00000000ed800000, 0x00000000ed800000|100%| E|CS|TAMS 0x00000000ed700000| PB 0x00000000ed700000| Complete 
| 216|0x00000000ed800000, 0x00000000ed900000, 0x00000000ed900000|100%| E|CS|TAMS 0x00000000ed800000| PB 0x00000000ed800000| Complete 
| 217|0x00000000ed900000, 0x00000000eda00000, 0x00000000eda00000|100%| E|CS|TAMS 0x00000000ed900000| PB 0x00000000ed900000| Complete 
| 218|0x00000000eda00000, 0x00000000edb00000, 0x00000000edb00000|100%| E|CS|TAMS 0x00000000eda00000| PB 0x00000000eda00000| Complete 
| 219|0x00000000edb00000, 0x00000000edc00000, 0x00000000edc00000|100%| E|CS|TAMS 0x00000000edb00000| PB 0x00000000edb00000| Complete 
| 220|0x00000000edc00000, 0x00000000edd00000, 0x00000000edd00000|100%| E|CS|TAMS 0x00000000edc00000| PB 0x00000000edc00000| Complete 
| 221|0x00000000edd00000, 0x00000000ede00000, 0x00000000ede00000|100%| E|CS|TAMS 0x00000000edd00000| PB 0x00000000edd00000| Complete 
| 222|0x00000000ede00000, 0x00000000edf00000, 0x00000000edf00000|100%| E|CS|TAMS 0x00000000ede00000| PB 0x00000000ede00000| Complete 
| 223|0x00000000edf00000, 0x00000000ee000000, 0x00000000ee000000|100%| E|CS|TAMS 0x00000000edf00000| PB 0x00000000edf00000| Complete 
| 224|0x00000000ee000000, 0x00000000ee100000, 0x00000000ee100000|100%| E|CS|TAMS 0x00000000ee000000| PB 0x00000000ee000000| Complete 
| 225|0x00000000ee100000, 0x00000000ee200000, 0x00000000ee200000|100%| E|CS|TAMS 0x00000000ee100000| PB 0x00000000ee100000| Complete 
| 226|0x00000000ee200000, 0x00000000ee300000, 0x00000000ee300000|100%| E|CS|TAMS 0x00000000ee200000| PB 0x00000000ee200000| Complete 
| 227|0x00000000ee300000, 0x00000000ee400000, 0x00000000ee400000|100%| E|CS|TAMS 0x00000000ee300000| PB 0x00000000ee300000| Complete 
| 228|0x00000000ee400000, 0x00000000ee500000, 0x00000000ee500000|100%| E|CS|TAMS 0x00000000ee400000| PB 0x00000000ee400000| Complete 
| 229|0x00000000ee500000, 0x00000000ee600000, 0x00000000ee600000|100%| E|CS|TAMS 0x00000000ee500000| PB 0x00000000ee500000| Complete 
| 230|0x00000000ee600000, 0x00000000ee700000, 0x00000000ee700000|100%| E|CS|TAMS 0x00000000ee600000| PB 0x00000000ee600000| Complete 
| 231|0x00000000ee700000, 0x00000000ee800000, 0x00000000ee800000|100%| E|CS|TAMS 0x00000000ee700000| PB 0x00000000ee700000| Complete 
| 232|0x00000000ee800000, 0x00000000ee900000, 0x00000000ee900000|100%| E|CS|TAMS 0x00000000ee800000| PB 0x00000000ee800000| Complete 
| 233|0x00000000ee900000, 0x00000000eea00000, 0x00000000eea00000|100%| E|CS|TAMS 0x00000000ee900000| PB 0x00000000ee900000| Complete 
| 234|0x00000000eea00000, 0x00000000eeb00000, 0x00000000eeb00000|100%| E|CS|TAMS 0x00000000eea00000| PB 0x00000000eea00000| Complete 
| 235|0x00000000eeb00000, 0x00000000eeb69cc0, 0x00000000eec00000| 41%| S|CS|TAMS 0x00000000eeb00000| PB 0x00000000eeb00000| Complete 
| 236|0x00000000eec00000, 0x00000000eed00000, 0x00000000eed00000|100%| S|CS|TAMS 0x00000000eec00000| PB 0x00000000eec00000| Complete 
| 237|0x00000000eed00000, 0x00000000eee00000, 0x00000000eee00000|100%| S|CS|TAMS 0x00000000eed00000| PB 0x00000000eed00000| Complete 
| 238|0x00000000eee00000, 0x00000000eef00000, 0x00000000eef00000|100%| S|CS|TAMS 0x00000000eee00000| PB 0x00000000eee00000| Complete 
| 239|0x00000000eef00000, 0x00000000ef000000, 0x00000000ef000000|100%| S|CS|TAMS 0x00000000eef00000| PB 0x00000000eef00000| Complete 
| 240|0x00000000ef000000, 0x00000000ef100000, 0x00000000ef100000|100%| S|CS|TAMS 0x00000000ef000000| PB 0x00000000ef000000| Complete 
| 241|0x00000000ef100000, 0x00000000ef200000, 0x00000000ef200000|100%| S|CS|TAMS 0x00000000ef100000| PB 0x00000000ef100000| Complete 
| 242|0x00000000ef200000, 0x00000000ef300000, 0x00000000ef300000|100%| S|CS|TAMS 0x00000000ef200000| PB 0x00000000ef200000| Complete 
| 243|0x00000000ef300000, 0x00000000ef400000, 0x00000000ef400000|100%| S|CS|TAMS 0x00000000ef300000| PB 0x00000000ef300000| Complete 
| 244|0x00000000ef400000, 0x00000000ef500000, 0x00000000ef500000|100%| E|CS|TAMS 0x00000000ef400000| PB 0x00000000ef400000| Complete 
| 245|0x00000000ef500000, 0x00000000ef600000, 0x00000000ef600000|100%| E|CS|TAMS 0x00000000ef500000| PB 0x00000000ef500000| Complete 
| 246|0x00000000ef600000, 0x00000000ef700000, 0x00000000ef700000|100%| E|CS|TAMS 0x00000000ef600000| PB 0x00000000ef600000| Complete 
| 247|0x00000000ef700000, 0x00000000ef800000, 0x00000000ef800000|100%| E|CS|TAMS 0x00000000ef700000| PB 0x00000000ef700000| Complete 
| 248|0x00000000ef800000, 0x00000000ef900000, 0x00000000ef900000|100%| E|CS|TAMS 0x00000000ef800000| PB 0x00000000ef800000| Complete 
| 249|0x00000000ef900000, 0x00000000efa00000, 0x00000000efa00000|100%| E|CS|TAMS 0x00000000ef900000| PB 0x00000000ef900000| Complete 
| 250|0x00000000efa00000, 0x00000000efb00000, 0x00000000efb00000|100%| E|CS|TAMS 0x00000000efa00000| PB 0x00000000efa00000| Complete 
| 251|0x00000000efb00000, 0x00000000efc00000, 0x00000000efc00000|100%| E|CS|TAMS 0x00000000efb00000| PB 0x00000000efb00000| Complete 
| 252|0x00000000efc00000, 0x00000000efd00000, 0x00000000efd00000|100%| E|CS|TAMS 0x00000000efc00000| PB 0x00000000efc00000| Complete 
| 253|0x00000000efd00000, 0x00000000efe00000, 0x00000000efe00000|100%| E|CS|TAMS 0x00000000efd00000| PB 0x00000000efd00000| Complete 
| 254|0x00000000efe00000, 0x00000000eff00000, 0x00000000eff00000|100%| E|CS|TAMS 0x00000000efe00000| PB 0x00000000efe00000| Complete 
| 255|0x00000000eff00000, 0x00000000f0000000, 0x00000000f0000000|100%| E|CS|TAMS 0x00000000eff00000| PB 0x00000000eff00000| Complete 

Card table byte_map: [0x0000027338ee0000,0x0000027338fe0000] _byte_map_base: 0x00000273387e0000

Marking Bits: (CMBitMap*) 0x0000027321457ce0
 Bits: [0x0000027338fe0000, 0x00000273397e0000)

Polling page: 0x000002731f430000

Metaspace:

Usage:
  Non-class:     39.20 MB used.
      Class:      6.51 MB used.
       Both:     45.71 MB used.

Virtual space:
  Non-class space:       64.00 MB reserved,      40.00 MB ( 62%) committed,  1 nodes.
      Class space:      320.00 MB reserved,       7.25 MB (  2%) committed,  1 nodes.
             Both:      384.00 MB reserved,      47.25 MB ( 12%) committed. 

Chunk freelists:
   Non-Class:  7.81 MB
       Class:  8.70 MB
        Both:  16.52 MB

MaxMetaspaceSize: 384.00 MB
CompressedClassSpaceSize: 320.00 MB
Initial GC threshold: 21.00 MB
Current GC threshold: 60.12 MB
CDS: on
 - commit_granule_bytes: 65536.
 - commit_granule_words: 8192.
 - virtual_space_node_default_size: 8388608.
 - enlarge_chunks_in_place: 1.
 - use_allocation_guard: 0.


Internal statistics:

num_allocs_failed_limit: 14.
num_arena_births: 2816.
num_arena_deaths: 0.
num_vsnodes_births: 2.
num_vsnodes_deaths: 0.
num_space_committed: 756.
num_space_uncommitted: 0.
num_chunks_returned_to_freelist: 14.
num_chunks_taken_from_freelist: 4974.
num_chunk_merges: 11.
num_chunk_splits: 3234.
num_chunks_enlarged: 1999.
num_inconsistent_stats: 0.

CodeHeap 'non-profiled nmethods': size=120000Kb used=2734Kb max_used=2734Kb free=117265Kb
 bounds [0x0000027331350000, 0x0000027331600000, 0x0000027338880000]
CodeHeap 'profiled nmethods': size=120000Kb used=9756Kb max_used=9756Kb free=110244Kb
 bounds [0x0000027329880000, 0x000002732a210000, 0x0000027330db0000]
CodeHeap 'non-nmethods': size=5760Kb used=2729Kb max_used=2775Kb free=3030Kb
 bounds [0x0000027330db0000, 0x0000027331080000, 0x0000027331350000]
 total_blobs=5832 nmethods=4974 adapters=761
 compilation: enabled
              stopped_count=0, restarted_count=0
 full_count=0

Compilation events (20 events):
Event: 69.570 Thread 0x000002733c466d40 nmethod 5458 0x000002732a200990 code [0x000002732a200b40, 0x000002732a200c98]
Event: 69.571 Thread 0x000002733c466d40 5457       1       java.lang.Thread::threadId (5 bytes)
Event: 69.571 Thread 0x000002733c466d40 nmethod 5457 0x00000273315fa410 code [0x00000273315fa5a0, 0x00000273315fa668]
Event: 69.571 Thread 0x000002733c466d40 5460       3       java.io.ObjectStreamClass$FieldReflector::getPrimFieldValues (317 bytes)
Event: 69.573 Thread 0x000002733c466d40 nmethod 5460 0x000002732a200d90 code [0x000002732a201140, 0x000002732a202b60]
Event: 69.573 Thread 0x000002733c466d40 5464   !   3       java.util.concurrent.ConcurrentHashMap::putVal (432 bytes)
Event: 69.574 Thread 0x000002733c466d40 nmethod 5464 0x000002732a203510 code [0x000002732a2038a0, 0x000002732a205490]
Event: 69.574 Thread 0x000002733c466d40 5461       3       org.gradle.internal.time.MonotonicClock::advance (33 bytes)
Event: 69.574 Thread 0x000002733c466d40 nmethod 5461 0x000002732a205e90 code [0x000002732a206060, 0x000002732a206310]
Event: 69.574 Thread 0x000002733c466d40 5459       3       com.google.common.collect.SingletonImmutableList::iterator (5 bytes)
Event: 69.574 Thread 0x000002733c466d40 nmethod 5459 0x000002732a206490 code [0x000002732a206660, 0x000002732a206a08]
Event: 69.574 Thread 0x000002733c466d40 5462       3       org.gradle.internal.time.MonotonicClock::syncIsDue (28 bytes)
Event: 69.575 Thread 0x000002733c466d40 nmethod 5462 0x000002732a206b90 code [0x000002732a206d40, 0x000002732a206f28]
Event: 69.575 Thread 0x000002733c466d40 5465       1       org.gradle.internal.logging.events.ProgressStartEvent::getParentProgressOperationId (5 bytes)
Event: 69.575 Thread 0x000002733c466d40 nmethod 5465 0x00000273315fa710 code [0x00000273315fa8a0, 0x00000273315fa968]
Event: 69.575 Thread 0x000002733c466d40 5463       1       org.gradle.internal.logging.progress.DefaultProgressLoggerFactory::access$200 (5 bytes)
Event: 69.575 Thread 0x000002733c466d40 nmethod 5463 0x00000273315faa10 code [0x00000273315faba0, 0x00000273315fac50]
Event: 69.575 Thread 0x000002733c462280 nmethod 5455 0x00000273315fad10 code [0x00000273315faf20, 0x00000273315fb5f8]
Event: 69.575 Thread 0x000002733c462280 5456       4       jdk.internal.org.objectweb.asm.ClassWriter::toByteArray (1517 bytes)
Event: 69.605 Thread 0x000002733c466d40 5466       3       java.util.concurrent.ConcurrentHashMap::containsKey (14 bytes)

GC Heap History (12 events):
Event: 2.848 GC heap before
{Heap before GC invocations=0 (full 0):
 garbage-first heap   total 262144K, used 26624K [0x00000000e0000000, 0x0000000100000000)
  region size 1024K, 23 young (23552K), 0 survivors (0K)
 Metaspace       used 3209K, committed 3392K, reserved 393216K
  class space    used 411K, committed 448K, reserved 327680K
}
Event: 2.860 GC heap after
{Heap after GC invocations=1 (full 0):
 garbage-first heap   total 262144K, used 10802K [0x00000000e0000000, 0x0000000100000000)
  region size 1024K, 3 young (3072K), 3 survivors (3072K)
 Metaspace       used 3209K, committed 3392K, reserved 393216K
  class space    used 411K, committed 448K, reserved 327680K
}
Event: 6.983 GC heap before
{Heap before GC invocations=1 (full 0):
 garbage-first heap   total 262144K, used 39474K [0x00000000e0000000, 0x0000000100000000)
  region size 1024K, 32 young (32768K), 3 survivors (3072K)
 Metaspace       used 4116K, committed 4352K, reserved 393216K
  class space    used 502K, committed 640K, reserved 327680K
}
Event: 6.987 GC heap after
{Heap after GC invocations=2 (full 0):
 garbage-first heap   total 262144K, used 11877K [0x00000000e0000000, 0x0000000100000000)
  region size 1024K, 1 young (1024K), 1 survivors (1024K)
 Metaspace       used 4116K, committed 4352K, reserved 393216K
  class space    used 502K, committed 640K, reserved 327680K
}
Event: 23.296 GC heap before
{Heap before GC invocations=2 (full 0):
 garbage-first heap   total 262144K, used 116325K [0x00000000e0000000, 0x0000000100000000)
  region size 1024K, 103 young (105472K), 1 survivors (1024K)
 Metaspace       used 20790K, committed 21504K, reserved 393216K
  class space    used 3017K, committed 3392K, reserved 327680K
}
Event: 23.329 GC heap after
{Heap after GC invocations=3 (full 0):
 garbage-first heap   total 262144K, used 23710K [0x00000000e0000000, 0x0000000100000000)
  region size 1024K, 13 young (13312K), 13 survivors (13312K)
 Metaspace       used 20790K, committed 21504K, reserved 393216K
  class space    used 3017K, committed 3392K, reserved 327680K
}
Event: 39.739 GC heap before
{Heap before GC invocations=4 (full 0):
 garbage-first heap   total 262144K, used 129182K [0x00000000e0000000, 0x0000000100000000)
  region size 1024K, 118 young (120832K), 13 survivors (13312K)
 Metaspace       used 34823K, committed 35968K, reserved 393216K
  class space    used 4997K, committed 5568K, reserved 327680K
}
Event: 39.763 GC heap after
{Heap after GC invocations=5 (full 0):
 garbage-first heap   total 262144K, used 31625K [0x00000000e0000000, 0x0000000100000000)
  region size 1024K, 9 young (9216K), 9 survivors (9216K)
 Metaspace       used 34823K, committed 35968K, reserved 393216K
  class space    used 4997K, committed 5568K, reserved 327680K
}
Event: 40.330 GC heap before
{Heap before GC invocations=5 (full 0):
 garbage-first heap   total 262144K, used 33673K [0x00000000e0000000, 0x0000000100000000)
  region size 1024K, 13 young (13312K), 9 survivors (9216K)
 Metaspace       used 35106K, committed 36288K, reserved 393216K
  class space    used 5034K, committed 5632K, reserved 327680K
}
Event: 40.340 GC heap after
{Heap after GC invocations=6 (full 0):
 garbage-first heap   total 262144K, used 31565K [0x00000000e0000000, 0x0000000100000000)
  region size 1024K, 8 young (8192K), 8 survivors (8192K)
 Metaspace       used 35106K, committed 36288K, reserved 393216K
  class space    used 5034K, committed 5632K, reserved 327680K
}
Event: 40.671 GC heap before
{Heap before GC invocations=6 (full 0):
 garbage-first heap   total 262144K, used 38733K [0x00000000e0000000, 0x0000000100000000)
  region size 1024K, 12 young (12288K), 8 survivors (8192K)
 Metaspace       used 35445K, committed 36608K, reserved 393216K
  class space    used 5044K, committed 5632K, reserved 327680K
}
Event: 40.679 GC heap after
{Heap after GC invocations=7 (full 0):
 garbage-first heap   total 262144K, used 34036K [0x00000000e0000000, 0x0000000100000000)
  region size 1024K, 9 young (9216K), 9 survivors (9216K)
 Metaspace       used 35445K, committed 36608K, reserved 393216K
  class space    used 5044K, committed 5632K, reserved 327680K
}

Dll operation events (15 events):
Event: 0.106 Loaded shared library C:\Users\Admin\.jdks\openjdk-21.0.1\bin\java.dll
Event: 0.300 Loaded shared library C:\Users\Admin\.jdks\openjdk-21.0.1\bin\jsvml.dll
Event: 0.597 Loaded shared library C:\Users\Admin\.jdks\openjdk-21.0.1\bin\zip.dll
Event: 0.617 Loaded shared library C:\Users\Admin\.jdks\openjdk-21.0.1\bin\instrument.dll
Event: 0.630 Loaded shared library C:\Users\Admin\.jdks\openjdk-21.0.1\bin\net.dll
Event: 0.638 Loaded shared library C:\Users\Admin\.jdks\openjdk-21.0.1\bin\nio.dll
Event: 0.653 Loaded shared library C:\Users\Admin\.jdks\openjdk-21.0.1\bin\zip.dll
Event: 1.950 Loaded shared library C:\Users\Admin\.jdks\openjdk-21.0.1\bin\jimage.dll
Event: 2.130 Loaded shared library C:\Users\Admin\.jdks\openjdk-21.0.1\bin\verify.dll
Event: 2.482 Loaded shared library C:\Users\Admin\.gradle\native\c067742578af261105cb4f569cf0c3c89f3d7b1fecec35dd04571415982c5e48\windows-amd64\native-platform.dll
Event: 2.488 Loaded shared library C:\Users\Admin\.gradle\native\38dada09dfb8b06ba9b0570ebf7e218e3eb74d4ef43ca46872605cf95ebc2f47\windows-amd64\native-platform-file-events.dll
Event: 9.740 Loaded shared library C:\Users\Admin\.jdks\openjdk-21.0.1\bin\management.dll
Event: 9.757 Loaded shared library C:\Users\Admin\.jdks\openjdk-21.0.1\bin\management_ext.dll
Event: 12.341 Loaded shared library C:\Users\Admin\.jdks\openjdk-21.0.1\bin\extnet.dll
Event: 13.598 Loaded shared library C:\Users\Admin\.jdks\openjdk-21.0.1\bin\sunmscapi.dll

Deoptimization events (20 events):
Event: 69.569 Thread 0x000002735764a580 Uncommon trap: trap_request=0xffffff54 fr.pc=0x00000273314b802c relative=0x00000000000010cc
Event: 69.569 Thread 0x000002735764a580 Uncommon trap: reason=speculate_null_assert action=make_not_entrant pc=0x00000273314b802c method=java.lang.invoke.MethodType$ConcurrentWeakInternSet.add(Ljava/lang/Object;)Ljava/lang/Object; @ 47 c2
Event: 69.569 Thread 0x00000273576507f0 Uncommon trap: trap_request=0xffffffde fr.pc=0x000002733145a8f0 relative=0x0000000000000e70
Event: 69.569 Thread 0x00000273576507f0 Uncommon trap: reason=class_check action=maybe_recompile pc=0x000002733145a8f0 method=java.util.concurrent.ConcurrentHashMap.putVal(Ljava/lang/Object;Ljava/lang/Object;Z)Ljava/lang/Object; @ 242 c2
Event: 69.569 Thread 0x000002735764a580 DEOPT PACKING pc=0x00000273314b802c sp=0x000000f8811fdf80
Event: 69.569 Thread 0x000002735764a580 DEOPT UNPACKING pc=0x0000027330e046a2 sp=0x000000f8811fdea8 mode 2
Event: 69.569 Thread 0x00000273576507f0 DEOPT PACKING pc=0x000002733145a8f0 sp=0x000000f880ffe100
Event: 69.569 Thread 0x00000273576507f0 DEOPT UNPACKING pc=0x0000027330e046a2 sp=0x000000f880ffe070 mode 2
Event: 69.569 Thread 0x00000273576507f0 Uncommon trap: trap_request=0xffffff54 fr.pc=0x00000273314b802c relative=0x00000000000010cc
Event: 69.569 Thread 0x00000273576507f0 Uncommon trap: reason=speculate_null_assert action=make_not_entrant pc=0x00000273314b802c method=java.lang.invoke.MethodType$ConcurrentWeakInternSet.add(Ljava/lang/Object;)Ljava/lang/Object; @ 47 c2
Event: 69.569 Thread 0x00000273576507f0 DEOPT PACKING pc=0x00000273314b802c sp=0x000000f880ffe1b0
Event: 69.569 Thread 0x00000273576507f0 DEOPT UNPACKING pc=0x0000027330e046a2 sp=0x000000f880ffe0d8 mode 2
Event: 69.570 Thread 0x00000273576507f0 Uncommon trap: trap_request=0xffffff45 fr.pc=0x000002733145a600 relative=0x0000000000000b80
Event: 69.570 Thread 0x000002735764b930 Uncommon trap: trap_request=0xffffff45 fr.pc=0x000002733145a600 relative=0x0000000000000b80
Event: 69.570 Thread 0x00000273576507f0 Uncommon trap: reason=unstable_if action=reinterpret pc=0x000002733145a600 method=java.util.concurrent.ConcurrentHashMap.addCount(JI)V @ 34 c2
Event: 69.570 Thread 0x000002735764b930 Uncommon trap: reason=unstable_if action=reinterpret pc=0x000002733145a600 method=java.util.concurrent.ConcurrentHashMap.addCount(JI)V @ 34 c2
Event: 69.570 Thread 0x00000273576507f0 DEOPT PACKING pc=0x000002733145a600 sp=0x000000f880ffe490
Event: 69.570 Thread 0x000002735764b930 DEOPT PACKING pc=0x000002733145a600 sp=0x000000f8813fe360
Event: 69.570 Thread 0x00000273576507f0 DEOPT UNPACKING pc=0x0000027330e046a2 sp=0x000000f880ffe350 mode 2
Event: 69.570 Thread 0x000002735764b930 DEOPT UNPACKING pc=0x0000027330e046a2 sp=0x000000f8813fe220 mode 2

Classes loaded (20 events):
Event: 52.058 Loading class javax/net/ssl/SSLPeerUnverifiedException
Event: 52.059 Loading class javax/net/ssl/SSLPeerUnverifiedException done
Event: 52.059 Loading class java/security/cert/CertificateParsingException
Event: 52.060 Loading class java/security/cert/CertificateException
Event: 52.060 Loading class java/security/cert/CertificateException done
Event: 52.060 Loading class java/security/cert/CertificateParsingException done
Event: 59.508 Loading class java/util/function/IntBinaryOperator
Event: 59.510 Loading class java/util/function/IntBinaryOperator done
Event: 60.054 Loading class java/lang/invoke/BoundMethodHandle$Species_LLLLLLLLLLLLLLLLLLLLLLLLLL
Event: 60.054 Loading class java/lang/invoke/BoundMethodHandle$Species_LLLLLLLLLLLLLLLLLLLLLLLLLL done
Event: 60.723 Loading class java/io/DeleteOnExitHook
Event: 60.724 Loading class java/io/DeleteOnExitHook done
Event: 60.725 Loading class java/io/DeleteOnExitHook$1
Event: 60.725 Loading class java/io/DeleteOnExitHook$1 done
Event: 62.783 Loading class java/util/LinkedList$LLSpliterator
Event: 62.784 Loading class java/util/LinkedList$LLSpliterator done
Event: 69.377 Loading class sun/reflect/ReflectionFactory
Event: 69.379 Loading class sun/reflect/ReflectionFactory done
Event: 69.379 Loading class sun/reflect/ReflectionFactory$1
Event: 69.379 Loading class sun/reflect/ReflectionFactory$1 done

Classes unloaded (0 events):
No events

Classes redefined (0 events):
No events

Internal exceptions (20 events):
Event: 60.056 Thread 0x0000027356b83890 Exception <a 'java/lang/NoSuchMethodError'{0x00000000ec2056f0}: 'java.lang.Object java.lang.invoke.DirectMethodHandle$Holder.invokeStatic(java.lang.Object, java.lang.Object, java.lang.Object, java.lang.Object, java.lang.Object, java.lang.Object, java.lang.Object, java.lang.Object, java.lang.Object, java.lang.Object, java.lang.Object, java.lang.Object, java.lang.Object, java.lang.Object, java.lang.Object, java.lang.Object, java.lang.Object, java.lang.Object, java.lang.Object, java.lang.Object, java.lang.Obj
Event: 61.080 Thread 0x0000027356b83890 Exception <a 'java/lang/NoSuchMethodError'{0x00000000ebd3a340}: 'java.lang.Object java.lang.invoke.DirectMethodHandle$Holder.newInvokeSpecial(java.lang.Object, int, java.lang.Object)'> (0x00000000ebd3a340) 
thrown [s\open\src\hotspot\share\interpreter\linkResolver.cpp, line 773]
Event: 62.068 Thread 0x0000027356b83890 Exception <a 'java/lang/NoSuchMethodError'{0x00000000eb5eb7e0}: 'int java.lang.invoke.DirectMethodHandle$Holder.invokeSpecialIFC(java.lang.Object, java.lang.Object, java.lang.Object)'> (0x00000000eb5eb7e0) 
thrown [s\open\src\hotspot\share\interpreter\linkResolver.cpp, line 773]
Event: 62.442 Thread 0x0000027356b83890 Exception <a 'java/lang/NoSuchMethodError'{0x00000000eb170780}: 'java.lang.Object java.lang.invoke.DirectMethodHandle$Holder.newInvokeSpecial(java.lang.Object, java.lang.Object, java.lang.Object, java.lang.Object, java.lang.Object, int)'> (0x00000000eb170780) 
thrown [s\open\src\hotspot\share\interpreter\linkResolver.cpp, line 773]
Event: 62.442 Thread 0x0000027356b83890 Exception <a 'java/lang/NoSuchMethodError'{0x00000000eb175a88}: 'java.lang.Object java.lang.invoke.DirectMethodHandle$Holder.invokeSpecial(java.lang.Object, java.lang.Object, java.lang.Object, java.lang.Object, java.lang.Object, java.lang.Object, int)'> (0x00000000eb175a88) 
thrown [s\open\src\hotspot\share\interpreter\linkResolver.cpp, line 773]
Event: 62.532 Thread 0x0000027356b83890 Exception <a 'java/lang/NoSuchMethodError'{0x00000000eb1c53a0}: 'java.lang.Object java.lang.invoke.DirectMethodHandle$Holder.invokeSpecial(java.lang.Object, java.lang.Object, java.lang.Object, java.lang.Object, java.lang.Object, long)'> (0x00000000eb1c53a0) 
thrown [s\open\src\hotspot\share\interpreter\linkResolver.cpp, line 773]
Event: 62.540 Thread 0x0000027356b83890 Exception <a 'java/lang/NoSuchMethodError'{0x00000000eb1eeed8}: 'void java.lang.invoke.DirectMethodHandle$Holder.invokeStatic(java.lang.Object, java.lang.Object, java.lang.Object, int, java.lang.Object)'> (0x00000000eb1eeed8) 
thrown [s\open\src\hotspot\share\interpreter\linkResolver.cpp, line 773]
Event: 62.919 Thread 0x0000027356b83890 Exception <a 'java/lang/NoSuchMethodError'{0x00000000eaca5ce8}: 'java.lang.Object java.lang.invoke.DirectMethodHandle$Holder.newInvokeSpecial(java.lang.Object, java.lang.Object, java.lang.Object, java.lang.Object, java.lang.Object, java.lang.Object, java.lang.Object, java.lang.Object, java.lang.Object, java.lang.Object, java.lang.Object, java.lang.Object, java.lang.Object)'> (0x00000000eaca5ce8) 
thrown [s\open\src\hotspot\share\interpreter\linkResolver.cpp, line 773]
Event: 62.955 Thread 0x0000027356b83890 Exception <a 'java/lang/NoSuchMethodError'{0x00000000eab10c00}: 'java.lang.Object java.lang.invoke.DirectMethodHandle$Holder.invokeSpecial(java.lang.Object, java.lang.Object, java.lang.Object, java.lang.Object, int, java.lang.Object)'> (0x00000000eab10c00) 
thrown [s\open\src\hotspot\share\interpreter\linkResolver.cpp, line 773]
Event: 62.956 Thread 0x0000027356b83890 Exception <a 'java/lang/NoSuchMethodError'{0x00000000eab18a68}: 'java.lang.Object java.lang.invoke.DirectMethodHandle$Holder.newInvokeSpecial(java.lang.Object, java.lang.Object, java.lang.Object, java.lang.Object, int)'> (0x00000000eab18a68) 
thrown [s\open\src\hotspot\share\interpreter\linkResolver.cpp, line 773]
Event: 62.956 Thread 0x0000027356b83890 Exception <a 'java/lang/NoSuchMethodError'{0x00000000eab1d608}: 'java.lang.Object java.lang.invoke.DirectMethodHandle$Holder.invokeSpecial(java.lang.Object, java.lang.Object, java.lang.Object, java.lang.Object, java.lang.Object, int)'> (0x00000000eab1d608) 
thrown [s\open\src\hotspot\share\interpreter\linkResolver.cpp, line 773]
Event: 62.956 Thread 0x0000027356b83890 Exception <a 'java/lang/NoSuchMethodError'{0x00000000eab21af8}: 'java.lang.Object java.lang.invoke.Invokers$Holder.linkToTargetMethod(java.lang.Object, java.lang.Object, java.lang.Object, int, java.lang.Object)'> (0x00000000eab21af8) 
thrown [s\open\src\hotspot\share\interpreter\linkResolver.cpp, line 773]
Event: 63.128 Thread 0x0000027356b83890 Exception <a 'java/lang/NoSuchMethodError'{0x00000000eaae4290}: 'int java.lang.invoke.DirectMethodHandle$Holder.invokeInterface(java.lang.Object, java.lang.Object, java.lang.Object, java.lang.Object)'> (0x00000000eaae4290) 
thrown [s\open\src\hotspot\share\interpreter\linkResolver.cpp, line 773]
Event: 63.250 Thread 0x0000027356b83890 Exception <a 'java/lang/NoSuchMethodError'{0x00000000ea71daa8}: 'java.lang.Object java.lang.invoke.DirectMethodHandle$Holder.invokeSpecial(java.lang.Object, java.lang.Object, java.lang.Object, java.lang.Object, java.lang.Object, java.lang.Object, java.lang.Object, java.lang.Object, java.lang.Object, java.lang.Object, java.lang.Object, java.lang.Object, java.lang.Object, java.lang.Object, java.lang.Object, java.lang.Object, java.lang.Object, java.lang.Object, java.lang.Object, java.lang.Object, java.lang.Ob
Event: 63.251 Thread 0x0000027356b83890 Exception <a 'java/lang/NoSuchMethodError'{0x00000000ea723e98}: 'java.lang.Object java.lang.invoke.DelegatingMethodHandle$Holder.reinvoke_L(java.lang.Object, java.lang.Object, java.lang.Object, java.lang.Object, java.lang.Object, java.lang.Object, java.lang.Object, java.lang.Object, java.lang.Object, java.lang.Object, java.lang.Object, java.lang.Object, java.lang.Object, java.lang.Object, java.lang.Object, java.lang.Object, java.lang.Object, java.lang.Object, java.lang.Object, java.lang.Object, java.lang.O
Event: 63.252 Thread 0x0000027356b83890 Exception <a 'java/lang/NoSuchMethodError'{0x00000000ea72fdf8}: 'java.lang.Object java.lang.invoke.DirectMethodHandle$Holder.invokeSpecial(java.lang.Object, java.lang.Object, java.lang.Object, java.lang.Object, java.lang.Object, java.lang.Object, java.lang.Object, java.lang.Object, java.lang.Object, java.lang.Object, java.lang.Object, java.lang.Object, java.lang.Object, java.lang.Object, java.lang.Object, java.lang.Object, java.lang.Object, java.lang.Object, java.lang.Object, java.lang.Object, java.lang.Ob
Event: 63.253 Thread 0x0000027356b83890 Exception <a 'java/lang/NoSuchMethodError'{0x00000000ea736008}: 'java.lang.Object java.lang.invoke.Invokers$Holder.invoker(java.lang.Object, java.lang.Object, java.lang.Object, java.lang.Object, java.lang.Object, java.lang.Object, java.lang.Object, java.lang.Object, java.lang.Object, java.lang.Object, java.lang.Object, java.lang.Object, java.lang.Object, java.lang.Object, java.lang.Object, java.lang.Object, java.lang.Object, java.lang.Object, java.lang.Object, java.lang.Object, java.lang.Object, java.lang.
Event: 63.253 Thread 0x0000027356b83890 Exception <a 'java/lang/NoSuchMethodError'{0x00000000ea73cbf8}: 'java.lang.Object java.lang.invoke.DelegatingMethodHandle$Holder.delegate(java.lang.Object, java.lang.Object, java.lang.Object, java.lang.Object, java.lang.Object, java.lang.Object, java.lang.Object, java.lang.Object, java.lang.Object, java.lang.Object, java.lang.Object, java.lang.Object, java.lang.Object, java.lang.Object, java.lang.Object, java.lang.Object, java.lang.Object, java.lang.Object, java.lang.Object, java.lang.Object, java.lang.Obj
Event: 69.442 Thread 0x0000027356b83890 Exception <a 'java/lang/NoSuchMethodError'{0x00000000ea0f7000}: 'java.lang.Object java.lang.invoke.DirectMethodHandle$Holder.newInvokeSpecial(java.lang.Object, java.lang.Object, java.lang.Object, java.lang.Object, int, java.lang.Object)'> (0x00000000ea0f7000) 
thrown [s\open\src\hotspot\share\interpreter\linkResolver.cpp, line 773]
Event: 69.443 Thread 0x0000027356b83890 Exception <a 'java/lang/NoSuchMethodError'{0x00000000ea0fc030}: 'java.lang.Object java.lang.invoke.Invokers$Holder.linkToTargetMethod(java.lang.Object, java.lang.Object, java.lang.Object, int, java.lang.Object, java.lang.Object)'> (0x00000000ea0fc030) 
thrown [s\open\src\hotspot\share\interpreter\linkResolver.cpp, line 773]

ZGC Phase Switch (0 events):
No events

VM Operations (20 events):
Event: 61.366 Executing VM operation: Cleanup
Event: 61.366 Executing VM operation: Cleanup done
Event: 62.368 Executing VM operation: Cleanup
Event: 62.368 Executing VM operation: Cleanup done
Event: 63.108 Executing VM operation: HandshakeAllThreads (Deoptimize)
Event: 63.108 Executing VM operation: HandshakeAllThreads (Deoptimize) done
Event: 63.125 Executing VM operation: HandshakeAllThreads (Deoptimize)
Event: 63.125 Executing VM operation: HandshakeAllThreads (Deoptimize) done
Event: 64.140 Executing VM operation: Cleanup
Event: 64.141 Executing VM operation: Cleanup done
Event: 65.145 Executing VM operation: Cleanup
Event: 65.145 Executing VM operation: Cleanup done
Event: 66.153 Executing VM operation: Cleanup
Event: 66.153 Executing VM operation: Cleanup done
Event: 69.181 Executing VM operation: Cleanup
Event: 69.181 Executing VM operation: Cleanup done
Event: 69.439 Executing VM operation: HandshakeAllThreads (Deoptimize)
Event: 69.440 Executing VM operation: HandshakeAllThreads (Deoptimize) done
Event: 69.448 Executing VM operation: HandshakeAllThreads (Deoptimize)
Event: 69.449 Executing VM operation: HandshakeAllThreads (Deoptimize) done

Events (20 events):
Event: 40.713 Thread 0x000002733c437f00 flushing nmethod 0x0000027331372e10
Event: 40.713 Thread 0x000002733c437f00 flushing nmethod 0x0000027331372890
Event: 40.713 Thread 0x000002733c437f00 flushing nmethod 0x0000027331359110
Event: 41.661 Thread 0x0000027357649ef0 Thread added: 0x0000027357649ef0
Event: 41.973 Thread 0x000002735764bfc0 Thread added: 0x000002735764bfc0
Event: 44.224 Thread 0x000002735764c650 Thread added: 0x000002735764c650
Event: 45.198 Thread 0x0000027357650160 Thread added: 0x0000027357650160
Event: 59.015 Thread 0x000002735764da00 Thread added: 0x000002735764da00
Event: 63.238 Thread 0x000002735764f440 Thread added: 0x000002735764f440
Event: 69.568 Thread 0x00000273576507f0 Thread added: 0x00000273576507f0
Event: 69.568 Thread 0x0000027357650e80 Thread added: 0x0000027357650e80
Event: 69.569 Thread 0x000002735764a580 Thread added: 0x000002735764a580
Event: 69.569 Thread 0x000002735764e090 Thread added: 0x000002735764e090
Event: 69.569 Thread 0x000002735764b930 Thread added: 0x000002735764b930
Event: 69.569 Thread 0x000002735764b2a0 Thread added: 0x000002735764b2a0
Event: 69.570 Thread 0x000002735764e720 Thread added: 0x000002735764e720
Event: 69.570 Thread 0x000002735764edb0 Thread added: 0x000002735764edb0
Event: 69.570 Thread 0x0000027357651510 Thread added: 0x0000027357651510
Event: 69.571 Thread 0x00000273564fba90 Thread added: 0x00000273564fba90
Event: 69.571 Thread 0x00000273564fd4d0 Thread added: 0x00000273564fd4d0


Dynamic libraries:
0x00007ff798830000 - 0x00007ff79883e000 	C:\Users\Admin\.jdks\openjdk-21.0.1\bin\java.exe
0x00007ffbf05d0000 - 0x00007ffbf07c8000 	C:\Windows\SYSTEM32\ntdll.dll
0x00007ffbefb90000 - 0x00007ffbefc4d000 	C:\Windows\System32\KERNEL32.DLL
0x00007ffbee0a0000 - 0x00007ffbee396000 	C:\Windows\System32\KERNELBASE.dll
0x00007ffbedc80000 - 0x00007ffbedd80000 	C:\Windows\System32\ucrtbase.dll
0x00007ffbe7be0000 - 0x00007ffbe7bfb000 	C:\Users\Admin\.jdks\openjdk-21.0.1\bin\VCRUNTIME140.dll
0x00007ffbe8370000 - 0x00007ffbe8388000 	C:\Users\Admin\.jdks\openjdk-21.0.1\bin\jli.dll
0x00007ffbee600000 - 0x00007ffbee79e000 	C:\Windows\System32\USER32.dll
0x00007ffbee5d0000 - 0x00007ffbee5f2000 	C:\Windows\System32\win32u.dll
0x00007ffbeed70000 - 0x00007ffbeed9b000 	C:\Windows\System32\GDI32.dll
0x00007ffbee410000 - 0x00007ffbee527000 	C:\Windows\System32\gdi32full.dll
0x00007ffbee530000 - 0x00007ffbee5cd000 	C:\Windows\System32\msvcp_win.dll
0x00007ffbdd830000 - 0x00007ffbddaca000 	C:\Windows\WinSxS\amd64_microsoft.windows.common-controls_6595b64144ccf1df_6.0.19041.3636_none_60b6a03d71f818d5\COMCTL32.dll
0x00007ffbef730000 - 0x00007ffbef7ce000 	C:\Windows\System32\msvcrt.dll
0x00007ffbefc50000 - 0x00007ffbefc82000 	C:\Windows\System32\IMM32.DLL
0x00007ffbe8ee0000 - 0x00007ffbe8eec000 	C:\Users\Admin\.jdks\openjdk-21.0.1\bin\vcruntime140_1.dll
0x00007ffbe6270000 - 0x00007ffbe62fe000 	C:\Users\Admin\.jdks\openjdk-21.0.1\bin\msvcp140.dll
0x00007ffb8b750000 - 0x00007ffb8c465000 	C:\Users\Admin\.jdks\openjdk-21.0.1\bin\server\jvm.dll
0x00007ffbee940000 - 0x00007ffbee9f0000 	C:\Windows\System32\ADVAPI32.dll
0x00007ffbef7d0000 - 0x00007ffbef870000 	C:\Windows\System32\sechost.dll
0x00007ffbef570000 - 0x00007ffbef695000 	C:\Windows\System32\RPCRT4.dll
0x00007ffbee070000 - 0x00007ffbee097000 	C:\Windows\System32\bcrypt.dll
0x00007ffbf0520000 - 0x00007ffbf058b000 	C:\Windows\System32\WS2_32.dll
0x00007ffbed220000 - 0x00007ffbed26b000 	C:\Windows\SYSTEM32\POWRPROF.dll
0x00007ffbe4680000 - 0x00007ffbe46a7000 	C:\Windows\SYSTEM32\WINMM.dll
0x00007ffbe5590000 - 0x00007ffbe559a000 	C:\Windows\SYSTEM32\VERSION.dll
0x00007ffbed090000 - 0x00007ffbed0a2000 	C:\Windows\SYSTEM32\UMPDC.dll
0x00007ffbebb30000 - 0x00007ffbebb42000 	C:\Windows\SYSTEM32\kernel.appcore.dll
0x00007ffbe84b0000 - 0x00007ffbe84ba000 	C:\Users\Admin\.jdks\openjdk-21.0.1\bin\jimage.dll
0x00007ffbe3350000 - 0x00007ffbe3534000 	C:\Windows\SYSTEM32\DBGHELP.DLL
0x00007ffbdb080000 - 0x00007ffbdb0b4000 	C:\Windows\SYSTEM32\dbgcore.DLL
0x00007ffbedfe0000 - 0x00007ffbee062000 	C:\Windows\System32\bcryptPrimitives.dll
0x00007ffbe8460000 - 0x00007ffbe846f000 	C:\Users\Admin\.jdks\openjdk-21.0.1\bin\instrument.dll
0x00007ffbe63a0000 - 0x00007ffbe63bf000 	C:\Users\Admin\.jdks\openjdk-21.0.1\bin\java.dll
0x00007ffbeeda0000 - 0x00007ffbef50b000 	C:\Windows\System32\SHELL32.dll
0x00007ffbebd30000 - 0x00007ffbec4ce000 	C:\Windows\SYSTEM32\windows.storage.dll
0x00007ffbeea10000 - 0x00007ffbeed63000 	C:\Windows\System32\combase.dll
0x00007ffbed6b0000 - 0x00007ffbed6de000 	C:\Windows\SYSTEM32\Wldp.dll
0x00007ffbf03e0000 - 0x00007ffbf04ad000 	C:\Windows\System32\OLEAUT32.dll
0x00007ffbefc90000 - 0x00007ffbefd3d000 	C:\Windows\System32\SHCORE.dll
0x00007ffbee8c0000 - 0x00007ffbee915000 	C:\Windows\System32\shlwapi.dll
0x00007ffbedbb0000 - 0x00007ffbedbd5000 	C:\Windows\SYSTEM32\profapi.dll
0x00007ffbdadf0000 - 0x00007ffbdaec7000 	C:\Users\Admin\.jdks\openjdk-21.0.1\bin\jsvml.dll
0x00007ffbe6380000 - 0x00007ffbe6398000 	C:\Users\Admin\.jdks\openjdk-21.0.1\bin\zip.dll
0x00007ffbe8410000 - 0x00007ffbe8420000 	C:\Users\Admin\.jdks\openjdk-21.0.1\bin\net.dll
0x00007ffbe6910000 - 0x00007ffbe6a1a000 	C:\Windows\SYSTEM32\WINHTTP.dll
0x00007ffbed410000 - 0x00007ffbed47a000 	C:\Windows\system32\mswsock.dll
0x00007ffbe6360000 - 0x00007ffbe6376000 	C:\Users\Admin\.jdks\openjdk-21.0.1\bin\nio.dll
0x00007ffbe8290000 - 0x00007ffbe82a0000 	C:\Users\Admin\.jdks\openjdk-21.0.1\bin\verify.dll
0x00007ffbdcee0000 - 0x00007ffbdcf07000 	C:\Users\Admin\.gradle\native\c067742578af261105cb4f569cf0c3c89f3d7b1fecec35dd04571415982c5e48\windows-amd64\native-platform.dll
0x00007ffbbdc40000 - 0x00007ffbbdd84000 	C:\Users\Admin\.gradle\native\38dada09dfb8b06ba9b0570ebf7e218e3eb74d4ef43ca46872605cf95ebc2f47\windows-amd64\native-platform-file-events.dll
0x00007ffbe7ce0000 - 0x00007ffbe7cea000 	C:\Users\Admin\.jdks\openjdk-21.0.1\bin\management.dll
0x00007ffbe6350000 - 0x00007ffbe635b000 	C:\Users\Admin\.jdks\openjdk-21.0.1\bin\management_ext.dll
0x00007ffbee920000 - 0x00007ffbee928000 	C:\Windows\System32\PSAPI.DLL
0x00007ffbed610000 - 0x00007ffbed628000 	C:\Windows\SYSTEM32\CRYPTSP.dll
0x00007ffbeccd0000 - 0x00007ffbecd04000 	C:\Windows\system32\rsaenh.dll
0x00007ffbedb30000 - 0x00007ffbedb5e000 	C:\Windows\SYSTEM32\USERENV.dll
0x00007ffbed600000 - 0x00007ffbed60c000 	C:\Windows\SYSTEM32\CRYPTBASE.dll
0x00007ffbed0b0000 - 0x00007ffbed0eb000 	C:\Windows\SYSTEM32\IPHLPAPI.DLL
0x00007ffbf0510000 - 0x00007ffbf0518000 	C:\Windows\System32\NSI.dll
0x00007ffbe6260000 - 0x00007ffbe6267000 	C:\Users\Admin\.jdks\openjdk-21.0.1\bin\extnet.dll
0x00007ffbe6250000 - 0x00007ffbe625e000 	C:\Users\Admin\.jdks\openjdk-21.0.1\bin\sunmscapi.dll
0x00007ffbedd80000 - 0x00007ffbededd000 	C:\Windows\System32\CRYPT32.dll
0x00007ffbed720000 - 0x00007ffbed748000 	C:\Windows\SYSTEM32\ncrypt.dll
0x00007ffbed6e0000 - 0x00007ffbed71b000 	C:\Windows\SYSTEM32\NTASN1.dll
0x00007ffbe6ec0000 - 0x00007ffbe6ec7000 	C:\Windows\system32\wshunix.dll

dbghelp: loaded successfully - version: 4.0.5 - missing functions: none
symbol engine: initialized successfully - sym options: 0x614 - pdb path: .;C:\Users\Admin\.jdks\openjdk-21.0.1\bin;C:\Windows\SYSTEM32;C:\Windows\WinSxS\amd64_microsoft.windows.common-controls_6595b64144ccf1df_6.0.19041.3636_none_60b6a03d71f818d5;C:\Users\Admin\.jdks\openjdk-21.0.1\bin\server;C:\Users\Admin\.gradle\native\c067742578af261105cb4f569cf0c3c89f3d7b1fecec35dd04571415982c5e48\windows-amd64;C:\Users\Admin\.gradle\native\38dada09dfb8b06ba9b0570ebf7e218e3eb74d4ef43ca46872605cf95ebc2f47\windows-amd64

VM Arguments:
jvm_args: --add-opens=java.base/java.util=ALL-UNNAMED --add-opens=java.base/java.lang=ALL-UNNAMED --add-opens=java.base/java.lang.invoke=ALL-UNNAMED --add-opens=java.prefs/java.util.prefs=ALL-UNNAMED --add-opens=java.base/java.nio.charset=ALL-UNNAMED --add-opens=java.base/java.net=ALL-UNNAMED --add-opens=java.base/java.util.concurrent.atomic=ALL-UNNAMED -XX:MaxMetaspaceSize=384m -XX:+HeapDumpOnOutOfMemoryError -Xms256m -Xmx512m -Dfile.encoding=windows-1252 -Duser.country=US -Duser.language=en -Duser.variant -javaagent:C:\Users\Admin\.gradle\wrapper\dists\gradle-8.6-bin\afr5mpiioh2wthjmwnkmdsd5w\gradle-8.6\lib\agents\gradle-instrumentation-agent-8.6.jar 
java_command: org.gradle.launcher.daemon.bootstrap.GradleDaemon 8.6
java_class_path (initial): C:\Users\Admin\.gradle\wrapper\dists\gradle-8.6-bin\afr5mpiioh2wthjmwnkmdsd5w\gradle-8.6\lib\gradle-launcher-8.6.jar
Launcher Type: SUN_STANDARD

[Global flags]
     intx CICompilerCount                          = 4                                         {product} {ergonomic}
   size_t CompressedClassSpaceSize                 = 335544320                                 {product} {ergonomic}
     uint ConcGCThreads                            = 3                                         {product} {ergonomic}
     uint G1ConcRefinementThreads                  = 10                                        {product} {ergonomic}
   size_t G1HeapRegionSize                         = 1048576                                   {product} {ergonomic}
    uintx GCDrainStackTargetSize                   = 64                                        {product} {ergonomic}
     bool HeapDumpOnOutOfMemoryError               = true                                   {manageable} {command line}
   size_t InitialHeapSize                          = 268435456                                 {product} {command line}
   size_t MarkStackSize                            = 4194304                                   {product} {ergonomic}
   size_t MaxHeapSize                              = 536870912                                 {product} {command line}
   size_t MaxMetaspaceSize                         = 402653184                                 {product} {command line}
   size_t MaxNewSize                               = 321912832                                 {product} {ergonomic}
   size_t MinHeapDeltaBytes                        = 1048576                                   {product} {ergonomic}
   size_t MinHeapSize                              = 268435456                                 {product} {command line}
    uintx NonNMethodCodeHeapSize                   = 5839372                                {pd product} {ergonomic}
    uintx NonProfiledCodeHeapSize                  = 122909434                              {pd product} {ergonomic}
    uintx ProfiledCodeHeapSize                     = 122909434                              {pd product} {ergonomic}
    uintx ReservedCodeCacheSize                    = 251658240                              {pd product} {ergonomic}
     bool SegmentedCodeCache                       = true                                      {product} {ergonomic}
   size_t SoftMaxHeapSize                          = 536870912                              {manageable} {ergonomic}
     bool UseCompressedOops                        = true                           {product lp64_product} {ergonomic}
     bool UseG1GC                                  = true                                      {product} {ergonomic}
     bool UseLargePagesIndividualAllocation        = false                                  {pd product} {ergonomic}

Logging:
Log output configuration:
 #0: stdout all=warning uptime,level,tags foldmultilines=false
 #1: stderr all=off uptime,level,tags foldmultilines=false

Environment Variables:
PATH=C:\Program Files (x86)\Common Files\Oracle\Java\javapath;C:\ProgramData\Oracle\Java\javapath;C:\Program Files\Common Files\Oracle\Java\javapath;C:\Windows\system32;C:\Windows;C:\Windows\System32\Wbem;C:\Windows\System32\WindowsPowerShell\v1.0\;C:\Windows\System32\OpenSSH\;C:\Program Files (x86)\NVIDIA Corporation\PhysX\Common;C:\Program Files (x86)\Microsoft SQL Server\160\Tools\Binn\;C:\Program Files\Microsoft SQL Server\160\Tools\Binn\;C:\Program Files\Microsoft SQL Server\Client SDK\ODBC\170\Tools\Binn\;C:\Program Files\Microsoft SQL Server\160\DTS\Binn\;C:\Program Files\Azure Data Studio\bin;C:\Program Files\Microsoft SQL Server\150\Tools\Binn\;C:\Program Files\dotnet\;C:\Program Files\MongoDB\Server\6.0\bin;C:\Program Files\Git\cmd;C:\ProgramData\chocolatey\bin;C:\Program Files\nodejs\;C:\Program Files\Cloudflare\Cloudflare WARP\;C:\Users\Admin\AppData\Local\Microsoft\WindowsApps;C:\Program Files\Azure Data Studio\bin;C:\Users\Admin\AppData\Local\Programs\Microsoft VS Code\bin;C:\Users\Admin\.dotnet\tools;C:\Program Files\JetBrains\IntelliJ IDEA Community Edition 2022.3\bin;;C:\Users\Admin\AppData\Local\GitHubDesktop\bin;C:\Users\Admin\AppData\Roaming\npm
USERNAME=Admin
OS=Windows_NT
PROCESSOR_IDENTIFIER=AMD64 Family 23 Model 96 Stepping 1, AuthenticAMD
TMP=C:\Users\Admin\AppData\Local\Temp
TEMP=C:\Users\Admin\AppData\Local\Temp




Periodic native trim disabled

---------------  S Y S T E M  ---------------

OS:
 Windows 10 , 64 bit Build 19041 (10.0.19041.3636)
OS uptime: 0 days 9:51 hours

CPU: total 12 (initial active 12) (12 cores per cpu, 2 threads per core) family 23 model 96 stepping 1 microcode 0x0, cx8, cmov, fxsr, ht, mmx, 3dnowpref, sse, sse2, sse3, ssse3, sse4a, sse4.1, sse4.2, popcnt, lzcnt, tsc, tscinvbit, avx, avx2, aes, clmul, bmi1, bmi2, adx, sha, fma, vzeroupper, clflush, clflushopt, rdtscp, rdpid, f16c
Processor Information for all 12 processors :
  Max Mhz: 3000, Current Mhz: 3000, Mhz Limit: 3000

Memory: 4k page, system-wide physical 7549M (61M free)
TotalPageFile size 28493M (AvailPageFile size 0M)
current process WorkingSet (physical memory assigned to process): 77M, peak: 194M
current process commit charge ("private bytes"): 452M, peak: 472M

vm_info: OpenJDK 64-Bit Server VM (21.0.1+12-29) for windows-amd64 JRE (21.0.1+12-29), built on 2023-10-05T13:27:09Z by "mach5one" with MS VC++ 17.1 (VS2022)

END.
