#
# There is insufficient memory for the Java Runtime Environment to continue.
# Native memory allocation (malloc) failed to allocate 1461696 bytes for Chunk::new
# Possible reasons:
#   The system is out of physical RAM or swap space
#   The process is running with CompressedOops enabled, and the Java Heap may be blocking the growth of the native heap
# Possible solutions:
#   Reduce memory load on the system
#   Increase physical memory or swap space
#   Check if swap backing store is full
#   Decrease Java heap size (-Xmx/-Xms)
#   Decrease number of Java threads
#   Decrease Java thread stack sizes (-Xss)
#   Set larger code cache with -XX:ReservedCodeCacheSize=
#   JVM is running with Unscaled Compressed Oops mode in which the Java heap is
#     placed in the first 4GB address space. The Java Heap base address is the
#     maximum limit for the native heap growth. Please use -XX:HeapBaseMinAddress
#     to set the Java Heap base and to place the Java Heap above 4GB virtual address.
# This output file may be truncated or incomplete.
#
#  Out of Memory Error (arena.cpp:168), pid=19876, tid=20048
#
# JRE version: OpenJDK Runtime Environment (21.0.1+12) (build 21.0.1+12-29)
# Java VM: OpenJDK 64-Bit Server VM (21.0.1+12-29, mixed mode, sharing, tiered, compressed oops, compressed class ptrs, g1 gc, windows-amd64)
# No core dump will be written. Minidumps are not enabled by default on client versions of Windows
#

---------------  S U M M A R Y ------------

Command Line: --add-opens=java.base/java.util=ALL-UNNAMED --add-opens=java.base/java.lang=ALL-UNNAMED --add-opens=java.base/java.lang.invoke=ALL-UNNAMED --add-opens=java.prefs/java.util.prefs=ALL-UNNAMED --add-opens=java.base/java.nio.charset=ALL-UNNAMED --add-opens=java.base/java.net=ALL-UNNAMED --add-opens=java.base/java.util.concurrent.atomic=ALL-UNNAMED -XX:MaxMetaspaceSize=384m -XX:+HeapDumpOnOutOfMemoryError -Xms256m -Xmx512m -Dfile.encoding=windows-1252 -Duser.country=US -Duser.language=en -Duser.variant -javaagent:C:\Users\Admin\.gradle\wrapper\dists\gradle-8.6-bin\afr5mpiioh2wthjmwnkmdsd5w\gradle-8.6\lib\agents\gradle-instrumentation-agent-8.6.jar org.gradle.launcher.daemon.bootstrap.GradleDaemon 8.6

Host: AMD Ryzen 5 4600H with Radeon Graphics         , 12 cores, 7G,  Windows 10 , 64 bit Build 19041 (10.0.19041.3636)
Time: Wed Mar 27 09:06:52 2024 SE Asia Standard Time elapsed time: 84.223748 seconds (0d 0h 1m 24s)

---------------  T H R E A D  ---------------

Current thread (0x000001e5ff9ed4b0):  JavaThread "C2 CompilerThread0" daemon [_thread_in_native, id=20048, stack(0x0000004248b00000,0x0000004248c00000) (1024K)]


Current CompileTask:
C2:  84224 5703       4       java.lang.invoke.MethodType::makeImpl (109 bytes)

Stack: [0x0000004248b00000,0x0000004248c00000]
Native frames: (J=compiled Java code, j=interpreted, Vv=VM code, C=native code)
V  [jvm.dll+0x6c9029]
V  [jvm.dll+0x854b81]
V  [jvm.dll+0x856e5e]
V  [jvm.dll+0x857543]
V  [jvm.dll+0x280c06]
V  [jvm.dll+0xc3ead]
V  [jvm.dll+0xc43c3]
V  [jvm.dll+0x3b576c]
V  [jvm.dll+0x382475]
V  [jvm.dll+0x3818ea]
V  [jvm.dll+0x249ad0]
V  [jvm.dll+0x2490b1]
V  [jvm.dll+0x1c9ca1]
V  [jvm.dll+0x2586b9]
V  [jvm.dll+0x256c9a]
V  [jvm.dll+0x3ef1b6]
V  [jvm.dll+0x7fd728]
V  [jvm.dll+0x6c777d]
C  [ucrtbase.dll+0x21bb2]
C  [KERNEL32.DLL+0x17344]
C  [ntdll.dll+0x526b1]


---------------  P R O C E S S  ---------------

Threads class SMR info:
_java_thread_list=0x000001e5b401ab00, length=51, elements={
0x000001e5f9b22cb0, 0x000001e5ff9e72c0, 0x000001e5ff9e7fe0, 0x000001e5ff9ea1f0,
0x000001e5ff9eac50, 0x000001e5ff9ebcc0, 0x000001e5ff9ec720, 0x000001e5ff9ed4b0,
0x000001e5ff9f4720, 0x000001e59758c6d0, 0x000001e59773ff50, 0x000001e5b252d640,
0x000001e5b252dcd0, 0x000001e5b252e360, 0x000001e5b252f710, 0x000001e5b2530430,
0x000001e5b252f080, 0x000001e5b252fda0, 0x000001e5b2530ac0, 0x000001e59755bc40,
0x000001e59755f750, 0x000001e59755fde0, 0x000001e59755dd10, 0x000001e597562540,
0x000001e59755ea30, 0x000001e597561820, 0x000001e597560470, 0x000001e59755f0c0,
0x000001e597561eb0, 0x000001e59755cff0, 0x000001e59755b5b0, 0x000001e597562bd0,
0x000001e59755c960, 0x000001e59755e3a0, 0x000001e5b1b7a200, 0x000001e5b1b76060,
0x000001e5b1b7a890, 0x000001e5b1b794e0, 0x000001e5b1b7bc40, 0x000001e5b1b7cff0,
0x000001e5b1b7c960, 0x000001e5b1b7d680, 0x000001e5b1b766f0, 0x000001e5b1b77410,
0x000001e5b1b77aa0, 0x000001e5b1b78130, 0x000001e5b1b78e50, 0x000001e5b425c4e0,
0x000001e5b425df20, 0x000001e5b4259d80, 0x000001e5b425e5b0
}

Java Threads: ( => current thread )
  0x000001e5f9b22cb0 JavaThread "main"                              [_thread_blocked, id=104, stack(0x0000004247d00000,0x0000004247e00000) (1024K)]
  0x000001e5ff9e72c0 JavaThread "Reference Handler"          daemon [_thread_blocked, id=11524, stack(0x0000004248500000,0x0000004248600000) (1024K)]
  0x000001e5ff9e7fe0 JavaThread "Finalizer"                  daemon [_thread_blocked, id=22200, stack(0x0000004248600000,0x0000004248700000) (1024K)]
  0x000001e5ff9ea1f0 JavaThread "Signal Dispatcher"          daemon [_thread_blocked, id=5456, stack(0x0000004248700000,0x0000004248800000) (1024K)]
  0x000001e5ff9eac50 JavaThread "Attach Listener"            daemon [_thread_blocked, id=21672, stack(0x0000004248800000,0x0000004248900000) (1024K)]
  0x000001e5ff9ebcc0 JavaThread "Service Thread"             daemon [_thread_blocked, id=20988, stack(0x0000004248900000,0x0000004248a00000) (1024K)]
  0x000001e5ff9ec720 JavaThread "Monitor Deflation Thread"   daemon [_thread_blocked, id=21544, stack(0x0000004248a00000,0x0000004248b00000) (1024K)]
=>0x000001e5ff9ed4b0 JavaThread "C2 CompilerThread0"         daemon [_thread_in_native, id=20048, stack(0x0000004248b00000,0x0000004248c00000) (1024K)]
  0x000001e5ff9f4720 JavaThread "C1 CompilerThread0"         daemon [_thread_in_native, id=22032, stack(0x0000004248c00000,0x0000004248d00000) (1024K)]
  0x000001e59758c6d0 JavaThread "Common-Cleaner"             daemon [_thread_blocked, id=22336, stack(0x0000004248d00000,0x0000004248e00000) (1024K)]
  0x000001e59773ff50 JavaThread "Notification Thread"        daemon [_thread_blocked, id=11228, stack(0x0000004248e00000,0x0000004248f00000) (1024K)]
  0x000001e5b252d640 JavaThread "Daemon health stats"               [_thread_blocked, id=8632, stack(0x0000004249400000,0x0000004249500000) (1024K)]
  0x000001e5b252dcd0 JavaThread "Incoming local TCP Connector on port 65234"        [_thread_in_native, id=13840, stack(0x0000004249500000,0x0000004249600000) (1024K)]
  0x000001e5b252e360 JavaThread "Daemon periodic checks"            [_thread_blocked, id=20528, stack(0x0000004249600000,0x0000004249700000) (1024K)]
  0x000001e5b252f710 JavaThread "Daemon"                            [_thread_blocked, id=8652, stack(0x0000004249700000,0x0000004249800000) (1024K)]
  0x000001e5b2530430 JavaThread "Handler for socket connection from /127.0.0.1:65234 to /127.0.0.1:65235"        [_thread_in_native, id=16716, stack(0x0000004249800000,0x0000004249900000) (1024K)]
  0x000001e5b252f080 JavaThread "Cancel handler"                    [_thread_blocked, id=6384, stack(0x0000004249900000,0x0000004249a00000) (1024K)]
  0x000001e5b252fda0 JavaThread "Daemon worker"                     [_thread_in_native, id=21468, stack(0x0000004249a00000,0x0000004249b00000) (1024K)]
  0x000001e5b2530ac0 JavaThread "Asynchronous log dispatcher for DefaultDaemonConnection: socket connection from /127.0.0.1:65234 to /127.0.0.1:65235"        [_thread_blocked, id=18016, stack(0x0000004249b00000,0x0000004249c00000) (1024K)]
  0x000001e59755bc40 JavaThread "Stdin handler"                     [_thread_blocked, id=15952, stack(0x0000004249c00000,0x0000004249d00000) (1024K)]
  0x000001e59755f750 JavaThread "Daemon client event forwarder"        [_thread_blocked, id=20336, stack(0x0000004249d00000,0x0000004249e00000) (1024K)]
  0x000001e59755fde0 JavaThread "Cache worker for journal cache (C:\Users\Admin\.gradle\caches\journal-1)"        [_thread_blocked, id=22136, stack(0x0000004249e00000,0x0000004249f00000) (1024K)]
  0x000001e59755dd10 JavaThread "File lock request listener"        [_thread_in_native, id=2652, stack(0x0000004249f00000,0x000000424a000000) (1024K)]
  0x000001e597562540 JavaThread "Cache worker for file hash cache (C:\Users\Admin\.gradle\caches\8.6\fileHashes)"        [_thread_blocked, id=16524, stack(0x000000424a000000,0x000000424a100000) (1024K)]
  0x000001e59755ea30 JavaThread "File watcher server"        daemon [_thread_in_native, id=15828, stack(0x000000424a700000,0x000000424a800000) (1024K)]
  0x000001e597561820 JavaThread "File watcher consumer"      daemon [_thread_blocked, id=22008, stack(0x000000424a800000,0x000000424a900000) (1024K)]
  0x000001e597560470 JavaThread "Cache worker for checksums cache (E:\C0723G1_Sprint2\KWatch_BE\.gradle\8.6\checksums)"        [_thread_blocked, id=22464, stack(0x000000424a900000,0x000000424aa00000) (1024K)]
  0x000001e59755f0c0 JavaThread "File lock release action executor"        [_thread_blocked, id=6944, stack(0x000000424aa00000,0x000000424ab00000) (1024K)]
  0x000001e597561eb0 JavaThread "Cache worker for file hash cache (E:\C0723G1_Sprint2\KWatch_BE\.gradle\8.6\fileHashes)"        [_thread_blocked, id=1744, stack(0x000000424ab00000,0x000000424ac00000) (1024K)]
  0x000001e59755cff0 JavaThread "Cache worker for cache directory md-supplier (C:\Users\Admin\.gradle\caches\8.6\md-supplier)"        [_thread_blocked, id=20804, stack(0x000000424ac00000,0x000000424ad00000) (1024K)]
  0x000001e59755b5b0 JavaThread "Cache worker for cache directory md-rule (C:\Users\Admin\.gradle\caches\8.6\md-rule)"        [_thread_blocked, id=11920, stack(0x000000424ad00000,0x000000424ae00000) (1024K)]
  0x000001e597562bd0 JavaThread "Cache worker for file content cache (C:\Users\Admin\.gradle\caches\8.6\fileContent)"        [_thread_blocked, id=11092, stack(0x000000424ae00000,0x000000424af00000) (1024K)]
  0x000001e59755c960 JavaThread "jar transforms"                    [_thread_blocked, id=16940, stack(0x000000424af00000,0x000000424b000000) (1024K)]
  0x000001e59755e3a0 JavaThread "jar transforms Thread 2"           [_thread_blocked, id=21016, stack(0x000000424b000000,0x000000424b100000) (1024K)]
  0x000001e5b1b7a200 JavaThread "jar transforms Thread 3"           [_thread_blocked, id=21356, stack(0x000000424b100000,0x000000424b200000) (1024K)]
  0x000001e5b1b76060 JavaThread "jar transforms Thread 4"           [_thread_blocked, id=21384, stack(0x000000424b200000,0x000000424b300000) (1024K)]
  0x000001e5b1b7a890 JavaThread "jar transforms Thread 5"           [_thread_blocked, id=22688, stack(0x000000424b400000,0x000000424b500000) (1024K)]
  0x000001e5b1b794e0 JavaThread "jar transforms Thread 6"           [_thread_blocked, id=22788, stack(0x000000424b500000,0x000000424b600000) (1024K)]
  0x000001e5b1b7bc40 JavaThread "jar transforms Thread 7"           [_thread_blocked, id=12816, stack(0x0000004247a00000,0x0000004247b00000) (1024K)]
  0x000001e5b1b7cff0 JavaThread "Cache worker for Build Output Cleanup Cache (E:\C0723G1_Sprint2\KWatch_BE\.gradle\buildOutputCleanup)"        [_thread_blocked, id=5408, stack(0x0000004247b00000,0x0000004247c00000) (1024K)]
  0x000001e5b1b7c960 JavaThread "Unconstrained build operations"        [_thread_in_Java, id=4084, stack(0x0000004247c00000,0x0000004247d00000) (1024K)]
  0x000001e5b1b7d680 JavaThread "Unconstrained build operations Thread 2"        [_thread_in_Java, id=16708, stack(0x000000424b600000,0x000000424b700000) (1024K)]
  0x000001e5b1b766f0 JavaThread "Unconstrained build operations Thread 3"        [_thread_blocked, id=22272, stack(0x000000424b700000,0x000000424b800000) (1024K)]
  0x000001e5b1b77410 JavaThread "Unconstrained build operations Thread 4"        [_thread_in_Java, id=2604, stack(0x000000424b800000,0x000000424b900000) (1024K)]
  0x000001e5b1b77aa0 JavaThread "Unconstrained build operations Thread 5"        [_thread_blocked, id=5668, stack(0x000000424b900000,0x000000424ba00000) (1024K)]
  0x000001e5b1b78130 JavaThread "Unconstrained build operations Thread 6"        [_thread_in_native, id=8860, stack(0x000000424ba00000,0x000000424bb00000) (1024K)]
  0x000001e5b1b78e50 JavaThread "Unconstrained build operations Thread 7"        [_thread_blocked, id=18172, stack(0x000000424bb00000,0x000000424bc00000) (1024K)]
  0x000001e5b425c4e0 JavaThread "Unconstrained build operations Thread 8"        [_thread_in_Java, id=17328, stack(0x000000424bc00000,0x000000424bd00000) (1024K)]
  0x000001e5b425df20 JavaThread "Unconstrained build operations Thread 9"        [_thread_blocked, id=23988, stack(0x000000424bd00000,0x000000424be00000) (1024K)]
  0x000001e5b4259d80 JavaThread "Unconstrained build operations Thread 10"        [_thread_blocked, id=7220, stack(0x000000424be00000,0x000000424bf00000) (1024K)]
  0x000001e5b425e5b0 JavaThread "Unconstrained build operations Thread 11"        [_thread_in_vm, id=852, stack(0x000000424bf00000,0x000000424c000000) (1024K)]
Total: 51

Other Threads:
  0x000001e5ff9cc170 VMThread "VM Thread"                           [id=20820, stack(0x0000004248400000,0x0000004248500000) (1024K)]
  0x000001e5ff9b1710 WatcherThread "VM Periodic Task Thread"        [id=500, stack(0x0000004248300000,0x0000004248400000) (1024K)]
  0x000001e5fbd5afd0 WorkerThread "GC Thread#0"                     [id=21576, stack(0x0000004247e00000,0x0000004247f00000) (1024K)]
  0x000001e5b18ed7d0 WorkerThread "GC Thread#1"                     [id=22208, stack(0x0000004248f00000,0x0000004249000000) (1024K)]
  0x000001e5b18edb70 WorkerThread "GC Thread#2"                     [id=16040, stack(0x0000004249000000,0x0000004249100000) (1024K)]
  0x000001e5b18edf10 WorkerThread "GC Thread#3"                     [id=20264, stack(0x0000004249100000,0x0000004249200000) (1024K)]
  0x000001e5b1806f30 WorkerThread "GC Thread#4"                     [id=7120, stack(0x0000004249200000,0x0000004249300000) (1024K)]
  0x000001e5b18072d0 WorkerThread "GC Thread#5"                     [id=21752, stack(0x0000004249300000,0x0000004249400000) (1024K)]
  0x000001e5b1951da0 WorkerThread "GC Thread#6"                     [id=21304, stack(0x000000424a100000,0x000000424a200000) (1024K)]
  0x000001e5b1952140 WorkerThread "GC Thread#7"                     [id=22368, stack(0x000000424a200000,0x000000424a300000) (1024K)]
  0x000001e5b1950b80 WorkerThread "GC Thread#8"                     [id=11260, stack(0x000000424a300000,0x000000424a400000) (1024K)]
  0x000001e5b1950f20 WorkerThread "GC Thread#9"                     [id=21860, stack(0x000000424a400000,0x000000424a500000) (1024K)]
  0x000001e5fbd5fec0 ConcurrentGCThread "G1 Main Marker"            [id=21440, stack(0x0000004247f00000,0x0000004248000000) (1024K)]
  0x000001e5fbd60a80 WorkerThread "G1 Conc#0"                       [id=22100, stack(0x0000004248000000,0x0000004248100000) (1024K)]
  0x000001e5b3319800 WorkerThread "G1 Conc#1"                       [id=21512, stack(0x000000424a500000,0x000000424a600000) (1024K)]
  0x000001e5b331b8a0 WorkerThread "G1 Conc#2"                       [id=20432, stack(0x000000424a600000,0x000000424a700000) (1024K)]
  0x000001e5fbdfe7d0 ConcurrentGCThread "G1 Refine#0"               [id=20948, stack(0x0000004248100000,0x0000004248200000) (1024K)]
  0x000001e5ff88a590 ConcurrentGCThread "G1 Service"                [id=19868, stack(0x0000004248200000,0x0000004248300000) (1024K)]
Total: 18

Threads with active compile tasks:
C2 CompilerThread0    84305 5703       4       java.lang.invoke.MethodType::makeImpl (109 bytes)
Total: 1

VM state: not at safepoint (normal execution)

VM Mutex/Monitor currently owned by a thread: None

Heap address: 0x00000000e0000000, size: 512 MB, Compressed Oops mode: 32-bit

CDS archive(s) mapped at: [0x000001e598000000-0x000001e598c90000-0x000001e598c90000), size 13172736, SharedBaseAddress: 0x000001e598000000, ArchiveRelocationMode: 1.
Compressed class space mapped at: 0x000001e599000000-0x000001e5ad000000, reserved size: 335544320
Narrow klass base: 0x000001e598000000, Narrow klass shift: 0, Narrow klass range: 0x100000000

GC Precious Log:
 CardTable entry size: 512
 Card Set container configuration: InlinePtr #cards 5 size 8 Array Of Cards #cards 12 size 40 Howl #buckets 4 coarsen threshold 1843 Howl Bitmap #cards 512 size 80 coarsen threshold 460 Card regions per heap region 1 cards per card region 2048
 CPUs: 12 total, 12 available
 Memory: 7549M
 Large Page Support: Disabled
 NUMA Support: Disabled
 Compressed Oops: Enabled (32-bit)
 Heap Region Size: 1M
 Heap Min Capacity: 256M
 Heap Initial Capacity: 256M
 Heap Max Capacity: 512M
 Pre-touch: Disabled
 Parallel Workers: 10
 Concurrent Workers: 3
 Concurrent Refinement Workers: 10
 Periodic GC: Disabled

Heap:
 garbage-first heap   total 262144K, used 136741K [0x00000000e0000000, 0x0000000100000000)
  region size 1024K, 109 young (111616K), 9 survivors (9216K)
 Metaspace       used 47611K, committed 49280K, reserved 393216K
  class space    used 6834K, committed 7680K, reserved 327680K

Heap Regions: E=young(eden), S=young(survivor), O=old, HS=humongous(starts), HC=humongous(continues), CS=collection set, F=free, TAMS=top-at-mark-start, PB=parsable bottom
|   0|0x00000000e0000000, 0x00000000e0100000, 0x00000000e0100000|100%|HS|  |TAMS 0x00000000e0000000| PB 0x00000000e0000000| Complete 
|   1|0x00000000e0100000, 0x00000000e0200000, 0x00000000e0200000|100%|HC|  |TAMS 0x00000000e0100000| PB 0x00000000e0100000| Complete 
|   2|0x00000000e0200000, 0x00000000e0300000, 0x00000000e0300000|100%|HC|  |TAMS 0x00000000e0200000| PB 0x00000000e0200000| Complete 
|   3|0x00000000e0300000, 0x00000000e0400000, 0x00000000e0400000|100%|HC|  |TAMS 0x00000000e0300000| PB 0x00000000e0300000| Complete 
|   4|0x00000000e0400000, 0x00000000e0500000, 0x00000000e0500000|100%| O|  |TAMS 0x00000000e0400000| PB 0x00000000e0400000| Untracked 
|   5|0x00000000e0500000, 0x00000000e0600000, 0x00000000e0600000|100%| O|  |TAMS 0x00000000e0500000| PB 0x00000000e0500000| Untracked 
|   6|0x00000000e0600000, 0x00000000e0700000, 0x00000000e0700000|100%| O|  |TAMS 0x00000000e0600000| PB 0x00000000e0600000| Untracked 
|   7|0x00000000e0700000, 0x00000000e0800000, 0x00000000e0800000|100%|HS|  |TAMS 0x00000000e0700000| PB 0x00000000e0700000| Complete 
|   8|0x00000000e0800000, 0x00000000e0900000, 0x00000000e0900000|100%| O|  |TAMS 0x00000000e0800000| PB 0x00000000e0800000| Untracked 
|   9|0x00000000e0900000, 0x00000000e0a00000, 0x00000000e0a00000|100%| O|  |TAMS 0x00000000e0900000| PB 0x00000000e0900000| Untracked 
|  10|0x00000000e0a00000, 0x00000000e0b00000, 0x00000000e0b00000|100%| O|  |TAMS 0x00000000e0a00000| PB 0x00000000e0a00000| Untracked 
|  11|0x00000000e0b00000, 0x00000000e0c00000, 0x00000000e0c00000|100%| O|  |TAMS 0x00000000e0b00000| PB 0x00000000e0b00000| Untracked 
|  12|0x00000000e0c00000, 0x00000000e0d00000, 0x00000000e0d00000|100%| O|  |TAMS 0x00000000e0c00000| PB 0x00000000e0c00000| Untracked 
|  13|0x00000000e0d00000, 0x00000000e0e00000, 0x00000000e0e00000|100%| O|  |TAMS 0x00000000e0d00000| PB 0x00000000e0d00000| Untracked 
|  14|0x00000000e0e00000, 0x00000000e0f00000, 0x00000000e0f00000|100%| O|  |TAMS 0x00000000e0e00000| PB 0x00000000e0e00000| Untracked 
|  15|0x00000000e0f00000, 0x00000000e1000000, 0x00000000e1000000|100%| O|  |TAMS 0x00000000e0f00000| PB 0x00000000e0f00000| Untracked 
|  16|0x00000000e1000000, 0x00000000e1100000, 0x00000000e1100000|100%| O|  |TAMS 0x00000000e1000000| PB 0x00000000e1000000| Untracked 
|  17|0x00000000e1100000, 0x00000000e1200000, 0x00000000e1200000|100%| O|  |TAMS 0x00000000e1100000| PB 0x00000000e1100000| Untracked 
|  18|0x00000000e1200000, 0x00000000e1300000, 0x00000000e1300000|100%| O|  |TAMS 0x00000000e1200000| PB 0x00000000e1200000| Untracked 
|  19|0x00000000e1300000, 0x00000000e1400000, 0x00000000e1400000|100%| O|  |TAMS 0x00000000e1300000| PB 0x00000000e1300000| Untracked 
|  20|0x00000000e1400000, 0x00000000e1500000, 0x00000000e1500000|100%| O|  |TAMS 0x00000000e1400000| PB 0x00000000e1400000| Untracked 
|  21|0x00000000e1500000, 0x00000000e1600000, 0x00000000e1600000|100%| O|  |TAMS 0x00000000e1500000| PB 0x00000000e1500000| Untracked 
|  22|0x00000000e1600000, 0x00000000e1700000, 0x00000000e1700000|100%| O|Cm|TAMS 0x00000000e1600000| PB 0x00000000e1600000| Complete 
|  23|0x00000000e1700000, 0x00000000e1800000, 0x00000000e1800000|100%| O|  |TAMS 0x00000000e1700000| PB 0x00000000e1700000| Untracked 
|  24|0x00000000e1800000, 0x00000000e1824248, 0x00000000e1900000| 14%| O|  |TAMS 0x00000000e1800000| PB 0x00000000e1800000| Untracked 
|  25|0x00000000e1900000, 0x00000000e1a00000, 0x00000000e1a00000|100%|HS|  |TAMS 0x00000000e1900000| PB 0x00000000e1900000| Complete 
|  26|0x00000000e1a00000, 0x00000000e1b00000, 0x00000000e1b00000|100%|HC|  |TAMS 0x00000000e1a00000| PB 0x00000000e1a00000| Complete 
|  27|0x00000000e1b00000, 0x00000000e1c00000, 0x00000000e1c00000|100%|HS|  |TAMS 0x00000000e1b00000| PB 0x00000000e1b00000| Complete 
|  28|0x00000000e1c00000, 0x00000000e1c00000, 0x00000000e1d00000|  0%| F|  |TAMS 0x00000000e1c00000| PB 0x00000000e1c00000| Untracked 
|  29|0x00000000e1d00000, 0x00000000e1d00000, 0x00000000e1e00000|  0%| F|  |TAMS 0x00000000e1d00000| PB 0x00000000e1d00000| Untracked 
|  30|0x00000000e1e00000, 0x00000000e1e00000, 0x00000000e1f00000|  0%| F|  |TAMS 0x00000000e1e00000| PB 0x00000000e1e00000| Untracked 
|  31|0x00000000e1f00000, 0x00000000e1f00000, 0x00000000e2000000|  0%| F|  |TAMS 0x00000000e1f00000| PB 0x00000000e1f00000| Untracked 
|  32|0x00000000e2000000, 0x00000000e2000000, 0x00000000e2100000|  0%| F|  |TAMS 0x00000000e2000000| PB 0x00000000e2000000| Untracked 
|  33|0x00000000e2100000, 0x00000000e2100000, 0x00000000e2200000|  0%| F|  |TAMS 0x00000000e2100000| PB 0x00000000e2100000| Untracked 
|  34|0x00000000e2200000, 0x00000000e2200000, 0x00000000e2300000|  0%| F|  |TAMS 0x00000000e2200000| PB 0x00000000e2200000| Untracked 
|  35|0x00000000e2300000, 0x00000000e2300000, 0x00000000e2400000|  0%| F|  |TAMS 0x00000000e2300000| PB 0x00000000e2300000| Untracked 
|  36|0x00000000e2400000, 0x00000000e2400000, 0x00000000e2500000|  0%| F|  |TAMS 0x00000000e2400000| PB 0x00000000e2400000| Untracked 
|  37|0x00000000e2500000, 0x00000000e2500000, 0x00000000e2600000|  0%| F|  |TAMS 0x00000000e2500000| PB 0x00000000e2500000| Untracked 
|  38|0x00000000e2600000, 0x00000000e2600000, 0x00000000e2700000|  0%| F|  |TAMS 0x00000000e2600000| PB 0x00000000e2600000| Untracked 
|  39|0x00000000e2700000, 0x00000000e2700000, 0x00000000e2800000|  0%| F|  |TAMS 0x00000000e2700000| PB 0x00000000e2700000| Untracked 
|  40|0x00000000e2800000, 0x00000000e2800000, 0x00000000e2900000|  0%| F|  |TAMS 0x00000000e2800000| PB 0x00000000e2800000| Untracked 
|  41|0x00000000e2900000, 0x00000000e2900000, 0x00000000e2a00000|  0%| F|  |TAMS 0x00000000e2900000| PB 0x00000000e2900000| Untracked 
|  42|0x00000000e2a00000, 0x00000000e2a00000, 0x00000000e2b00000|  0%| F|  |TAMS 0x00000000e2a00000| PB 0x00000000e2a00000| Untracked 
|  43|0x00000000e2b00000, 0x00000000e2b00000, 0x00000000e2c00000|  0%| F|  |TAMS 0x00000000e2b00000| PB 0x00000000e2b00000| Untracked 
|  44|0x00000000e2c00000, 0x00000000e2c00000, 0x00000000e2d00000|  0%| F|  |TAMS 0x00000000e2c00000| PB 0x00000000e2c00000| Untracked 
|  45|0x00000000e2d00000, 0x00000000e2d00000, 0x00000000e2e00000|  0%| F|  |TAMS 0x00000000e2d00000| PB 0x00000000e2d00000| Untracked 
|  46|0x00000000e2e00000, 0x00000000e2e00000, 0x00000000e2f00000|  0%| F|  |TAMS 0x00000000e2e00000| PB 0x00000000e2e00000| Untracked 
|  47|0x00000000e2f00000, 0x00000000e2f00000, 0x00000000e3000000|  0%| F|  |TAMS 0x00000000e2f00000| PB 0x00000000e2f00000| Untracked 
|  48|0x00000000e3000000, 0x00000000e3000000, 0x00000000e3100000|  0%| F|  |TAMS 0x00000000e3000000| PB 0x00000000e3000000| Untracked 
|  49|0x00000000e3100000, 0x00000000e3100000, 0x00000000e3200000|  0%| F|  |TAMS 0x00000000e3100000| PB 0x00000000e3100000| Untracked 
|  50|0x00000000e3200000, 0x00000000e3200000, 0x00000000e3300000|  0%| F|  |TAMS 0x00000000e3200000| PB 0x00000000e3200000| Untracked 
|  51|0x00000000e3300000, 0x00000000e3300000, 0x00000000e3400000|  0%| F|  |TAMS 0x00000000e3300000| PB 0x00000000e3300000| Untracked 
|  52|0x00000000e3400000, 0x00000000e3400000, 0x00000000e3500000|  0%| F|  |TAMS 0x00000000e3400000| PB 0x00000000e3400000| Untracked 
|  53|0x00000000e3500000, 0x00000000e3500000, 0x00000000e3600000|  0%| F|  |TAMS 0x00000000e3500000| PB 0x00000000e3500000| Untracked 
|  54|0x00000000e3600000, 0x00000000e3600000, 0x00000000e3700000|  0%| F|  |TAMS 0x00000000e3600000| PB 0x00000000e3600000| Untracked 
|  55|0x00000000e3700000, 0x00000000e3700000, 0x00000000e3800000|  0%| F|  |TAMS 0x00000000e3700000| PB 0x00000000e3700000| Untracked 
|  56|0x00000000e3800000, 0x00000000e3800000, 0x00000000e3900000|  0%| F|  |TAMS 0x00000000e3800000| PB 0x00000000e3800000| Untracked 
|  57|0x00000000e3900000, 0x00000000e3900000, 0x00000000e3a00000|  0%| F|  |TAMS 0x00000000e3900000| PB 0x00000000e3900000| Untracked 
|  58|0x00000000e3a00000, 0x00000000e3a00000, 0x00000000e3b00000|  0%| F|  |TAMS 0x00000000e3a00000| PB 0x00000000e3a00000| Untracked 
|  59|0x00000000e3b00000, 0x00000000e3b00000, 0x00000000e3c00000|  0%| F|  |TAMS 0x00000000e3b00000| PB 0x00000000e3b00000| Untracked 
|  60|0x00000000e3c00000, 0x00000000e3c00000, 0x00000000e3d00000|  0%| F|  |TAMS 0x00000000e3c00000| PB 0x00000000e3c00000| Untracked 
|  61|0x00000000e3d00000, 0x00000000e3d00000, 0x00000000e3e00000|  0%| F|  |TAMS 0x00000000e3d00000| PB 0x00000000e3d00000| Untracked 
|  62|0x00000000e3e00000, 0x00000000e3e00000, 0x00000000e3f00000|  0%| F|  |TAMS 0x00000000e3e00000| PB 0x00000000e3e00000| Untracked 
|  63|0x00000000e3f00000, 0x00000000e3f00000, 0x00000000e4000000|  0%| F|  |TAMS 0x00000000e3f00000| PB 0x00000000e3f00000| Untracked 
|  64|0x00000000e4000000, 0x00000000e4000000, 0x00000000e4100000|  0%| F|  |TAMS 0x00000000e4000000| PB 0x00000000e4000000| Untracked 
|  65|0x00000000e4100000, 0x00000000e4100000, 0x00000000e4200000|  0%| F|  |TAMS 0x00000000e4100000| PB 0x00000000e4100000| Untracked 
|  66|0x00000000e4200000, 0x00000000e4200000, 0x00000000e4300000|  0%| F|  |TAMS 0x00000000e4200000| PB 0x00000000e4200000| Untracked 
|  67|0x00000000e4300000, 0x00000000e4300000, 0x00000000e4400000|  0%| F|  |TAMS 0x00000000e4300000| PB 0x00000000e4300000| Untracked 
|  68|0x00000000e4400000, 0x00000000e4400000, 0x00000000e4500000|  0%| F|  |TAMS 0x00000000e4400000| PB 0x00000000e4400000| Untracked 
|  69|0x00000000e4500000, 0x00000000e4500000, 0x00000000e4600000|  0%| F|  |TAMS 0x00000000e4500000| PB 0x00000000e4500000| Untracked 
|  70|0x00000000e4600000, 0x00000000e4600000, 0x00000000e4700000|  0%| F|  |TAMS 0x00000000e4600000| PB 0x00000000e4600000| Untracked 
|  71|0x00000000e4700000, 0x00000000e4700000, 0x00000000e4800000|  0%| F|  |TAMS 0x00000000e4700000| PB 0x00000000e4700000| Untracked 
|  72|0x00000000e4800000, 0x00000000e4800000, 0x00000000e4900000|  0%| F|  |TAMS 0x00000000e4800000| PB 0x00000000e4800000| Untracked 
|  73|0x00000000e4900000, 0x00000000e4900000, 0x00000000e4a00000|  0%| F|  |TAMS 0x00000000e4900000| PB 0x00000000e4900000| Untracked 
|  74|0x00000000e4a00000, 0x00000000e4a00000, 0x00000000e4b00000|  0%| F|  |TAMS 0x00000000e4a00000| PB 0x00000000e4a00000| Untracked 
|  75|0x00000000e4b00000, 0x00000000e4b00000, 0x00000000e4c00000|  0%| F|  |TAMS 0x00000000e4b00000| PB 0x00000000e4b00000| Untracked 
|  76|0x00000000e4c00000, 0x00000000e4c00000, 0x00000000e4d00000|  0%| F|  |TAMS 0x00000000e4c00000| PB 0x00000000e4c00000| Untracked 
|  77|0x00000000e4d00000, 0x00000000e4d00000, 0x00000000e4e00000|  0%| F|  |TAMS 0x00000000e4d00000| PB 0x00000000e4d00000| Untracked 
|  78|0x00000000e4e00000, 0x00000000e4e00000, 0x00000000e4f00000|  0%| F|  |TAMS 0x00000000e4e00000| PB 0x00000000e4e00000| Untracked 
|  79|0x00000000e4f00000, 0x00000000e4f00000, 0x00000000e5000000|  0%| F|  |TAMS 0x00000000e4f00000| PB 0x00000000e4f00000| Untracked 
|  80|0x00000000e5000000, 0x00000000e5000000, 0x00000000e5100000|  0%| F|  |TAMS 0x00000000e5000000| PB 0x00000000e5000000| Untracked 
|  81|0x00000000e5100000, 0x00000000e5100000, 0x00000000e5200000|  0%| F|  |TAMS 0x00000000e5100000| PB 0x00000000e5100000| Untracked 
|  82|0x00000000e5200000, 0x00000000e5200000, 0x00000000e5300000|  0%| F|  |TAMS 0x00000000e5200000| PB 0x00000000e5200000| Untracked 
|  83|0x00000000e5300000, 0x00000000e5300000, 0x00000000e5400000|  0%| F|  |TAMS 0x00000000e5300000| PB 0x00000000e5300000| Untracked 
|  84|0x00000000e5400000, 0x00000000e5400000, 0x00000000e5500000|  0%| F|  |TAMS 0x00000000e5400000| PB 0x00000000e5400000| Untracked 
|  85|0x00000000e5500000, 0x00000000e5500000, 0x00000000e5600000|  0%| F|  |TAMS 0x00000000e5500000| PB 0x00000000e5500000| Untracked 
|  86|0x00000000e5600000, 0x00000000e5600000, 0x00000000e5700000|  0%| F|  |TAMS 0x00000000e5600000| PB 0x00000000e5600000| Untracked 
|  87|0x00000000e5700000, 0x00000000e5700000, 0x00000000e5800000|  0%| F|  |TAMS 0x00000000e5700000| PB 0x00000000e5700000| Untracked 
|  88|0x00000000e5800000, 0x00000000e5800000, 0x00000000e5900000|  0%| F|  |TAMS 0x00000000e5800000| PB 0x00000000e5800000| Untracked 
|  89|0x00000000e5900000, 0x00000000e5900000, 0x00000000e5a00000|  0%| F|  |TAMS 0x00000000e5900000| PB 0x00000000e5900000| Untracked 
|  90|0x00000000e5a00000, 0x00000000e5a00000, 0x00000000e5b00000|  0%| F|  |TAMS 0x00000000e5a00000| PB 0x00000000e5a00000| Untracked 
|  91|0x00000000e5b00000, 0x00000000e5b00000, 0x00000000e5c00000|  0%| F|  |TAMS 0x00000000e5b00000| PB 0x00000000e5b00000| Untracked 
|  92|0x00000000e5c00000, 0x00000000e5c00000, 0x00000000e5d00000|  0%| F|  |TAMS 0x00000000e5c00000| PB 0x00000000e5c00000| Untracked 
|  93|0x00000000e5d00000, 0x00000000e5d00000, 0x00000000e5e00000|  0%| F|  |TAMS 0x00000000e5d00000| PB 0x00000000e5d00000| Untracked 
|  94|0x00000000e5e00000, 0x00000000e5e00000, 0x00000000e5f00000|  0%| F|  |TAMS 0x00000000e5e00000| PB 0x00000000e5e00000| Untracked 
|  95|0x00000000e5f00000, 0x00000000e5f00000, 0x00000000e6000000|  0%| F|  |TAMS 0x00000000e5f00000| PB 0x00000000e5f00000| Untracked 
|  96|0x00000000e6000000, 0x00000000e6000000, 0x00000000e6100000|  0%| F|  |TAMS 0x00000000e6000000| PB 0x00000000e6000000| Untracked 
|  97|0x00000000e6100000, 0x00000000e6100000, 0x00000000e6200000|  0%| F|  |TAMS 0x00000000e6100000| PB 0x00000000e6100000| Untracked 
|  98|0x00000000e6200000, 0x00000000e6200000, 0x00000000e6300000|  0%| F|  |TAMS 0x00000000e6200000| PB 0x00000000e6200000| Untracked 
|  99|0x00000000e6300000, 0x00000000e6300000, 0x00000000e6400000|  0%| F|  |TAMS 0x00000000e6300000| PB 0x00000000e6300000| Untracked 
| 100|0x00000000e6400000, 0x00000000e6400000, 0x00000000e6500000|  0%| F|  |TAMS 0x00000000e6400000| PB 0x00000000e6400000| Untracked 
| 101|0x00000000e6500000, 0x00000000e6500000, 0x00000000e6600000|  0%| F|  |TAMS 0x00000000e6500000| PB 0x00000000e6500000| Untracked 
| 102|0x00000000e6600000, 0x00000000e6600000, 0x00000000e6700000|  0%| F|  |TAMS 0x00000000e6600000| PB 0x00000000e6600000| Untracked 
| 103|0x00000000e6700000, 0x00000000e6700000, 0x00000000e6800000|  0%| F|  |TAMS 0x00000000e6700000| PB 0x00000000e6700000| Untracked 
| 104|0x00000000e6800000, 0x00000000e6800000, 0x00000000e6900000|  0%| F|  |TAMS 0x00000000e6800000| PB 0x00000000e6800000| Untracked 
| 105|0x00000000e6900000, 0x00000000e6900000, 0x00000000e6a00000|  0%| F|  |TAMS 0x00000000e6900000| PB 0x00000000e6900000| Untracked 
| 106|0x00000000e6a00000, 0x00000000e6a00000, 0x00000000e6b00000|  0%| F|  |TAMS 0x00000000e6a00000| PB 0x00000000e6a00000| Untracked 
| 107|0x00000000e6b00000, 0x00000000e6b00000, 0x00000000e6c00000|  0%| F|  |TAMS 0x00000000e6b00000| PB 0x00000000e6b00000| Untracked 
| 108|0x00000000e6c00000, 0x00000000e6c00000, 0x00000000e6d00000|  0%| F|  |TAMS 0x00000000e6c00000| PB 0x00000000e6c00000| Untracked 
| 109|0x00000000e6d00000, 0x00000000e6d00000, 0x00000000e6e00000|  0%| F|  |TAMS 0x00000000e6d00000| PB 0x00000000e6d00000| Untracked 
| 110|0x00000000e6e00000, 0x00000000e6e00000, 0x00000000e6f00000|  0%| F|  |TAMS 0x00000000e6e00000| PB 0x00000000e6e00000| Untracked 
| 111|0x00000000e6f00000, 0x00000000e6f00000, 0x00000000e7000000|  0%| F|  |TAMS 0x00000000e6f00000| PB 0x00000000e6f00000| Untracked 
| 112|0x00000000e7000000, 0x00000000e7000000, 0x00000000e7100000|  0%| F|  |TAMS 0x00000000e7000000| PB 0x00000000e7000000| Untracked 
| 113|0x00000000e7100000, 0x00000000e7100000, 0x00000000e7200000|  0%| F|  |TAMS 0x00000000e7100000| PB 0x00000000e7100000| Untracked 
| 114|0x00000000e7200000, 0x00000000e7200000, 0x00000000e7300000|  0%| F|  |TAMS 0x00000000e7200000| PB 0x00000000e7200000| Untracked 
| 115|0x00000000e7300000, 0x00000000e7300000, 0x00000000e7400000|  0%| F|  |TAMS 0x00000000e7300000| PB 0x00000000e7300000| Untracked 
| 116|0x00000000e7400000, 0x00000000e7400000, 0x00000000e7500000|  0%| F|  |TAMS 0x00000000e7400000| PB 0x00000000e7400000| Untracked 
| 117|0x00000000e7500000, 0x00000000e7500000, 0x00000000e7600000|  0%| F|  |TAMS 0x00000000e7500000| PB 0x00000000e7500000| Untracked 
| 118|0x00000000e7600000, 0x00000000e7600000, 0x00000000e7700000|  0%| F|  |TAMS 0x00000000e7600000| PB 0x00000000e7600000| Untracked 
| 119|0x00000000e7700000, 0x00000000e7700000, 0x00000000e7800000|  0%| F|  |TAMS 0x00000000e7700000| PB 0x00000000e7700000| Untracked 
| 120|0x00000000e7800000, 0x00000000e7800000, 0x00000000e7900000|  0%| F|  |TAMS 0x00000000e7800000| PB 0x00000000e7800000| Untracked 
| 121|0x00000000e7900000, 0x00000000e7900000, 0x00000000e7a00000|  0%| F|  |TAMS 0x00000000e7900000| PB 0x00000000e7900000| Untracked 
| 122|0x00000000e7a00000, 0x00000000e7a00000, 0x00000000e7b00000|  0%| F|  |TAMS 0x00000000e7a00000| PB 0x00000000e7a00000| Untracked 
| 123|0x00000000e7b00000, 0x00000000e7b00000, 0x00000000e7c00000|  0%| F|  |TAMS 0x00000000e7b00000| PB 0x00000000e7b00000| Untracked 
| 124|0x00000000e7c00000, 0x00000000e7c00000, 0x00000000e7d00000|  0%| F|  |TAMS 0x00000000e7c00000| PB 0x00000000e7c00000| Untracked 
| 125|0x00000000e7d00000, 0x00000000e7d00000, 0x00000000e7e00000|  0%| F|  |TAMS 0x00000000e7d00000| PB 0x00000000e7d00000| Untracked 
| 126|0x00000000e7e00000, 0x00000000e7e00000, 0x00000000e7f00000|  0%| F|  |TAMS 0x00000000e7e00000| PB 0x00000000e7e00000| Untracked 
| 127|0x00000000e7f00000, 0x00000000e7f00000, 0x00000000e8000000|  0%| F|  |TAMS 0x00000000e7f00000| PB 0x00000000e7f00000| Untracked 
| 128|0x00000000e8000000, 0x00000000e8000000, 0x00000000e8100000|  0%| F|  |TAMS 0x00000000e8000000| PB 0x00000000e8000000| Untracked 
| 129|0x00000000e8100000, 0x00000000e8100000, 0x00000000e8200000|  0%| F|  |TAMS 0x00000000e8100000| PB 0x00000000e8100000| Untracked 
| 130|0x00000000e8200000, 0x00000000e8200000, 0x00000000e8300000|  0%| F|  |TAMS 0x00000000e8200000| PB 0x00000000e8200000| Untracked 
| 131|0x00000000e8300000, 0x00000000e8300000, 0x00000000e8400000|  0%| F|  |TAMS 0x00000000e8300000| PB 0x00000000e8300000| Untracked 
| 132|0x00000000e8400000, 0x00000000e8400000, 0x00000000e8500000|  0%| F|  |TAMS 0x00000000e8400000| PB 0x00000000e8400000| Untracked 
| 133|0x00000000e8500000, 0x00000000e8500000, 0x00000000e8600000|  0%| F|  |TAMS 0x00000000e8500000| PB 0x00000000e8500000| Untracked 
| 134|0x00000000e8600000, 0x00000000e8600000, 0x00000000e8700000|  0%| F|  |TAMS 0x00000000e8600000| PB 0x00000000e8600000| Untracked 
| 135|0x00000000e8700000, 0x00000000e8700000, 0x00000000e8800000|  0%| F|  |TAMS 0x00000000e8700000| PB 0x00000000e8700000| Untracked 
| 136|0x00000000e8800000, 0x00000000e8800000, 0x00000000e8900000|  0%| F|  |TAMS 0x00000000e8800000| PB 0x00000000e8800000| Untracked 
| 137|0x00000000e8900000, 0x00000000e8900000, 0x00000000e8a00000|  0%| F|  |TAMS 0x00000000e8900000| PB 0x00000000e8900000| Untracked 
| 138|0x00000000e8a00000, 0x00000000e8a00000, 0x00000000e8b00000|  0%| F|  |TAMS 0x00000000e8a00000| PB 0x00000000e8a00000| Untracked 
| 139|0x00000000e8b00000, 0x00000000e8b00000, 0x00000000e8c00000|  0%| F|  |TAMS 0x00000000e8b00000| PB 0x00000000e8b00000| Untracked 
| 140|0x00000000e8c00000, 0x00000000e8c00000, 0x00000000e8d00000|  0%| F|  |TAMS 0x00000000e8c00000| PB 0x00000000e8c00000| Untracked 
| 141|0x00000000e8d00000, 0x00000000e8d00000, 0x00000000e8e00000|  0%| F|  |TAMS 0x00000000e8d00000| PB 0x00000000e8d00000| Untracked 
| 142|0x00000000e8e00000, 0x00000000e8e00000, 0x00000000e8f00000|  0%| F|  |TAMS 0x00000000e8e00000| PB 0x00000000e8e00000| Untracked 
| 143|0x00000000e8f00000, 0x00000000e8f00000, 0x00000000e9000000|  0%| F|  |TAMS 0x00000000e8f00000| PB 0x00000000e8f00000| Untracked 
| 144|0x00000000e9000000, 0x00000000e9000000, 0x00000000e9100000|  0%| F|  |TAMS 0x00000000e9000000| PB 0x00000000e9000000| Untracked 
| 145|0x00000000e9100000, 0x00000000e9100000, 0x00000000e9200000|  0%| F|  |TAMS 0x00000000e9100000| PB 0x00000000e9100000| Untracked 
| 146|0x00000000e9200000, 0x00000000e9200000, 0x00000000e9300000|  0%| F|  |TAMS 0x00000000e9200000| PB 0x00000000e9200000| Untracked 
| 147|0x00000000e9300000, 0x00000000e9400000, 0x00000000e9400000|100%| E|  |TAMS 0x00000000e9300000| PB 0x00000000e9300000| Complete 
| 148|0x00000000e9400000, 0x00000000e9500000, 0x00000000e9500000|100%| E|CS|TAMS 0x00000000e9400000| PB 0x00000000e9400000| Complete 
| 149|0x00000000e9500000, 0x00000000e9600000, 0x00000000e9600000|100%| E|CS|TAMS 0x00000000e9500000| PB 0x00000000e9500000| Complete 
| 150|0x00000000e9600000, 0x00000000e9700000, 0x00000000e9700000|100%| E|CS|TAMS 0x00000000e9600000| PB 0x00000000e9600000| Complete 
| 151|0x00000000e9700000, 0x00000000e9800000, 0x00000000e9800000|100%| E|CS|TAMS 0x00000000e9700000| PB 0x00000000e9700000| Complete 
| 152|0x00000000e9800000, 0x00000000e9900000, 0x00000000e9900000|100%| E|CS|TAMS 0x00000000e9800000| PB 0x00000000e9800000| Complete 
| 153|0x00000000e9900000, 0x00000000e9a00000, 0x00000000e9a00000|100%| E|CS|TAMS 0x00000000e9900000| PB 0x00000000e9900000| Complete 
| 154|0x00000000e9a00000, 0x00000000e9b00000, 0x00000000e9b00000|100%| E|CS|TAMS 0x00000000e9a00000| PB 0x00000000e9a00000| Complete 
| 155|0x00000000e9b00000, 0x00000000e9c00000, 0x00000000e9c00000|100%| E|CS|TAMS 0x00000000e9b00000| PB 0x00000000e9b00000| Complete 
| 156|0x00000000e9c00000, 0x00000000e9d00000, 0x00000000e9d00000|100%| E|CS|TAMS 0x00000000e9c00000| PB 0x00000000e9c00000| Complete 
| 157|0x00000000e9d00000, 0x00000000e9e00000, 0x00000000e9e00000|100%| E|CS|TAMS 0x00000000e9d00000| PB 0x00000000e9d00000| Complete 
| 158|0x00000000e9e00000, 0x00000000e9f00000, 0x00000000e9f00000|100%| E|CS|TAMS 0x00000000e9e00000| PB 0x00000000e9e00000| Complete 
| 159|0x00000000e9f00000, 0x00000000ea000000, 0x00000000ea000000|100%| E|CS|TAMS 0x00000000e9f00000| PB 0x00000000e9f00000| Complete 
| 160|0x00000000ea000000, 0x00000000ea100000, 0x00000000ea100000|100%| E|CS|TAMS 0x00000000ea000000| PB 0x00000000ea000000| Complete 
| 161|0x00000000ea100000, 0x00000000ea200000, 0x00000000ea200000|100%| E|CS|TAMS 0x00000000ea100000| PB 0x00000000ea100000| Complete 
| 162|0x00000000ea200000, 0x00000000ea300000, 0x00000000ea300000|100%| E|CS|TAMS 0x00000000ea200000| PB 0x00000000ea200000| Complete 
| 163|0x00000000ea300000, 0x00000000ea400000, 0x00000000ea400000|100%| E|CS|TAMS 0x00000000ea300000| PB 0x00000000ea300000| Complete 
| 164|0x00000000ea400000, 0x00000000ea500000, 0x00000000ea500000|100%| E|CS|TAMS 0x00000000ea400000| PB 0x00000000ea400000| Complete 
| 165|0x00000000ea500000, 0x00000000ea600000, 0x00000000ea600000|100%| E|CS|TAMS 0x00000000ea500000| PB 0x00000000ea500000| Complete 
| 166|0x00000000ea600000, 0x00000000ea700000, 0x00000000ea700000|100%| E|CS|TAMS 0x00000000ea600000| PB 0x00000000ea600000| Complete 
| 167|0x00000000ea700000, 0x00000000ea800000, 0x00000000ea800000|100%| E|CS|TAMS 0x00000000ea700000| PB 0x00000000ea700000| Complete 
| 168|0x00000000ea800000, 0x00000000ea900000, 0x00000000ea900000|100%| E|CS|TAMS 0x00000000ea800000| PB 0x00000000ea800000| Complete 
| 169|0x00000000ea900000, 0x00000000eaa00000, 0x00000000eaa00000|100%| E|CS|TAMS 0x00000000ea900000| PB 0x00000000ea900000| Complete 
| 170|0x00000000eaa00000, 0x00000000eab00000, 0x00000000eab00000|100%| E|CS|TAMS 0x00000000eaa00000| PB 0x00000000eaa00000| Complete 
| 171|0x00000000eab00000, 0x00000000eac00000, 0x00000000eac00000|100%| E|CS|TAMS 0x00000000eab00000| PB 0x00000000eab00000| Complete 
| 172|0x00000000eac00000, 0x00000000ead00000, 0x00000000ead00000|100%| E|CS|TAMS 0x00000000eac00000| PB 0x00000000eac00000| Complete 
| 173|0x00000000ead00000, 0x00000000eae00000, 0x00000000eae00000|100%| E|CS|TAMS 0x00000000ead00000| PB 0x00000000ead00000| Complete 
| 174|0x00000000eae00000, 0x00000000eaf00000, 0x00000000eaf00000|100%| E|CS|TAMS 0x00000000eae00000| PB 0x00000000eae00000| Complete 
| 175|0x00000000eaf00000, 0x00000000eb000000, 0x00000000eb000000|100%| E|CS|TAMS 0x00000000eaf00000| PB 0x00000000eaf00000| Complete 
| 176|0x00000000eb000000, 0x00000000eb100000, 0x00000000eb100000|100%| E|CS|TAMS 0x00000000eb000000| PB 0x00000000eb000000| Complete 
| 177|0x00000000eb100000, 0x00000000eb200000, 0x00000000eb200000|100%| E|CS|TAMS 0x00000000eb100000| PB 0x00000000eb100000| Complete 
| 178|0x00000000eb200000, 0x00000000eb300000, 0x00000000eb300000|100%| E|CS|TAMS 0x00000000eb200000| PB 0x00000000eb200000| Complete 
| 179|0x00000000eb300000, 0x00000000eb400000, 0x00000000eb400000|100%| E|CS|TAMS 0x00000000eb300000| PB 0x00000000eb300000| Complete 
| 180|0x00000000eb400000, 0x00000000eb500000, 0x00000000eb500000|100%| E|CS|TAMS 0x00000000eb400000| PB 0x00000000eb400000| Complete 
| 181|0x00000000eb500000, 0x00000000eb600000, 0x00000000eb600000|100%| E|CS|TAMS 0x00000000eb500000| PB 0x00000000eb500000| Complete 
| 182|0x00000000eb600000, 0x00000000eb700000, 0x00000000eb700000|100%| E|CS|TAMS 0x00000000eb600000| PB 0x00000000eb600000| Complete 
| 183|0x00000000eb700000, 0x00000000eb800000, 0x00000000eb800000|100%| E|CS|TAMS 0x00000000eb700000| PB 0x00000000eb700000| Complete 
| 184|0x00000000eb800000, 0x00000000eb900000, 0x00000000eb900000|100%| E|CS|TAMS 0x00000000eb800000| PB 0x00000000eb800000| Complete 
| 185|0x00000000eb900000, 0x00000000eba00000, 0x00000000eba00000|100%| E|CS|TAMS 0x00000000eb900000| PB 0x00000000eb900000| Complete 
| 186|0x00000000eba00000, 0x00000000ebb00000, 0x00000000ebb00000|100%| E|CS|TAMS 0x00000000eba00000| PB 0x00000000eba00000| Complete 
| 187|0x00000000ebb00000, 0x00000000ebc00000, 0x00000000ebc00000|100%| E|CS|TAMS 0x00000000ebb00000| PB 0x00000000ebb00000| Complete 
| 188|0x00000000ebc00000, 0x00000000ebd00000, 0x00000000ebd00000|100%| E|CS|TAMS 0x00000000ebc00000| PB 0x00000000ebc00000| Complete 
| 189|0x00000000ebd00000, 0x00000000ebe00000, 0x00000000ebe00000|100%| E|CS|TAMS 0x00000000ebd00000| PB 0x00000000ebd00000| Complete 
| 190|0x00000000ebe00000, 0x00000000ebf00000, 0x00000000ebf00000|100%| E|CS|TAMS 0x00000000ebe00000| PB 0x00000000ebe00000| Complete 
| 191|0x00000000ebf00000, 0x00000000ec000000, 0x00000000ec000000|100%| E|CS|TAMS 0x00000000ebf00000| PB 0x00000000ebf00000| Complete 
| 192|0x00000000ec000000, 0x00000000ec100000, 0x00000000ec100000|100%| E|CS|TAMS 0x00000000ec000000| PB 0x00000000ec000000| Complete 
| 193|0x00000000ec100000, 0x00000000ec200000, 0x00000000ec200000|100%| E|CS|TAMS 0x00000000ec100000| PB 0x00000000ec100000| Complete 
| 194|0x00000000ec200000, 0x00000000ec300000, 0x00000000ec300000|100%| E|CS|TAMS 0x00000000ec200000| PB 0x00000000ec200000| Complete 
| 195|0x00000000ec300000, 0x00000000ec400000, 0x00000000ec400000|100%| E|CS|TAMS 0x00000000ec300000| PB 0x00000000ec300000| Complete 
| 196|0x00000000ec400000, 0x00000000ec500000, 0x00000000ec500000|100%| E|CS|TAMS 0x00000000ec400000| PB 0x00000000ec400000| Complete 
| 197|0x00000000ec500000, 0x00000000ec600000, 0x00000000ec600000|100%| E|CS|TAMS 0x00000000ec500000| PB 0x00000000ec500000| Complete 
| 198|0x00000000ec600000, 0x00000000ec700000, 0x00000000ec700000|100%| E|CS|TAMS 0x00000000ec600000| PB 0x00000000ec600000| Complete 
| 199|0x00000000ec700000, 0x00000000ec800000, 0x00000000ec800000|100%| E|CS|TAMS 0x00000000ec700000| PB 0x00000000ec700000| Complete 
| 200|0x00000000ec800000, 0x00000000ec900000, 0x00000000ec900000|100%| E|CS|TAMS 0x00000000ec800000| PB 0x00000000ec800000| Complete 
| 201|0x00000000ec900000, 0x00000000eca00000, 0x00000000eca00000|100%| E|CS|TAMS 0x00000000ec900000| PB 0x00000000ec900000| Complete 
| 202|0x00000000eca00000, 0x00000000ecb00000, 0x00000000ecb00000|100%| E|CS|TAMS 0x00000000eca00000| PB 0x00000000eca00000| Complete 
| 203|0x00000000ecb00000, 0x00000000ecc00000, 0x00000000ecc00000|100%| E|CS|TAMS 0x00000000ecb00000| PB 0x00000000ecb00000| Complete 
| 204|0x00000000ecc00000, 0x00000000ecd00000, 0x00000000ecd00000|100%| E|CS|TAMS 0x00000000ecc00000| PB 0x00000000ecc00000| Complete 
| 205|0x00000000ecd00000, 0x00000000ece00000, 0x00000000ece00000|100%| E|CS|TAMS 0x00000000ecd00000| PB 0x00000000ecd00000| Complete 
| 206|0x00000000ece00000, 0x00000000ecf00000, 0x00000000ecf00000|100%| E|CS|TAMS 0x00000000ece00000| PB 0x00000000ece00000| Complete 
| 207|0x00000000ecf00000, 0x00000000ed000000, 0x00000000ed000000|100%| E|CS|TAMS 0x00000000ecf00000| PB 0x00000000ecf00000| Complete 
| 208|0x00000000ed000000, 0x00000000ed100000, 0x00000000ed100000|100%| E|CS|TAMS 0x00000000ed000000| PB 0x00000000ed000000| Complete 
| 209|0x00000000ed100000, 0x00000000ed200000, 0x00000000ed200000|100%| E|  |TAMS 0x00000000ed100000| PB 0x00000000ed100000| Complete 
| 210|0x00000000ed200000, 0x00000000ed300000, 0x00000000ed300000|100%| E|CS|TAMS 0x00000000ed200000| PB 0x00000000ed200000| Complete 
| 211|0x00000000ed300000, 0x00000000ed400000, 0x00000000ed400000|100%| E|CS|TAMS 0x00000000ed300000| PB 0x00000000ed300000| Complete 
| 212|0x00000000ed400000, 0x00000000ed500000, 0x00000000ed500000|100%| E|CS|TAMS 0x00000000ed400000| PB 0x00000000ed400000| Complete 
| 213|0x00000000ed500000, 0x00000000ed600000, 0x00000000ed600000|100%| E|CS|TAMS 0x00000000ed500000| PB 0x00000000ed500000| Complete 
| 214|0x00000000ed600000, 0x00000000ed700000, 0x00000000ed700000|100%| E|CS|TAMS 0x00000000ed600000| PB 0x00000000ed600000| Complete 
| 215|0x00000000ed700000, 0x00000000ed800000, 0x00000000ed800000|100%| E|CS|TAMS 0x00000000ed700000| PB 0x00000000ed700000| Complete 
| 216|0x00000000ed800000, 0x00000000ed900000, 0x00000000ed900000|100%| E|CS|TAMS 0x00000000ed800000| PB 0x00000000ed800000| Complete 
| 217|0x00000000ed900000, 0x00000000eda00000, 0x00000000eda00000|100%| E|CS|TAMS 0x00000000ed900000| PB 0x00000000ed900000| Complete 
| 218|0x00000000eda00000, 0x00000000edb00000, 0x00000000edb00000|100%| E|CS|TAMS 0x00000000eda00000| PB 0x00000000eda00000| Complete 
| 219|0x00000000edb00000, 0x00000000edc00000, 0x00000000edc00000|100%| E|CS|TAMS 0x00000000edb00000| PB 0x00000000edb00000| Complete 
| 220|0x00000000edc00000, 0x00000000edd00000, 0x00000000edd00000|100%| E|CS|TAMS 0x00000000edc00000| PB 0x00000000edc00000| Complete 
| 221|0x00000000edd00000, 0x00000000ede00000, 0x00000000ede00000|100%| E|CS|TAMS 0x00000000edd00000| PB 0x00000000edd00000| Complete 
| 222|0x00000000ede00000, 0x00000000edf00000, 0x00000000edf00000|100%| E|CS|TAMS 0x00000000ede00000| PB 0x00000000ede00000| Complete 
| 223|0x00000000edf00000, 0x00000000ee000000, 0x00000000ee000000|100%| E|CS|TAMS 0x00000000edf00000| PB 0x00000000edf00000| Complete 
| 224|0x00000000ee000000, 0x00000000ee100000, 0x00000000ee100000|100%| E|CS|TAMS 0x00000000ee000000| PB 0x00000000ee000000| Complete 
| 225|0x00000000ee100000, 0x00000000ee200000, 0x00000000ee200000|100%| E|CS|TAMS 0x00000000ee100000| PB 0x00000000ee100000| Complete 
| 226|0x00000000ee200000, 0x00000000ee300000, 0x00000000ee300000|100%| E|CS|TAMS 0x00000000ee200000| PB 0x00000000ee200000| Complete 
| 227|0x00000000ee300000, 0x00000000ee400000, 0x00000000ee400000|100%| E|CS|TAMS 0x00000000ee300000| PB 0x00000000ee300000| Complete 
| 228|0x00000000ee400000, 0x00000000ee500000, 0x00000000ee500000|100%| E|CS|TAMS 0x00000000ee400000| PB 0x00000000ee400000| Complete 
| 229|0x00000000ee500000, 0x00000000ee600000, 0x00000000ee600000|100%| E|CS|TAMS 0x00000000ee500000| PB 0x00000000ee500000| Complete 
| 230|0x00000000ee600000, 0x00000000ee700000, 0x00000000ee700000|100%| E|CS|TAMS 0x00000000ee600000| PB 0x00000000ee600000| Complete 
| 231|0x00000000ee700000, 0x00000000ee800000, 0x00000000ee800000|100%| E|CS|TAMS 0x00000000ee700000| PB 0x00000000ee700000| Complete 
| 232|0x00000000ee800000, 0x00000000ee900000, 0x00000000ee900000|100%| E|CS|TAMS 0x00000000ee800000| PB 0x00000000ee800000| Complete 
| 233|0x00000000ee900000, 0x00000000eea00000, 0x00000000eea00000|100%| E|CS|TAMS 0x00000000ee900000| PB 0x00000000ee900000| Complete 
| 234|0x00000000eea00000, 0x00000000eeb00000, 0x00000000eeb00000|100%| E|CS|TAMS 0x00000000eea00000| PB 0x00000000eea00000| Complete 
| 235|0x00000000eeb00000, 0x00000000eec00000, 0x00000000eec00000|100%| E|CS|TAMS 0x00000000eeb00000| PB 0x00000000eeb00000| Complete 
| 236|0x00000000eec00000, 0x00000000eed00000, 0x00000000eed00000|100%| E|CS|TAMS 0x00000000eec00000| PB 0x00000000eec00000| Complete 
| 237|0x00000000eed00000, 0x00000000eee00000, 0x00000000eee00000|100%| E|CS|TAMS 0x00000000eed00000| PB 0x00000000eed00000| Complete 
| 238|0x00000000eee00000, 0x00000000eef00000, 0x00000000eef00000|100%| E|CS|TAMS 0x00000000eee00000| PB 0x00000000eee00000| Complete 
| 239|0x00000000eef00000, 0x00000000ef000000, 0x00000000ef000000|100%| E|CS|TAMS 0x00000000eef00000| PB 0x00000000eef00000| Complete 
| 240|0x00000000ef000000, 0x00000000ef100000, 0x00000000ef100000|100%| E|CS|TAMS 0x00000000ef000000| PB 0x00000000ef000000| Complete 
| 241|0x00000000ef100000, 0x00000000ef200000, 0x00000000ef200000|100%| E|CS|TAMS 0x00000000ef100000| PB 0x00000000ef100000| Complete 
| 242|0x00000000ef200000, 0x00000000ef300000, 0x00000000ef300000|100%| E|CS|TAMS 0x00000000ef200000| PB 0x00000000ef200000| Complete 
| 243|0x00000000ef300000, 0x00000000ef3653e8, 0x00000000ef400000| 39%| S|CS|TAMS 0x00000000ef300000| PB 0x00000000ef300000| Complete 
| 244|0x00000000ef400000, 0x00000000ef500000, 0x00000000ef500000|100%| S|CS|TAMS 0x00000000ef400000| PB 0x00000000ef400000| Complete 
| 245|0x00000000ef500000, 0x00000000ef600000, 0x00000000ef600000|100%| S|CS|TAMS 0x00000000ef500000| PB 0x00000000ef500000| Complete 
| 246|0x00000000ef600000, 0x00000000ef700000, 0x00000000ef700000|100%| S|CS|TAMS 0x00000000ef600000| PB 0x00000000ef600000| Complete 
| 247|0x00000000ef700000, 0x00000000ef800000, 0x00000000ef800000|100%| S|CS|TAMS 0x00000000ef700000| PB 0x00000000ef700000| Complete 
| 248|0x00000000ef800000, 0x00000000ef900000, 0x00000000ef900000|100%| S|CS|TAMS 0x00000000ef800000| PB 0x00000000ef800000| Complete 
| 249|0x00000000ef900000, 0x00000000efa00000, 0x00000000efa00000|100%| S|CS|TAMS 0x00000000ef900000| PB 0x00000000ef900000| Complete 
| 250|0x00000000efa00000, 0x00000000efb00000, 0x00000000efb00000|100%| S|CS|TAMS 0x00000000efa00000| PB 0x00000000efa00000| Complete 
| 251|0x00000000efb00000, 0x00000000efc00000, 0x00000000efc00000|100%| S|CS|TAMS 0x00000000efb00000| PB 0x00000000efb00000| Complete 
| 252|0x00000000efc00000, 0x00000000efd00000, 0x00000000efd00000|100%| E|CS|TAMS 0x00000000efc00000| PB 0x00000000efc00000| Complete 
| 253|0x00000000efd00000, 0x00000000efe00000, 0x00000000efe00000|100%| E|CS|TAMS 0x00000000efd00000| PB 0x00000000efd00000| Complete 
| 254|0x00000000efe00000, 0x00000000eff00000, 0x00000000eff00000|100%| E|CS|TAMS 0x00000000efe00000| PB 0x00000000efe00000| Complete 
| 255|0x00000000eff00000, 0x00000000f0000000, 0x00000000f0000000|100%| E|CS|TAMS 0x00000000eff00000| PB 0x00000000eff00000| Complete 

Card table byte_map: [0x000001e5fc450000,0x000001e5fc550000] _byte_map_base: 0x000001e5fbd50000

Marking Bits: (CMBitMap*) 0x000001e5fbd5b5e0
 Bits: [0x000001e5fc550000, 0x000001e5fcd50000)

Polling page: 0x000001e5fb500000

Metaspace:

Usage:
  Non-class:     39.82 MB used.
      Class:      6.67 MB used.
       Both:     46.50 MB used.

Virtual space:
  Non-class space:       64.00 MB reserved,      40.62 MB ( 63%) committed,  1 nodes.
      Class space:      320.00 MB reserved,       7.50 MB (  2%) committed,  1 nodes.
             Both:      384.00 MB reserved,      48.12 MB ( 13%) committed. 

Chunk freelists:
   Non-Class:  7.14 MB
       Class:  8.47 MB
        Both:  15.61 MB

MaxMetaspaceSize: 384.00 MB
CompressedClassSpaceSize: 320.00 MB
Initial GC threshold: 21.00 MB
Current GC threshold: 60.56 MB
CDS: on
 - commit_granule_bytes: 65536.
 - commit_granule_words: 8192.
 - virtual_space_node_default_size: 8388608.
 - enlarge_chunks_in_place: 1.
 - use_allocation_guard: 0.


Internal statistics:

num_allocs_failed_limit: 15.
num_arena_births: 2908.
num_arena_deaths: 0.
num_vsnodes_births: 2.
num_vsnodes_deaths: 0.
num_space_committed: 770.
num_space_uncommitted: 0.
num_chunks_returned_to_freelist: 15.
num_chunks_taken_from_freelist: 5156.
num_chunk_merges: 12.
num_chunk_splits: 3310.
num_chunks_enlarged: 1972.
num_inconsistent_stats: 0.

CodeHeap 'non-profiled nmethods': size=120000Kb used=2764Kb max_used=2764Kb free=117235Kb
 bounds [0x000001e58fe50000, 0x000001e590110000, 0x000001e597380000]
CodeHeap 'profiled nmethods': size=120000Kb used=10405Kb max_used=10405Kb free=109594Kb
 bounds [0x000001e588380000, 0x000001e588db0000, 0x000001e58f8b0000]
CodeHeap 'non-nmethods': size=5760Kb used=2726Kb max_used=2765Kb free=3033Kb
 bounds [0x000001e58f8b0000, 0x000001e58fb70000, 0x000001e58fe50000]
 total_blobs=6131 nmethods=5273 adapters=761
 compilation: enabled
              stopped_count=0, restarted_count=0
 full_count=0

Compilation events (20 events):
Event: 83.739 Thread 0x000001e5ff9f4720 5706       3       com.google.common.collect.MapMakerInternalMap$Segment::getFirst (21 bytes)
Event: 83.741 Thread 0x000001e5ff9f4720 nmethod 5706 0x000001e588d94c10 code [0x000001e588d94e80, 0x000001e588d959c0]
Event: 83.748 Thread 0x000001e5ff9f4720 5707       3       jdk.internal.misc.Unsafe::getAndSetReference (24 bytes)
Event: 83.749 Thread 0x000001e5ff9f4720 nmethod 5707 0x000001e588d95d90 code [0x000001e588d95f40, 0x000001e588d961f0]
Event: 83.749 Thread 0x000001e5ff9f4720 5708       3       com.google.common.base.Ticker$1::read (4 bytes)
Event: 83.749 Thread 0x000001e5ff9f4720 nmethod 5708 0x000001e588d96310 code [0x000001e588d964c0, 0x000001e588d965f0]
Event: 83.749 Thread 0x000001e5ff9f4720 5709       3       com.google.common.cache.LocalCache$LoadingValueReference::set (9 bytes)
Event: 83.749 Thread 0x000001e5ff9f4720 nmethod 5709 0x000001e588d96690 code [0x000001e588d96840, 0x000001e588d969f8]
Event: 83.760 Thread 0x000001e5ff9f4720 5710       3       sun.misc.Unsafe::getAndSetObject (11 bytes)
Event: 83.760 Thread 0x000001e5ff9f4720 nmethod 5710 0x000001e588d96b10 code [0x000001e588d96ca0, 0x000001e588d96e00]
Event: 83.764 Thread 0x000001e5ff9f4720 5711       3       java.util.Optional::get (22 bytes)
Event: 83.764 Thread 0x000001e5ff9f4720 nmethod 5711 0x000001e588d96e90 code [0x000001e588d97040, 0x000001e588d97270]
Event: 83.875 Thread 0x000001e5ff9f4720 5712       3       java.util.Optional::map (30 bytes)
Event: 83.876 Thread 0x000001e5ff9f4720 nmethod 5712 0x000001e588d97390 code [0x000001e588d975a0, 0x000001e588d97cb0]
Event: 83.880 Thread 0x000001e5ff9f4720 5714       3       org.gradle.internal.snapshot.impl.DirectorySnapshotter$DefaultExcludes$StartMatcher::test (9 bytes)
Event: 83.880 Thread 0x000001e5ff9f4720 nmethod 5714 0x000001e588d97f10 code [0x000001e588d980e0, 0x000001e588d98408]
Event: 83.880 Thread 0x000001e5ff9f4720 5715       3       java.util.ArrayDeque::pollLast (36 bytes)
Event: 83.881 Thread 0x000001e5ff9f4720 nmethod 5715 0x000001e588d98590 code [0x000001e588d98760, 0x000001e588d98b60]
Event: 83.944 Thread 0x000001e5ff9f4720 5716       3       java.lang.invoke.MethodHandles::constant (88 bytes)
Event: 83.945 Thread 0x000001e5ff9f4720 nmethod 5716 0x000001e588d98d10 code [0x000001e588d99020, 0x000001e588d99fa8]

GC Heap History (12 events):
Event: 2.350 GC heap before
{Heap before GC invocations=0 (full 0):
 garbage-first heap   total 262144K, used 26624K [0x00000000e0000000, 0x0000000100000000)
  region size 1024K, 23 young (23552K), 0 survivors (0K)
 Metaspace       used 3207K, committed 3392K, reserved 393216K
  class space    used 411K, committed 448K, reserved 327680K
}
Event: 2.360 GC heap after
{Heap after GC invocations=1 (full 0):
 garbage-first heap   total 262144K, used 10359K [0x00000000e0000000, 0x0000000100000000)
  region size 1024K, 3 young (3072K), 3 survivors (3072K)
 Metaspace       used 3207K, committed 3392K, reserved 393216K
  class space    used 411K, committed 448K, reserved 327680K
}
Event: 3.549 GC heap before
{Heap before GC invocations=1 (full 0):
 garbage-first heap   total 262144K, used 39031K [0x00000000e0000000, 0x0000000100000000)
  region size 1024K, 32 young (32768K), 3 survivors (3072K)
 Metaspace       used 4123K, committed 4352K, reserved 393216K
  class space    used 501K, committed 640K, reserved 327680K
}
Event: 3.553 GC heap after
{Heap after GC invocations=2 (full 0):
 garbage-first heap   total 262144K, used 11523K [0x00000000e0000000, 0x0000000100000000)
  region size 1024K, 1 young (1024K), 1 survivors (1024K)
 Metaspace       used 4123K, committed 4352K, reserved 393216K
  class space    used 501K, committed 640K, reserved 327680K
}
Event: 11.054 GC heap before
{Heap before GC invocations=2 (full 0):
 garbage-first heap   total 262144K, used 118019K [0x00000000e0000000, 0x0000000100000000)
  region size 1024K, 105 young (107520K), 1 survivors (1024K)
 Metaspace       used 20907K, committed 21504K, reserved 393216K
  class space    used 3049K, committed 3328K, reserved 327680K
}
Event: 11.115 GC heap after
{Heap after GC invocations=3 (full 0):
 garbage-first heap   total 262144K, used 23246K [0x00000000e0000000, 0x0000000100000000)
  region size 1024K, 13 young (13312K), 13 survivors (13312K)
 Metaspace       used 20907K, committed 21504K, reserved 393216K
  class space    used 3049K, committed 3328K, reserved 327680K
}
Event: 18.184 GC heap before
{Heap before GC invocations=4 (full 0):
 garbage-first heap   total 262144K, used 109262K [0x00000000e0000000, 0x0000000100000000)
  region size 1024K, 99 young (101376K), 13 survivors (13312K)
 Metaspace       used 34764K, committed 35968K, reserved 393216K
  class space    used 5006K, committed 5632K, reserved 327680K
}
Event: 18.201 GC heap after
{Heap after GC invocations=5 (full 0):
 garbage-first heap   total 262144K, used 30692K [0x00000000e0000000, 0x0000000100000000)
  region size 1024K, 8 young (8192K), 8 survivors (8192K)
 Metaspace       used 34764K, committed 35968K, reserved 393216K
  class space    used 5006K, committed 5632K, reserved 327680K
}
Event: 18.741 GC heap before
{Heap before GC invocations=5 (full 0):
 garbage-first heap   total 262144K, used 51172K [0x00000000e0000000, 0x0000000100000000)
  region size 1024K, 29 young (29696K), 8 survivors (8192K)
 Metaspace       used 35065K, committed 36288K, reserved 393216K
  class space    used 5043K, committed 5696K, reserved 327680K
}
Event: 18.754 GC heap after
{Heap after GC invocations=6 (full 0):
 garbage-first heap   total 262144K, used 31799K [0x00000000e0000000, 0x0000000100000000)
  region size 1024K, 8 young (8192K), 8 survivors (8192K)
 Metaspace       used 35065K, committed 36288K, reserved 393216K
  class space    used 5043K, committed 5696K, reserved 327680K
}
Event: 18.873 GC heap before
{Heap before GC invocations=6 (full 0):
 garbage-first heap   total 262144K, used 39991K [0x00000000e0000000, 0x0000000100000000)
  region size 1024K, 12 young (12288K), 8 survivors (8192K)
 Metaspace       used 35351K, committed 36608K, reserved 393216K
  class space    used 5057K, committed 5696K, reserved 327680K
}
Event: 18.886 GC heap after
{Heap after GC invocations=7 (full 0):
 garbage-first heap   total 262144K, used 34341K [0x00000000e0000000, 0x0000000100000000)
  region size 1024K, 9 young (9216K), 9 survivors (9216K)
 Metaspace       used 35351K, committed 36608K, reserved 393216K
  class space    used 5057K, committed 5696K, reserved 327680K
}

Dll operation events (15 events):
Event: 0.013 Loaded shared library C:\Users\Admin\.jdks\openjdk-21.0.1\bin\java.dll
Event: 0.073 Loaded shared library C:\Users\Admin\.jdks\openjdk-21.0.1\bin\jsvml.dll
Event: 0.169 Loaded shared library C:\Users\Admin\.jdks\openjdk-21.0.1\bin\zip.dll
Event: 0.177 Loaded shared library C:\Users\Admin\.jdks\openjdk-21.0.1\bin\instrument.dll
Event: 0.192 Loaded shared library C:\Users\Admin\.jdks\openjdk-21.0.1\bin\net.dll
Event: 0.196 Loaded shared library C:\Users\Admin\.jdks\openjdk-21.0.1\bin\nio.dll
Event: 0.211 Loaded shared library C:\Users\Admin\.jdks\openjdk-21.0.1\bin\zip.dll
Event: 1.168 Loaded shared library C:\Users\Admin\.jdks\openjdk-21.0.1\bin\jimage.dll
Event: 1.326 Loaded shared library C:\Users\Admin\.jdks\openjdk-21.0.1\bin\verify.dll
Event: 1.912 Loaded shared library C:\Users\Admin\.gradle\native\c067742578af261105cb4f569cf0c3c89f3d7b1fecec35dd04571415982c5e48\windows-amd64\native-platform.dll
Event: 1.924 Loaded shared library C:\Users\Admin\.gradle\native\38dada09dfb8b06ba9b0570ebf7e218e3eb74d4ef43ca46872605cf95ebc2f47\windows-amd64\native-platform-file-events.dll
Event: 4.820 Loaded shared library C:\Users\Admin\.jdks\openjdk-21.0.1\bin\management.dll
Event: 4.826 Loaded shared library C:\Users\Admin\.jdks\openjdk-21.0.1\bin\management_ext.dll
Event: 5.423 Loaded shared library C:\Users\Admin\.jdks\openjdk-21.0.1\bin\extnet.dll
Event: 5.645 Loaded shared library C:\Users\Admin\.jdks\openjdk-21.0.1\bin\sunmscapi.dll

Deoptimization events (20 events):
Event: 76.883 Thread 0x000001e5b1b78130 Uncommon trap: trap_request=0xffffff45 fr.pc=0x000001e58ff448ac relative=0x000000000000016c
Event: 76.883 Thread 0x000001e5b1b78e50 Uncommon trap: trap_request=0xffffff45 fr.pc=0x000001e58ff448ac relative=0x000000000000016c
Event: 76.883 Thread 0x000001e5b1b78130 Uncommon trap: reason=unstable_if action=reinterpret pc=0x000001e58ff448ac method=java.util.concurrent.ConcurrentHashMap.addCount(JI)V @ 34 c2
Event: 76.883 Thread 0x000001e5b1b78e50 Uncommon trap: reason=unstable_if action=reinterpret pc=0x000001e58ff448ac method=java.util.concurrent.ConcurrentHashMap.addCount(JI)V @ 34 c2
Event: 76.883 Thread 0x000001e5b4259d80 Uncommon trap: trap_request=0xffffff45 fr.pc=0x000001e58ff448ac relative=0x000000000000016c
Event: 76.883 Thread 0x000001e5b4259d80 Uncommon trap: reason=unstable_if action=reinterpret pc=0x000001e58ff448ac method=java.util.concurrent.ConcurrentHashMap.addCount(JI)V @ 34 c2
Event: 76.883 Thread 0x000001e5b1b78130 DEOPT PACKING pc=0x000001e58ff448ac sp=0x000000424bafd9f0
Event: 76.883 Thread 0x000001e5b1b78e50 DEOPT PACKING pc=0x000001e58ff448ac sp=0x000000424bbfdff0
Event: 76.883 Thread 0x000001e5b1b78130 DEOPT UNPACKING pc=0x000001e58f9046a2 sp=0x000000424bafd930 mode 2
Event: 76.883 Thread 0x000001e5b4259d80 DEOPT PACKING pc=0x000001e58ff448ac sp=0x000000424befde70
Event: 76.883 Thread 0x000001e5b1b78e50 DEOPT UNPACKING pc=0x000001e58f9046a2 sp=0x000000424bbfdf30 mode 2
Event: 76.883 Thread 0x000001e5b4259d80 DEOPT UNPACKING pc=0x000001e58f9046a2 sp=0x000000424befddb0 mode 2
Event: 77.388 Thread 0x000001e5b425df20 Uncommon trap: trap_request=0xffffff45 fr.pc=0x000001e5900097e4 relative=0x0000000000000224
Event: 77.388 Thread 0x000001e5b425df20 Uncommon trap: reason=unstable_if action=reinterpret pc=0x000001e5900097e4 method=java.lang.invoke.MethodType.equals(Ljava/lang/Object;)Z @ 11 c2
Event: 77.388 Thread 0x000001e5b425df20 DEOPT PACKING pc=0x000001e5900097e4 sp=0x000000424bdfcd00
Event: 77.389 Thread 0x000001e5b425df20 DEOPT UNPACKING pc=0x000001e58f9046a2 sp=0x000000424bdfccc8 mode 2
Event: 77.389 Thread 0x000001e5b425df20 Uncommon trap: trap_request=0xffffff54 fr.pc=0x000001e58ffbcefc relative=0x000000000000439c
Event: 77.389 Thread 0x000001e5b425df20 Uncommon trap: reason=speculate_null_assert action=make_not_entrant pc=0x000001e58ffbcefc method=java.lang.invoke.MethodType$ConcurrentWeakInternSet.add(Ljava/lang/Object;)Ljava/lang/Object; @ 47 c2
Event: 77.389 Thread 0x000001e5b425df20 DEOPT PACKING pc=0x000001e58ffbcefc sp=0x000000424bdfcef0
Event: 77.389 Thread 0x000001e5b425df20 DEOPT UNPACKING pc=0x000001e58f9046a2 sp=0x000000424bdfce98 mode 2

Classes loaded (20 events):
Event: 25.728 Loading class java/security/cert/CertificateException done
Event: 25.728 Loading class java/security/cert/CertificateParsingException done
Event: 25.728 Loading class javax/naming/NamingException
Event: 25.728 Loading class javax/naming/NamingException done
Event: 25.728 Loading class javax/naming/InvalidNameException
Event: 25.728 Loading class javax/naming/InvalidNameException done
Event: 64.146 Loading class java/util/function/IntBinaryOperator
Event: 64.148 Loading class java/util/function/IntBinaryOperator done
Event: 64.590 Loading class java/lang/invoke/BoundMethodHandle$Species_LLLLLLLLLLLLLLLLLLLLLLLLLL
Event: 64.590 Loading class java/lang/invoke/BoundMethodHandle$Species_LLLLLLLLLLLLLLLLLLLLLLLLLL done
Event: 64.886 Loading class java/io/DeleteOnExitHook
Event: 64.887 Loading class java/io/DeleteOnExitHook done
Event: 64.887 Loading class java/io/DeleteOnExitHook$1
Event: 64.887 Loading class java/io/DeleteOnExitHook$1 done
Event: 67.938 Loading class java/util/LinkedList$LLSpliterator
Event: 67.950 Loading class java/util/LinkedList$LLSpliterator done
Event: 75.062 Loading class sun/reflect/ReflectionFactory
Event: 75.083 Loading class sun/reflect/ReflectionFactory done
Event: 75.083 Loading class sun/reflect/ReflectionFactory$1
Event: 75.110 Loading class sun/reflect/ReflectionFactory$1 done

Classes unloaded (0 events):
No events

Classes redefined (0 events):
No events

Internal exceptions (20 events):
Event: 66.396 Thread 0x000001e5b252fda0 Exception <a 'java/lang/NoSuchMethodError'{0x00000000eae5d598}: 'void java.lang.invoke.DirectMethodHandle$Holder.invokeStatic(java.lang.Object, java.lang.Object, java.lang.Object, int, java.lang.Object)'> (0x00000000eae5d598) 
thrown [s\open\src\hotspot\share\interpreter\linkResolver.cpp, line 773]
Event: 71.347 Thread 0x000001e5b252fda0 Exception <a 'java/lang/NoSuchMethodError'{0x00000000ea957f50}: 'java.lang.Object java.lang.invoke.DirectMethodHandle$Holder.newInvokeSpecial(java.lang.Object, java.lang.Object, java.lang.Object, java.lang.Object, java.lang.Object, java.lang.Object, java.lang.Object, java.lang.Object, java.lang.Object, java.lang.Object, java.lang.Object, java.lang.Object, java.lang.Object)'> (0x00000000ea957f50) 
thrown [s\open\src\hotspot\share\interpreter\linkResolver.cpp, line 773]
Event: 71.373 Thread 0x000001e5b252fda0 Exception <a 'java/lang/NoSuchMethodError'{0x00000000ea9bec88}: 'java.lang.Object java.lang.invoke.DirectMethodHandle$Holder.invokeSpecial(java.lang.Object, java.lang.Object, java.lang.Object, java.lang.Object, int, java.lang.Object)'> (0x00000000ea9bec88) 
thrown [s\open\src\hotspot\share\interpreter\linkResolver.cpp, line 773]
Event: 71.374 Thread 0x000001e5b252fda0 Exception <a 'java/lang/NoSuchMethodError'{0x00000000ea9c69f8}: 'java.lang.Object java.lang.invoke.DirectMethodHandle$Holder.newInvokeSpecial(java.lang.Object, java.lang.Object, java.lang.Object, java.lang.Object, int)'> (0x00000000ea9c69f8) 
thrown [s\open\src\hotspot\share\interpreter\linkResolver.cpp, line 773]
Event: 71.375 Thread 0x000001e5b252fda0 Exception <a 'java/lang/NoSuchMethodError'{0x00000000ea9cb598}: 'java.lang.Object java.lang.invoke.DirectMethodHandle$Holder.invokeSpecial(java.lang.Object, java.lang.Object, java.lang.Object, java.lang.Object, java.lang.Object, int)'> (0x00000000ea9cb598) 
thrown [s\open\src\hotspot\share\interpreter\linkResolver.cpp, line 773]
Event: 71.376 Thread 0x000001e5b252fda0 Exception <a 'java/lang/NoSuchMethodError'{0x00000000ea9cfa88}: 'java.lang.Object java.lang.invoke.Invokers$Holder.linkToTargetMethod(java.lang.Object, java.lang.Object, java.lang.Object, int, java.lang.Object)'> (0x00000000ea9cfa88) 
thrown [s\open\src\hotspot\share\interpreter\linkResolver.cpp, line 773]
Event: 71.545 Thread 0x000001e5b252fda0 Exception <a 'java/lang/NoSuchMethodError'{0x00000000ea792a38}: 'int java.lang.invoke.DirectMethodHandle$Holder.invokeInterface(java.lang.Object, java.lang.Object, java.lang.Object, java.lang.Object)'> (0x00000000ea792a38) 
thrown [s\open\src\hotspot\share\interpreter\linkResolver.cpp, line 773]
Event: 71.712 Thread 0x000001e5b252fda0 Exception <a 'java/lang/NoSuchMethodError'{0x00000000ea5c6ee0}: 'java.lang.Object java.lang.invoke.DirectMethodHandle$Holder.invokeSpecial(java.lang.Object, java.lang.Object, java.lang.Object, java.lang.Object, java.lang.Object, java.lang.Object, java.lang.Object, java.lang.Object, java.lang.Object, java.lang.Object, java.lang.Object, java.lang.Object, java.lang.Object, java.lang.Object, java.lang.Object, java.lang.Object, java.lang.Object, java.lang.Object, java.lang.Object, java.lang.Object, java.lang.Ob
Event: 71.712 Thread 0x000001e5b252fda0 Exception <a 'java/lang/NoSuchMethodError'{0x00000000ea5cd2d0}: 'java.lang.Object java.lang.invoke.DelegatingMethodHandle$Holder.reinvoke_L(java.lang.Object, java.lang.Object, java.lang.Object, java.lang.Object, java.lang.Object, java.lang.Object, java.lang.Object, java.lang.Object, java.lang.Object, java.lang.Object, java.lang.Object, java.lang.Object, java.lang.Object, java.lang.Object, java.lang.Object, java.lang.Object, java.lang.Object, java.lang.Object, java.lang.Object, java.lang.Object, java.lang.O
Event: 71.713 Thread 0x000001e5b252fda0 Exception <a 'java/lang/NoSuchMethodError'{0x00000000ea5d9230}: 'java.lang.Object java.lang.invoke.DirectMethodHandle$Holder.invokeSpecial(java.lang.Object, java.lang.Object, java.lang.Object, java.lang.Object, java.lang.Object, java.lang.Object, java.lang.Object, java.lang.Object, java.lang.Object, java.lang.Object, java.lang.Object, java.lang.Object, java.lang.Object, java.lang.Object, java.lang.Object, java.lang.Object, java.lang.Object, java.lang.Object, java.lang.Object, java.lang.Object, java.lang.Ob
Event: 71.713 Thread 0x000001e5b252fda0 Exception <a 'java/lang/NoSuchMethodError'{0x00000000ea5df440}: 'java.lang.Object java.lang.invoke.Invokers$Holder.invoker(java.lang.Object, java.lang.Object, java.lang.Object, java.lang.Object, java.lang.Object, java.lang.Object, java.lang.Object, java.lang.Object, java.lang.Object, java.lang.Object, java.lang.Object, java.lang.Object, java.lang.Object, java.lang.Object, java.lang.Object, java.lang.Object, java.lang.Object, java.lang.Object, java.lang.Object, java.lang.Object, java.lang.Object, java.lang.
Event: 71.714 Thread 0x000001e5b252fda0 Exception <a 'java/lang/NoSuchMethodError'{0x00000000ea5e6030}: 'java.lang.Object java.lang.invoke.DelegatingMethodHandle$Holder.delegate(java.lang.Object, java.lang.Object, java.lang.Object, java.lang.Object, java.lang.Object, java.lang.Object, java.lang.Object, java.lang.Object, java.lang.Object, java.lang.Object, java.lang.Object, java.lang.Object, java.lang.Object, java.lang.Object, java.lang.Object, java.lang.Object, java.lang.Object, java.lang.Object, java.lang.Object, java.lang.Object, java.lang.Obj
Event: 75.431 Thread 0x000001e5b252fda0 Exception <a 'java/lang/NoSuchMethodError'{0x00000000e9dedd08}: 'java.lang.Object java.lang.invoke.DirectMethodHandle$Holder.newInvokeSpecial(java.lang.Object, java.lang.Object, java.lang.Object, java.lang.Object, int, java.lang.Object)'> (0x00000000e9dedd08) 
thrown [s\open\src\hotspot\share\interpreter\linkResolver.cpp, line 773]
Event: 75.433 Thread 0x000001e5b252fda0 Exception <a 'java/lang/NoSuchMethodError'{0x00000000e9df2d38}: 'java.lang.Object java.lang.invoke.Invokers$Holder.linkToTargetMethod(java.lang.Object, java.lang.Object, java.lang.Object, int, java.lang.Object, java.lang.Object)'> (0x00000000e9df2d38) 
thrown [s\open\src\hotspot\share\interpreter\linkResolver.cpp, line 773]
Event: 75.788 Thread 0x000001e5b252fda0 Exception <a 'java/lang/IncompatibleClassChangeError'{0x00000000e988e390}: Found class java.lang.Object, but interface was expected> (0x00000000e988e390) 
thrown [s\open\src\hotspot\share\interpreter\linkResolver.cpp, line 840]
Event: 83.736 Thread 0x000001e5b1b7d680 Exception <a 'java/lang/NoSuchMethodError'{0x00000000e9a175d8}: 'java.lang.Object java.lang.invoke.DirectMethodHandle$Holder.invokeVirtual(java.lang.Object, java.lang.Object, int)'> (0x00000000e9a175d8) 
thrown [s\open\src\hotspot\share\interpreter\linkResolver.cpp, line 773]
Event: 83.736 Thread 0x000001e5b1b77410 Exception <a 'java/lang/NoSuchMethodError'{0x00000000e9a71790}: 'java.lang.Object java.lang.invoke.DirectMethodHandle$Holder.invokeVirtual(java.lang.Object, java.lang.Object, int)'> (0x00000000e9a71790) 
thrown [s\open\src\hotspot\share\interpreter\linkResolver.cpp, line 773]
Event: 83.736 Thread 0x000001e5b1b766f0 Exception <a 'java/lang/NoSuchMethodError'{0x00000000e9438ba8}: 'java.lang.Object java.lang.invoke.DirectMethodHandle$Holder.invokeVirtual(java.lang.Object, java.lang.Object, int)'> (0x00000000e9438ba8) 
thrown [s\open\src\hotspot\share\interpreter\linkResolver.cpp, line 773]
Event: 83.736 Thread 0x000001e5b1b78e50 Exception <a 'java/lang/NoSuchMethodError'{0x00000000e9912fe8}: 'java.lang.Object java.lang.invoke.DirectMethodHandle$Holder.invokeVirtual(java.lang.Object, java.lang.Object, int)'> (0x00000000e9912fe8) 
thrown [s\open\src\hotspot\share\interpreter\linkResolver.cpp, line 773]
Event: 83.739 Thread 0x000001e5b425df20 Exception <a 'java/lang/NoSuchMethodError'{0x00000000e9b7a168}: 'java.lang.Object java.lang.invoke.DirectMethodHandle$Holder.invokeVirtual(java.lang.Object, java.lang.Object, int)'> (0x00000000e9b7a168) 
thrown [s\open\src\hotspot\share\interpreter\linkResolver.cpp, line 773]

ZGC Phase Switch (0 events):
No events

VM Operations (20 events):
Event: 73.546 Executing VM operation: Cleanup
Event: 73.563 Executing VM operation: Cleanup done
Event: 74.564 Executing VM operation: Cleanup
Event: 74.564 Executing VM operation: Cleanup done
Event: 75.426 Executing VM operation: HandshakeAllThreads (Deoptimize)
Event: 75.426 Executing VM operation: HandshakeAllThreads (Deoptimize) done
Event: 75.462 Executing VM operation: HandshakeAllThreads (Deoptimize)
Event: 75.463 Executing VM operation: HandshakeAllThreads (Deoptimize) done
Event: 76.469 Executing VM operation: Cleanup
Event: 76.469 Executing VM operation: Cleanup done
Event: 77.472 Executing VM operation: Cleanup
Event: 77.473 Executing VM operation: Cleanup done
Event: 78.485 Executing VM operation: Cleanup
Event: 78.485 Executing VM operation: Cleanup done
Event: 79.497 Executing VM operation: Cleanup
Event: 79.497 Executing VM operation: Cleanup done
Event: 82.523 Executing VM operation: Cleanup
Event: 82.523 Executing VM operation: Cleanup done
Event: 83.525 Executing VM operation: Cleanup
Event: 83.572 Executing VM operation: Cleanup done

Events (20 events):
Event: 20.544 Thread 0x000001e5b1b76060 Thread added: 0x000001e5b1b76060
Event: 20.757 Thread 0x000001e5b1b76d80 Thread added: 0x000001e5b1b76d80
Event: 20.825 Thread 0x000001e5b1b7c2d0 Thread added: 0x000001e5b1b7c2d0
Event: 20.886 Thread 0x000001e5b1b7c2d0 Thread exited: 0x000001e5b1b7c2d0
Event: 21.261 Thread 0x000001e5b1b7a890 Thread added: 0x000001e5b1b7a890
Event: 21.755 Thread 0x000001e5b1b794e0 Thread added: 0x000001e5b1b794e0
Event: 63.290 Thread 0x000001e5b1b7bc40 Thread added: 0x000001e5b1b7bc40
Event: 71.693 Thread 0x000001e5b1b7cff0 Thread added: 0x000001e5b1b7cff0
Event: 75.548 Thread 0x000001e5b1b7c960 Thread added: 0x000001e5b1b7c960
Event: 75.550 Thread 0x000001e5b1b7d680 Thread added: 0x000001e5b1b7d680
Event: 75.551 Thread 0x000001e5b1b766f0 Thread added: 0x000001e5b1b766f0
Event: 75.552 Thread 0x000001e5b1b77410 Thread added: 0x000001e5b1b77410
Event: 75.554 Thread 0x000001e5b1b77aa0 Thread added: 0x000001e5b1b77aa0
Event: 75.554 Thread 0x000001e5b1b78130 Thread added: 0x000001e5b1b78130
Event: 75.555 Thread 0x000001e5b1b78e50 Thread added: 0x000001e5b1b78e50
Event: 75.556 Thread 0x000001e5b425c4e0 Thread added: 0x000001e5b425c4e0
Event: 75.556 Thread 0x000001e5b425df20 Thread added: 0x000001e5b425df20
Event: 75.557 Thread 0x000001e5b4259d80 Thread added: 0x000001e5b4259d80
Event: 75.557 Thread 0x000001e5b425e5b0 Thread added: 0x000001e5b425e5b0
Event: 80.925 Thread 0x000001e5b1b76d80 Thread exited: 0x000001e5b1b76d80


Dynamic libraries:
0x00007ff798830000 - 0x00007ff79883e000 	C:\Users\Admin\.jdks\openjdk-21.0.1\bin\java.exe
0x00007ffbf05d0000 - 0x00007ffbf07c8000 	C:\Windows\SYSTEM32\ntdll.dll
0x00007ffbefb90000 - 0x00007ffbefc4d000 	C:\Windows\System32\KERNEL32.DLL
0x00007ffbee0a0000 - 0x00007ffbee396000 	C:\Windows\System32\KERNELBASE.dll
0x00007ffbedc80000 - 0x00007ffbedd80000 	C:\Windows\System32\ucrtbase.dll
0x00007ffbe8370000 - 0x00007ffbe8388000 	C:\Users\Admin\.jdks\openjdk-21.0.1\bin\jli.dll
0x00007ffbe7be0000 - 0x00007ffbe7bfb000 	C:\Users\Admin\.jdks\openjdk-21.0.1\bin\VCRUNTIME140.dll
0x00007ffbee600000 - 0x00007ffbee79e000 	C:\Windows\System32\USER32.dll
0x00007ffbee5d0000 - 0x00007ffbee5f2000 	C:\Windows\System32\win32u.dll
0x00007ffbeed70000 - 0x00007ffbeed9b000 	C:\Windows\System32\GDI32.dll
0x00007ffbee410000 - 0x00007ffbee527000 	C:\Windows\System32\gdi32full.dll
0x00007ffbdd830000 - 0x00007ffbddaca000 	C:\Windows\WinSxS\amd64_microsoft.windows.common-controls_6595b64144ccf1df_6.0.19041.3636_none_60b6a03d71f818d5\COMCTL32.dll
0x00007ffbee530000 - 0x00007ffbee5cd000 	C:\Windows\System32\msvcp_win.dll
0x00007ffbef730000 - 0x00007ffbef7ce000 	C:\Windows\System32\msvcrt.dll
0x00007ffbefc50000 - 0x00007ffbefc82000 	C:\Windows\System32\IMM32.DLL
0x00007ffbe8ee0000 - 0x00007ffbe8eec000 	C:\Users\Admin\.jdks\openjdk-21.0.1\bin\vcruntime140_1.dll
0x00007ffbe6270000 - 0x00007ffbe62fe000 	C:\Users\Admin\.jdks\openjdk-21.0.1\bin\msvcp140.dll
0x00007ffb8b750000 - 0x00007ffb8c465000 	C:\Users\Admin\.jdks\openjdk-21.0.1\bin\server\jvm.dll
0x00007ffbee940000 - 0x00007ffbee9f0000 	C:\Windows\System32\ADVAPI32.dll
0x00007ffbef7d0000 - 0x00007ffbef870000 	C:\Windows\System32\sechost.dll
0x00007ffbef570000 - 0x00007ffbef695000 	C:\Windows\System32\RPCRT4.dll
0x00007ffbee070000 - 0x00007ffbee097000 	C:\Windows\System32\bcrypt.dll
0x00007ffbf0520000 - 0x00007ffbf058b000 	C:\Windows\System32\WS2_32.dll
0x00007ffbed220000 - 0x00007ffbed26b000 	C:\Windows\SYSTEM32\POWRPROF.dll
0x00007ffbe5590000 - 0x00007ffbe559a000 	C:\Windows\SYSTEM32\VERSION.dll
0x00007ffbe4680000 - 0x00007ffbe46a7000 	C:\Windows\SYSTEM32\WINMM.dll
0x00007ffbed090000 - 0x00007ffbed0a2000 	C:\Windows\SYSTEM32\UMPDC.dll
0x00007ffbebb30000 - 0x00007ffbebb42000 	C:\Windows\SYSTEM32\kernel.appcore.dll
0x00007ffbe84b0000 - 0x00007ffbe84ba000 	C:\Users\Admin\.jdks\openjdk-21.0.1\bin\jimage.dll
0x00007ffbe3350000 - 0x00007ffbe3534000 	C:\Windows\SYSTEM32\DBGHELP.DLL
0x00007ffbdb080000 - 0x00007ffbdb0b4000 	C:\Windows\SYSTEM32\dbgcore.DLL
0x00007ffbedfe0000 - 0x00007ffbee062000 	C:\Windows\System32\bcryptPrimitives.dll
0x00007ffbe8460000 - 0x00007ffbe846f000 	C:\Users\Admin\.jdks\openjdk-21.0.1\bin\instrument.dll
0x00007ffbe63a0000 - 0x00007ffbe63bf000 	C:\Users\Admin\.jdks\openjdk-21.0.1\bin\java.dll
0x00007ffbeeda0000 - 0x00007ffbef50b000 	C:\Windows\System32\SHELL32.dll
0x00007ffbebd30000 - 0x00007ffbec4ce000 	C:\Windows\SYSTEM32\windows.storage.dll
0x00007ffbeea10000 - 0x00007ffbeed63000 	C:\Windows\System32\combase.dll
0x00007ffbed6b0000 - 0x00007ffbed6de000 	C:\Windows\SYSTEM32\Wldp.dll
0x00007ffbf03e0000 - 0x00007ffbf04ad000 	C:\Windows\System32\OLEAUT32.dll
0x00007ffbefc90000 - 0x00007ffbefd3d000 	C:\Windows\System32\SHCORE.dll
0x00007ffbee8c0000 - 0x00007ffbee915000 	C:\Windows\System32\shlwapi.dll
0x00007ffbedbb0000 - 0x00007ffbedbd5000 	C:\Windows\SYSTEM32\profapi.dll
0x00007ffbdadf0000 - 0x00007ffbdaec7000 	C:\Users\Admin\.jdks\openjdk-21.0.1\bin\jsvml.dll
0x00007ffbe6380000 - 0x00007ffbe6398000 	C:\Users\Admin\.jdks\openjdk-21.0.1\bin\zip.dll
0x00007ffbe8410000 - 0x00007ffbe8420000 	C:\Users\Admin\.jdks\openjdk-21.0.1\bin\net.dll
0x00007ffbe6910000 - 0x00007ffbe6a1a000 	C:\Windows\SYSTEM32\WINHTTP.dll
0x00007ffbed410000 - 0x00007ffbed47a000 	C:\Windows\system32\mswsock.dll
0x00007ffbe6360000 - 0x00007ffbe6376000 	C:\Users\Admin\.jdks\openjdk-21.0.1\bin\nio.dll
0x00007ffbe8290000 - 0x00007ffbe82a0000 	C:\Users\Admin\.jdks\openjdk-21.0.1\bin\verify.dll
0x00007ffbdcee0000 - 0x00007ffbdcf07000 	C:\Users\Admin\.gradle\native\c067742578af261105cb4f569cf0c3c89f3d7b1fecec35dd04571415982c5e48\windows-amd64\native-platform.dll
0x00007ffbbdc40000 - 0x00007ffbbdd84000 	C:\Users\Admin\.gradle\native\38dada09dfb8b06ba9b0570ebf7e218e3eb74d4ef43ca46872605cf95ebc2f47\windows-amd64\native-platform-file-events.dll
0x00007ffbe7ce0000 - 0x00007ffbe7cea000 	C:\Users\Admin\.jdks\openjdk-21.0.1\bin\management.dll
0x00007ffbe6350000 - 0x00007ffbe635b000 	C:\Users\Admin\.jdks\openjdk-21.0.1\bin\management_ext.dll
0x00007ffbee920000 - 0x00007ffbee928000 	C:\Windows\System32\PSAPI.DLL
0x00007ffbed610000 - 0x00007ffbed628000 	C:\Windows\SYSTEM32\CRYPTSP.dll
0x00007ffbeccd0000 - 0x00007ffbecd04000 	C:\Windows\system32\rsaenh.dll
0x00007ffbedb30000 - 0x00007ffbedb5e000 	C:\Windows\SYSTEM32\USERENV.dll
0x00007ffbed600000 - 0x00007ffbed60c000 	C:\Windows\SYSTEM32\CRYPTBASE.dll
0x00007ffbed0b0000 - 0x00007ffbed0eb000 	C:\Windows\SYSTEM32\IPHLPAPI.DLL
0x00007ffbf0510000 - 0x00007ffbf0518000 	C:\Windows\System32\NSI.dll
0x00007ffbe6260000 - 0x00007ffbe6267000 	C:\Users\Admin\.jdks\openjdk-21.0.1\bin\extnet.dll
0x00007ffbe6250000 - 0x00007ffbe625e000 	C:\Users\Admin\.jdks\openjdk-21.0.1\bin\sunmscapi.dll
0x00007ffbedd80000 - 0x00007ffbededd000 	C:\Windows\System32\CRYPT32.dll
0x00007ffbed720000 - 0x00007ffbed748000 	C:\Windows\SYSTEM32\ncrypt.dll
0x00007ffbed6e0000 - 0x00007ffbed71b000 	C:\Windows\SYSTEM32\NTASN1.dll
0x00007ffbe6ec0000 - 0x00007ffbe6ec7000 	C:\Windows\system32\wshunix.dll

dbghelp: loaded successfully - version: 4.0.5 - missing functions: none
symbol engine: initialized successfully - sym options: 0x614 - pdb path: .;C:\Users\Admin\.jdks\openjdk-21.0.1\bin;C:\Windows\SYSTEM32;C:\Windows\WinSxS\amd64_microsoft.windows.common-controls_6595b64144ccf1df_6.0.19041.3636_none_60b6a03d71f818d5;C:\Users\Admin\.jdks\openjdk-21.0.1\bin\server;C:\Users\Admin\.gradle\native\c067742578af261105cb4f569cf0c3c89f3d7b1fecec35dd04571415982c5e48\windows-amd64;C:\Users\Admin\.gradle\native\38dada09dfb8b06ba9b0570ebf7e218e3eb74d4ef43ca46872605cf95ebc2f47\windows-amd64

VM Arguments:
jvm_args: --add-opens=java.base/java.util=ALL-UNNAMED --add-opens=java.base/java.lang=ALL-UNNAMED --add-opens=java.base/java.lang.invoke=ALL-UNNAMED --add-opens=java.prefs/java.util.prefs=ALL-UNNAMED --add-opens=java.base/java.nio.charset=ALL-UNNAMED --add-opens=java.base/java.net=ALL-UNNAMED --add-opens=java.base/java.util.concurrent.atomic=ALL-UNNAMED -XX:MaxMetaspaceSize=384m -XX:+HeapDumpOnOutOfMemoryError -Xms256m -Xmx512m -Dfile.encoding=windows-1252 -Duser.country=US -Duser.language=en -Duser.variant -javaagent:C:\Users\Admin\.gradle\wrapper\dists\gradle-8.6-bin\afr5mpiioh2wthjmwnkmdsd5w\gradle-8.6\lib\agents\gradle-instrumentation-agent-8.6.jar 
java_command: org.gradle.launcher.daemon.bootstrap.GradleDaemon 8.6
java_class_path (initial): C:\Users\Admin\.gradle\wrapper\dists\gradle-8.6-bin\afr5mpiioh2wthjmwnkmdsd5w\gradle-8.6\lib\gradle-launcher-8.6.jar
Launcher Type: SUN_STANDARD

[Global flags]
     intx CICompilerCount                          = 4                                         {product} {ergonomic}
   size_t CompressedClassSpaceSize                 = 335544320                                 {product} {ergonomic}
     uint ConcGCThreads                            = 3                                         {product} {ergonomic}
     uint G1ConcRefinementThreads                  = 10                                        {product} {ergonomic}
   size_t G1HeapRegionSize                         = 1048576                                   {product} {ergonomic}
    uintx GCDrainStackTargetSize                   = 64                                        {product} {ergonomic}
     bool HeapDumpOnOutOfMemoryError               = true                                   {manageable} {command line}
   size_t InitialHeapSize                          = 268435456                                 {product} {command line}
   size_t MarkStackSize                            = 4194304                                   {product} {ergonomic}
   size_t MaxHeapSize                              = 536870912                                 {product} {command line}
   size_t MaxMetaspaceSize                         = 402653184                                 {product} {command line}
   size_t MaxNewSize                               = 321912832                                 {product} {ergonomic}
   size_t MinHeapDeltaBytes                        = 1048576                                   {product} {ergonomic}
   size_t MinHeapSize                              = 268435456                                 {product} {command line}
    uintx NonNMethodCodeHeapSize                   = 5839372                                {pd product} {ergonomic}
    uintx NonProfiledCodeHeapSize                  = 122909434                              {pd product} {ergonomic}
    uintx ProfiledCodeHeapSize                     = 122909434                              {pd product} {ergonomic}
    uintx ReservedCodeCacheSize                    = 251658240                              {pd product} {ergonomic}
     bool SegmentedCodeCache                       = true                                      {product} {ergonomic}
   size_t SoftMaxHeapSize                          = 536870912                              {manageable} {ergonomic}
     bool UseCompressedOops                        = true                           {product lp64_product} {ergonomic}
     bool UseG1GC                                  = true                                      {product} {ergonomic}
     bool UseLargePagesIndividualAllocation        = false                                  {pd product} {ergonomic}

Logging:
Log output configuration:
 #0: stdout all=warning uptime,level,tags foldmultilines=false
 #1: stderr all=off uptime,level,tags foldmultilines=false

Environment Variables:
PATH=C:\Program Files (x86)\Common Files\Oracle\Java\javapath;C:\ProgramData\Oracle\Java\javapath;C:\Program Files\Common Files\Oracle\Java\javapath;C:\Windows\system32;C:\Windows;C:\Windows\System32\Wbem;C:\Windows\System32\WindowsPowerShell\v1.0\;C:\Windows\System32\OpenSSH\;C:\Program Files (x86)\NVIDIA Corporation\PhysX\Common;C:\Program Files (x86)\Microsoft SQL Server\160\Tools\Binn\;C:\Program Files\Microsoft SQL Server\160\Tools\Binn\;C:\Program Files\Microsoft SQL Server\Client SDK\ODBC\170\Tools\Binn\;C:\Program Files\Microsoft SQL Server\160\DTS\Binn\;C:\Program Files\Azure Data Studio\bin;C:\Program Files\Microsoft SQL Server\150\Tools\Binn\;C:\Program Files\dotnet\;C:\Program Files\MongoDB\Server\6.0\bin;C:\Program Files\Git\cmd;C:\ProgramData\chocolatey\bin;C:\Program Files\nodejs\;C:\Program Files\Cloudflare\Cloudflare WARP\;C:\Users\Admin\AppData\Local\Microsoft\WindowsApps;C:\Program Files\Azure Data Studio\bin;C:\Users\Admin\AppData\Local\Programs\Microsoft VS Code\bin;C:\Users\Admin\.dotnet\tools;C:\Program Files\JetBrains\IntelliJ IDEA Community Edition 2022.3\bin;;C:\Users\Admin\AppData\Local\GitHubDesktop\bin;C:\Users\Admin\AppData\Roaming\npm
USERNAME=Admin
OS=Windows_NT
PROCESSOR_IDENTIFIER=AMD64 Family 23 Model 96 Stepping 1, AuthenticAMD
TMP=C:\Users\Admin\AppData\Local\Temp
TEMP=C:\Users\Admin\AppData\Local\Temp




Periodic native trim disabled

---------------  S Y S T E M  ---------------

OS:
 Windows 10 , 64 bit Build 19041 (10.0.19041.3636)
OS uptime: 0 days 9:51 hours

CPU: total 12 (initial active 12) (12 cores per cpu, 2 threads per core) family 23 model 96 stepping 1 microcode 0x0, cx8, cmov, fxsr, ht, mmx, 3dnowpref, sse, sse2, sse3, ssse3, sse4a, sse4.1, sse4.2, popcnt, lzcnt, tsc, tscinvbit, avx, avx2, aes, clmul, bmi1, bmi2, adx, sha, fma, vzeroupper, clflush, clflushopt, rdtscp, rdpid, f16c
Processor Information for all 12 processors :
  Max Mhz: 3000, Current Mhz: 3000, Mhz Limit: 3000

Memory: 4k page, system-wide physical 7549M (18M free)
TotalPageFile size 28493M (AvailPageFile size 0M)
current process WorkingSet (physical memory assigned to process): 72M, peak: 279M
current process commit charge ("private bytes"): 462M, peak: 468M

vm_info: OpenJDK 64-Bit Server VM (21.0.1+12-29) for windows-amd64 JRE (21.0.1+12-29), built on 2023-10-05T13:27:09Z by "mach5one" with MS VC++ 17.1 (VS2022)

END.
